14-Sep-2016 12:31:16.691 INFO [main] org.apache.catalina.startup.VersionLoggerListener.log Server version:        Apache Tomcat/8.0.37
14-Sep-2016 12:31:16.692 INFO [main] org.apache.catalina.startup.VersionLoggerListener.log Server built:          Sep 1 2016 10:01:52 UTC
14-Sep-2016 12:31:16.692 INFO [main] org.apache.catalina.startup.VersionLoggerListener.log Server number:         8.0.37.0
14-Sep-2016 12:31:16.692 INFO [main] org.apache.catalina.startup.VersionLoggerListener.log OS Name:               Windows 7
14-Sep-2016 12:31:16.692 INFO [main] org.apache.catalina.startup.VersionLoggerListener.log OS Version:            6.1
14-Sep-2016 12:31:16.692 INFO [main] org.apache.catalina.startup.VersionLoggerListener.log Architecture:          amd64
14-Sep-2016 12:31:16.692 INFO [main] org.apache.catalina.startup.VersionLoggerListener.log Java Home:             C:\Program Files\Java\jdk1.7.0_79\jre
14-Sep-2016 12:31:16.692 INFO [main] org.apache.catalina.startup.VersionLoggerListener.log JVM Version:           1.7.0_79-b15
14-Sep-2016 12:31:16.692 INFO [main] org.apache.catalina.startup.VersionLoggerListener.log JVM Vendor:            Oracle Corporation
14-Sep-2016 12:31:16.692 INFO [main] org.apache.catalina.startup.VersionLoggerListener.log CATALINA_BASE:         C:\Users\mbernedo.REMAGEOS\Desktop\apache-tomcat-8.0.37
14-Sep-2016 12:31:16.692 INFO [main] org.apache.catalina.startup.VersionLoggerListener.log CATALINA_HOME:         C:\Users\mbernedo.REMAGEOS\Desktop\apache-tomcat-8.0.37
14-Sep-2016 12:31:16.716 INFO [main] org.apache.catalina.startup.VersionLoggerListener.log Command line argument: -Dhttp.nonProxyHosts=localhost|127.0.0.1|E-SYS01
14-Sep-2016 12:31:16.716 INFO [main] org.apache.catalina.startup.VersionLoggerListener.log Command line argument: -Djdk.tls.ephemeralDHKeySize=2048
14-Sep-2016 12:31:16.716 INFO [main] org.apache.catalina.startup.VersionLoggerListener.log Command line argument: -Djava.util.logging.config.file=C:\Users\mbernedo.REMAGEOS\Desktop\apache-tomcat-8.0.37\conf\logging.properties
14-Sep-2016 12:31:16.716 INFO [main] org.apache.catalina.startup.VersionLoggerListener.log Command line argument: -Djava.util.logging.manager=org.apache.juli.ClassLoaderLogManager
14-Sep-2016 12:31:16.717 INFO [main] org.apache.catalina.startup.VersionLoggerListener.log Command line argument: -Djava.endorsed.dirs=C:\Users\mbernedo.REMAGEOS\Desktop\apache-tomcat-8.0.37\endorsed
14-Sep-2016 12:31:16.717 INFO [main] org.apache.catalina.startup.VersionLoggerListener.log Command line argument: -Dcatalina.base=C:\Users\mbernedo.REMAGEOS\Desktop\apache-tomcat-8.0.37
14-Sep-2016 12:31:16.717 INFO [main] org.apache.catalina.startup.VersionLoggerListener.log Command line argument: -Dcatalina.home=C:\Users\mbernedo.REMAGEOS\Desktop\apache-tomcat-8.0.37
14-Sep-2016 12:31:16.717 INFO [main] org.apache.catalina.startup.VersionLoggerListener.log Command line argument: -Djava.io.tmpdir=C:\Users\mbernedo.REMAGEOS\Desktop\apache-tomcat-8.0.37\temp
14-Sep-2016 12:31:16.717 INFO [main] org.apache.catalina.core.AprLifecycleListener.lifecycleEvent Cargada la biblioteca nativa APR de Apache Tomcat 1.2.8 con la versión APR 1.5.2.
14-Sep-2016 12:31:16.717 INFO [main] org.apache.catalina.core.AprLifecycleListener.lifecycleEvent Capacidades APR: IPv6 [true], enviar fichero [true], aceptar filtros [false], aleatorio [true].
14-Sep-2016 12:31:17.242 INFO [main] org.apache.catalina.core.AprLifecycleListener.initializeSSL OpenSSL inicializado correctamente (OpenSSL 1.0.2h  3 May 2016)
14-Sep-2016 12:31:17.641 INFO [main] org.apache.coyote.AbstractProtocol.init Initializing ProtocolHandler ["http-apr-8090"]
14-Sep-2016 12:31:17.648 INFO [main] org.apache.coyote.AbstractProtocol.init Initializing ProtocolHandler ["ajp-apr-8009"]
14-Sep-2016 12:31:17.649 INFO [main] org.apache.catalina.startup.Catalina.load Initialization processed in 1587 ms
14-Sep-2016 12:31:17.709 INFO [main] org.apache.catalina.core.StandardService.startInternal Arrancando servicio Catalina
14-Sep-2016 12:31:17.709 INFO [main] org.apache.catalina.core.StandardEngine.startInternal Starting Servlet Engine: Apache Tomcat/8.0.37
14-Sep-2016 12:31:17.733 INFO [localhost-startStop-1] org.apache.catalina.startup.HostConfig.deployDescriptor Desplieque del descriptor de configuración C:\Users\mbernedo.REMAGEOS\Desktop\apache-tomcat-8.0.37\conf\Catalina\localhost\Clase05.xml
14-Sep-2016 12:31:18.673 INFO [localhost-startStop-1] org.apache.catalina.util.SessionIdGeneratorBase.createSecureRandom Creation of SecureRandom instance for session ID generation using [SHA1PRNG] took [103] milliseconds.
14-Sep-2016 12:31:18.689 INFO [localhost-startStop-1] org.apache.catalina.startup.HostConfig.deployDescriptor Deployment of configuration descriptor C:\Users\mbernedo.REMAGEOS\Desktop\apache-tomcat-8.0.37\conf\Catalina\localhost\Clase05.xml has finished in 956 ms
14-Sep-2016 12:31:18.690 INFO [localhost-startStop-1] org.apache.catalina.startup.HostConfig.deployDirectory Despliegue del directorio C:\Users\mbernedo.REMAGEOS\Desktop\apache-tomcat-8.0.37\webapps\docs de la aplicación web
14-Sep-2016 12:31:18.746 INFO [localhost-startStop-1] org.apache.catalina.startup.HostConfig.deployDirectory Deployment of web application directory C:\Users\mbernedo.REMAGEOS\Desktop\apache-tomcat-8.0.37\webapps\docs has finished in 55 ms
14-Sep-2016 12:31:18.746 INFO [localhost-startStop-1] org.apache.catalina.startup.HostConfig.deployDirectory Despliegue del directorio C:\Users\mbernedo.REMAGEOS\Desktop\apache-tomcat-8.0.37\webapps\examples de la aplicación web
14-Sep-2016 12:31:19.480 INFO [localhost-startStop-1] org.apache.catalina.startup.HostConfig.deployDirectory Deployment of web application directory C:\Users\mbernedo.REMAGEOS\Desktop\apache-tomcat-8.0.37\webapps\examples has finished in 734 ms
14-Sep-2016 12:31:19.480 INFO [localhost-startStop-1] org.apache.catalina.startup.HostConfig.deployDirectory Despliegue del directorio C:\Users\mbernedo.REMAGEOS\Desktop\apache-tomcat-8.0.37\webapps\host-manager de la aplicación web
14-Sep-2016 12:31:19.541 INFO [localhost-startStop-1] org.apache.catalina.startup.HostConfig.deployDirectory Deployment of web application directory C:\Users\mbernedo.REMAGEOS\Desktop\apache-tomcat-8.0.37\webapps\host-manager has finished in 61 ms
14-Sep-2016 12:31:19.541 INFO [localhost-startStop-1] org.apache.catalina.startup.HostConfig.deployDirectory Despliegue del directorio C:\Users\mbernedo.REMAGEOS\Desktop\apache-tomcat-8.0.37\webapps\manager de la aplicación web
14-Sep-2016 12:31:19.593 INFO [localhost-startStop-1] org.apache.catalina.startup.HostConfig.deployDirectory Deployment of web application directory C:\Users\mbernedo.REMAGEOS\Desktop\apache-tomcat-8.0.37\webapps\manager has finished in 51 ms
14-Sep-2016 12:31:19.593 INFO [localhost-startStop-1] org.apache.catalina.startup.HostConfig.deployDirectory Despliegue del directorio C:\Users\mbernedo.REMAGEOS\Desktop\apache-tomcat-8.0.37\webapps\ROOT de la aplicación web
14-Sep-2016 12:31:19.624 INFO [localhost-startStop-1] org.apache.catalina.startup.HostConfig.deployDirectory Deployment of web application directory C:\Users\mbernedo.REMAGEOS\Desktop\apache-tomcat-8.0.37\webapps\ROOT has finished in 31 ms
14-Sep-2016 12:31:19.626 INFO [main] org.apache.coyote.AbstractProtocol.start Starting ProtocolHandler ["http-apr-8090"]
14-Sep-2016 12:31:19.639 INFO [main] org.apache.coyote.AbstractProtocol.start Starting ProtocolHandler ["ajp-apr-8009"]
14-Sep-2016 12:31:19.642 INFO [main] org.apache.catalina.startup.Catalina.start Server startup in 1991 ms
14-Sep-2016 12:31:24.197 INFO [http-apr-8090-exec-10] org.apache.catalina.startup.HostConfig.deployDescriptor Desplieque del descriptor de configuración C:\Users\mbernedo.REMAGEOS\Desktop\apache-tomcat-8.0.37\conf\Catalina\localhost\Clase10.xml
14-Sep-2016 12:31:24.222 INFO [http-apr-8090-exec-10] org.apache.catalina.startup.HostConfig.deployDescriptor Deployment of configuration descriptor C:\Users\mbernedo.REMAGEOS\Desktop\apache-tomcat-8.0.37\conf\Catalina\localhost\Clase10.xml has finished in 25 ms
14-Sep-2016 12:31:24.225 INFO [http-apr-8090-exec-1] org.apache.catalina.util.LifecycleBase.start The start() method was called on component [StandardEngine[Catalina].StandardHost[localhost].StandardContext[/Clase10]] after start() had already been called. The second call will be ignored.
14-Sep-2016 12:32:42.807 INFO [http-apr-8090-exec-6] org.apache.catalina.core.StandardContext.reload Ha comenzado la recarga de Contexto [/Clase10]
14-Sep-2016 12:32:43.250 INFO [http-apr-8090-exec-6] org.apache.jasper.servlet.TldScanner.scanJars Al menos un JAR, que se ha explorado buscando TLDs, aún no contenía TLDs. Activar historial de depuración para este historiador para una completa lista de los JARs que fueron explorados y de los que nos se halló TLDs. Saltarse JARs no necesarios durante la exploración puede dar lugar a una mejora de tiempo significativa en el arranque y compilación de JSP .
14-Sep-2016 12:32:43.315 INFO [http-apr-8090-exec-6] org.apache.catalina.core.StandardContext.reload Se ha completado la recarga de este Contexto
14-Sep-2016 12:32:44.087 INFO [http-apr-8090-exec-8] org.apache.catalina.core.StandardContext.reload Ha comenzado la recarga de Contexto [/Clase10]
14-Sep-2016 12:32:44.195 INFO [http-apr-8090-exec-8] org.apache.jasper.servlet.TldScanner.scanJars Al menos un JAR, que se ha explorado buscando TLDs, aún no contenía TLDs. Activar historial de depuración para este historiador para una completa lista de los JARs que fueron explorados y de los que nos se halló TLDs. Saltarse JARs no necesarios durante la exploración puede dar lugar a una mejora de tiempo significativa en el arranque y compilación de JSP .
14-Sep-2016 12:32:44.197 INFO [http-apr-8090-exec-8] org.apache.catalina.core.StandardContext.reload Se ha completado la recarga de este Contexto
14-Sep-2016 12:32:49.748 INFO [http-apr-8090-exec-5] org.apache.catalina.core.StandardContext.reload Ha comenzado la recarga de Contexto [/Clase10]
14-Sep-2016 12:32:49.877 INFO [http-apr-8090-exec-5] org.apache.jasper.servlet.TldScanner.scanJars Al menos un JAR, que se ha explorado buscando TLDs, aún no contenía TLDs. Activar historial de depuración para este historiador para una completa lista de los JARs que fueron explorados y de los que nos se halló TLDs. Saltarse JARs no necesarios durante la exploración puede dar lugar a una mejora de tiempo significativa en el arranque y compilación de JSP .
14-Sep-2016 12:32:49.879 INFO [http-apr-8090-exec-5] org.apache.catalina.core.StandardContext.reload Se ha completado la recarga de este Contexto
14-Sep-2016 12:34:04.618 INFO [http-apr-8090-exec-5] org.apache.catalina.core.StandardContext.reload Ha comenzado la recarga de Contexto [/Clase10]
14-Sep-2016 12:34:04.621 WARNING [http-apr-8090-exec-5] org.apache.catalina.loader.WebappClassLoaderBase.clearReferencesJdbc La aplicación web [Clase10] registró el conductor JDBC [com.mysql.jdbc.Driver] pero falló al anular el registro mientras la aplicación web estaba parada. Para prevenir un fallo de memoria, se ha anulado el registro del conductor JDBC por la fuerza.
14-Sep-2016 12:34:04.722 INFO [http-apr-8090-exec-5] org.apache.jasper.servlet.TldScanner.scanJars Al menos un JAR, que se ha explorado buscando TLDs, aún no contenía TLDs. Activar historial de depuración para este historiador para una completa lista de los JARs que fueron explorados y de los que nos se halló TLDs. Saltarse JARs no necesarios durante la exploración puede dar lugar a una mejora de tiempo significativa en el arranque y compilación de JSP .
14-Sep-2016 12:34:04.725 INFO [http-apr-8090-exec-5] org.apache.catalina.core.StandardContext.reload Se ha completado la recarga de este Contexto
14-Sep-2016 12:35:08.203 INFO [http-apr-8090-exec-15] org.apache.catalina.core.StandardContext.reload Ha comenzado la recarga de Contexto [/Clase10]
14-Sep-2016 12:35:08.206 WARNING [http-apr-8090-exec-15] org.apache.catalina.loader.WebappClassLoaderBase.clearReferencesJdbc La aplicación web [Clase10] registró el conductor JDBC [com.mysql.jdbc.Driver] pero falló al anular el registro mientras la aplicación web estaba parada. Para prevenir un fallo de memoria, se ha anulado el registro del conductor JDBC por la fuerza.
14-Sep-2016 12:35:08.334 INFO [http-apr-8090-exec-15] org.apache.jasper.servlet.TldScanner.scanJars Al menos un JAR, que se ha explorado buscando TLDs, aún no contenía TLDs. Activar historial de depuración para este historiador para una completa lista de los JARs que fueron explorados y de los que nos se halló TLDs. Saltarse JARs no necesarios durante la exploración puede dar lugar a una mejora de tiempo significativa en el arranque y compilación de JSP .
14-Sep-2016 12:35:08.337 INFO [http-apr-8090-exec-15] org.apache.catalina.core.StandardContext.reload Se ha completado la recarga de este Contexto
