07-Sep-2016 10:36:34.760 INFO [main] org.apache.catalina.startup.VersionLoggerListener.log Server version:        Apache Tomcat/8.0.37
07-Sep-2016 10:36:34.760 INFO [main] org.apache.catalina.startup.VersionLoggerListener.log Server built:          Sep 1 2016 10:01:52 UTC
07-Sep-2016 10:36:34.760 INFO [main] org.apache.catalina.startup.VersionLoggerListener.log Server number:         8.0.37.0
07-Sep-2016 10:36:34.760 INFO [main] org.apache.catalina.startup.VersionLoggerListener.log OS Name:               Windows 7
07-Sep-2016 10:36:34.760 INFO [main] org.apache.catalina.startup.VersionLoggerListener.log OS Version:            6.1
07-Sep-2016 10:36:34.760 INFO [main] org.apache.catalina.startup.VersionLoggerListener.log Architecture:          amd64
07-Sep-2016 10:36:34.760 INFO [main] org.apache.catalina.startup.VersionLoggerListener.log Java Home:             C:\Program Files\Java\jdk1.7.0_79\jre
07-Sep-2016 10:36:34.760 INFO [main] org.apache.catalina.startup.VersionLoggerListener.log JVM Version:           1.7.0_79-b15
07-Sep-2016 10:36:34.760 INFO [main] org.apache.catalina.startup.VersionLoggerListener.log JVM Vendor:            Oracle Corporation
07-Sep-2016 10:36:34.760 INFO [main] org.apache.catalina.startup.VersionLoggerListener.log CATALINA_BASE:         C:\Users\mbernedo.REMAGEOS\Desktop\apache-tomcat-8.0.37
07-Sep-2016 10:36:34.760 INFO [main] org.apache.catalina.startup.VersionLoggerListener.log CATALINA_HOME:         C:\Users\mbernedo.REMAGEOS\Desktop\apache-tomcat-8.0.37
07-Sep-2016 10:36:34.760 INFO [main] org.apache.catalina.startup.VersionLoggerListener.log Command line argument: -Dhttp.nonProxyHosts=localhost|127.0.0.1|E-SYS01
07-Sep-2016 10:36:34.760 INFO [main] org.apache.catalina.startup.VersionLoggerListener.log Command line argument: -Djdk.tls.ephemeralDHKeySize=2048
07-Sep-2016 10:36:34.760 INFO [main] org.apache.catalina.startup.VersionLoggerListener.log Command line argument: -Djava.util.logging.config.file=C:\Users\mbernedo.REMAGEOS\Desktop\apache-tomcat-8.0.37\conf\logging.properties
07-Sep-2016 10:36:34.760 INFO [main] org.apache.catalina.startup.VersionLoggerListener.log Command line argument: -Djava.util.logging.manager=org.apache.juli.ClassLoaderLogManager
07-Sep-2016 10:36:34.760 INFO [main] org.apache.catalina.startup.VersionLoggerListener.log Command line argument: -Djava.endorsed.dirs=C:\Users\mbernedo.REMAGEOS\Desktop\apache-tomcat-8.0.37\endorsed
07-Sep-2016 10:36:34.760 INFO [main] org.apache.catalina.startup.VersionLoggerListener.log Command line argument: -Dcatalina.base=C:\Users\mbernedo.REMAGEOS\Desktop\apache-tomcat-8.0.37
07-Sep-2016 10:36:34.760 INFO [main] org.apache.catalina.startup.VersionLoggerListener.log Command line argument: -Dcatalina.home=C:\Users\mbernedo.REMAGEOS\Desktop\apache-tomcat-8.0.37
07-Sep-2016 10:36:34.760 INFO [main] org.apache.catalina.startup.VersionLoggerListener.log Command line argument: -Djava.io.tmpdir=C:\Users\mbernedo.REMAGEOS\Desktop\apache-tomcat-8.0.37\temp
07-Sep-2016 10:36:34.760 INFO [main] org.apache.catalina.core.AprLifecycleListener.lifecycleEvent Cargada la biblioteca nativa APR de Apache Tomcat 1.2.8 con la versión APR 1.5.2.
07-Sep-2016 10:36:34.760 INFO [main] org.apache.catalina.core.AprLifecycleListener.lifecycleEvent Capacidades APR: IPv6 [true], enviar fichero [true], aceptar filtros [false], aleatorio [true].
07-Sep-2016 10:36:35.243 INFO [main] org.apache.catalina.core.AprLifecycleListener.initializeSSL OpenSSL inicializado correctamente (OpenSSL 1.0.2h  3 May 2016)
07-Sep-2016 10:36:37.825 INFO [main] org.apache.coyote.AbstractProtocol.init Initializing ProtocolHandler ["http-apr-8080"]
07-Sep-2016 10:36:37.841 INFO [main] org.apache.coyote.AbstractProtocol.init Initializing ProtocolHandler ["ajp-apr-8009"]
07-Sep-2016 10:36:37.841 INFO [main] org.apache.catalina.startup.Catalina.load Initialization processed in 5047 ms
07-Sep-2016 10:36:38.044 INFO [main] org.apache.catalina.core.StandardService.startInternal Arrancando servicio Catalina
07-Sep-2016 10:36:38.044 INFO [main] org.apache.catalina.core.StandardEngine.startInternal Starting Servlet Engine: Apache Tomcat/8.0.37
07-Sep-2016 10:36:38.059 INFO [localhost-startStop-1] org.apache.catalina.startup.HostConfig.deployDirectory Despliegue del directorio C:\Users\mbernedo.REMAGEOS\Desktop\apache-tomcat-8.0.37\webapps\docs de la aplicación web
07-Sep-2016 10:36:39.075 INFO [localhost-startStop-1] org.apache.catalina.startup.HostConfig.deployDirectory Deployment of web application directory C:\Users\mbernedo.REMAGEOS\Desktop\apache-tomcat-8.0.37\webapps\docs has finished in 970 ms
07-Sep-2016 10:36:39.075 INFO [localhost-startStop-1] org.apache.catalina.startup.HostConfig.deployDirectory Despliegue del directorio C:\Users\mbernedo.REMAGEOS\Desktop\apache-tomcat-8.0.37\webapps\examples de la aplicación web
07-Sep-2016 10:36:39.403 INFO [localhost-startStop-1] org.apache.catalina.startup.HostConfig.deployDirectory Deployment of web application directory C:\Users\mbernedo.REMAGEOS\Desktop\apache-tomcat-8.0.37\webapps\examples has finished in 328 ms
07-Sep-2016 10:36:39.403 INFO [localhost-startStop-1] org.apache.catalina.startup.HostConfig.deployDirectory Despliegue del directorio C:\Users\mbernedo.REMAGEOS\Desktop\apache-tomcat-8.0.37\webapps\host-manager de la aplicación web
07-Sep-2016 10:36:39.420 INFO [localhost-startStop-1] org.apache.catalina.startup.HostConfig.deployDirectory Deployment of web application directory C:\Users\mbernedo.REMAGEOS\Desktop\apache-tomcat-8.0.37\webapps\host-manager has finished in 17 ms
07-Sep-2016 10:36:39.420 INFO [localhost-startStop-1] org.apache.catalina.startup.HostConfig.deployDirectory Despliegue del directorio C:\Users\mbernedo.REMAGEOS\Desktop\apache-tomcat-8.0.37\webapps\manager de la aplicación web
07-Sep-2016 10:36:39.467 INFO [localhost-startStop-1] org.apache.catalina.startup.HostConfig.deployDirectory Deployment of web application directory C:\Users\mbernedo.REMAGEOS\Desktop\apache-tomcat-8.0.37\webapps\manager has finished in 47 ms
07-Sep-2016 10:36:39.467 INFO [localhost-startStop-1] org.apache.catalina.startup.HostConfig.deployDirectory Despliegue del directorio C:\Users\mbernedo.REMAGEOS\Desktop\apache-tomcat-8.0.37\webapps\ROOT de la aplicación web
07-Sep-2016 10:36:39.561 INFO [localhost-startStop-1] org.apache.catalina.startup.HostConfig.deployDirectory Deployment of web application directory C:\Users\mbernedo.REMAGEOS\Desktop\apache-tomcat-8.0.37\webapps\ROOT has finished in 94 ms
07-Sep-2016 10:36:39.561 INFO [main] org.apache.coyote.AbstractProtocol.start Starting ProtocolHandler ["http-apr-8080"]
07-Sep-2016 10:36:39.608 INFO [main] org.apache.coyote.AbstractProtocol.start Starting ProtocolHandler ["ajp-apr-8009"]
07-Sep-2016 10:36:39.608 INFO [main] org.apache.catalina.startup.Catalina.start Server startup in 1763 ms
07-Sep-2016 10:38:51.438 INFO [main] org.apache.catalina.startup.VersionLoggerListener.log Server version:        Apache Tomcat/8.0.37
07-Sep-2016 10:38:51.438 INFO [main] org.apache.catalina.startup.VersionLoggerListener.log Server built:          Sep 1 2016 10:01:52 UTC
07-Sep-2016 10:38:51.438 INFO [main] org.apache.catalina.startup.VersionLoggerListener.log Server number:         8.0.37.0
07-Sep-2016 10:38:51.438 INFO [main] org.apache.catalina.startup.VersionLoggerListener.log OS Name:               Windows 7
07-Sep-2016 10:38:51.438 INFO [main] org.apache.catalina.startup.VersionLoggerListener.log OS Version:            6.1
07-Sep-2016 10:38:51.438 INFO [main] org.apache.catalina.startup.VersionLoggerListener.log Architecture:          amd64
07-Sep-2016 10:38:51.438 INFO [main] org.apache.catalina.startup.VersionLoggerListener.log Java Home:             C:\Program Files\Java\jdk1.7.0_79\jre
07-Sep-2016 10:38:51.438 INFO [main] org.apache.catalina.startup.VersionLoggerListener.log JVM Version:           1.7.0_79-b15
07-Sep-2016 10:38:51.438 INFO [main] org.apache.catalina.startup.VersionLoggerListener.log JVM Vendor:            Oracle Corporation
07-Sep-2016 10:38:51.438 INFO [main] org.apache.catalina.startup.VersionLoggerListener.log CATALINA_BASE:         C:\Users\mbernedo.REMAGEOS\Desktop\apache-tomcat-8.0.37
07-Sep-2016 10:38:51.438 INFO [main] org.apache.catalina.startup.VersionLoggerListener.log CATALINA_HOME:         C:\Users\mbernedo.REMAGEOS\Desktop\apache-tomcat-8.0.37
07-Sep-2016 10:38:51.438 INFO [main] org.apache.catalina.startup.VersionLoggerListener.log Command line argument: -Dhttp.nonProxyHosts=localhost|127.0.0.1|E-SYS01
07-Sep-2016 10:38:51.438 INFO [main] org.apache.catalina.startup.VersionLoggerListener.log Command line argument: -Djdk.tls.ephemeralDHKeySize=2048
07-Sep-2016 10:38:51.438 INFO [main] org.apache.catalina.startup.VersionLoggerListener.log Command line argument: -Djava.util.logging.config.file=C:\Users\mbernedo.REMAGEOS\Desktop\apache-tomcat-8.0.37\conf\logging.properties
07-Sep-2016 10:38:51.438 INFO [main] org.apache.catalina.startup.VersionLoggerListener.log Command line argument: -Djava.util.logging.manager=org.apache.juli.ClassLoaderLogManager
07-Sep-2016 10:38:51.438 INFO [main] org.apache.catalina.startup.VersionLoggerListener.log Command line argument: -Djava.endorsed.dirs=C:\Users\mbernedo.REMAGEOS\Desktop\apache-tomcat-8.0.37\endorsed
07-Sep-2016 10:38:51.438 INFO [main] org.apache.catalina.startup.VersionLoggerListener.log Command line argument: -Dcatalina.base=C:\Users\mbernedo.REMAGEOS\Desktop\apache-tomcat-8.0.37
07-Sep-2016 10:38:51.438 INFO [main] org.apache.catalina.startup.VersionLoggerListener.log Command line argument: -Dcatalina.home=C:\Users\mbernedo.REMAGEOS\Desktop\apache-tomcat-8.0.37
07-Sep-2016 10:38:51.438 INFO [main] org.apache.catalina.startup.VersionLoggerListener.log Command line argument: -Djava.io.tmpdir=C:\Users\mbernedo.REMAGEOS\Desktop\apache-tomcat-8.0.37\temp
07-Sep-2016 10:38:51.438 INFO [main] org.apache.catalina.core.AprLifecycleListener.lifecycleEvent Cargada la biblioteca nativa APR de Apache Tomcat 1.2.8 con la versión APR 1.5.2.
07-Sep-2016 10:38:51.438 INFO [main] org.apache.catalina.core.AprLifecycleListener.lifecycleEvent Capacidades APR: IPv6 [true], enviar fichero [true], aceptar filtros [false], aleatorio [true].
07-Sep-2016 10:38:51.924 INFO [main] org.apache.catalina.core.AprLifecycleListener.initializeSSL OpenSSL inicializado correctamente (OpenSSL 1.0.2h  3 May 2016)
07-Sep-2016 10:38:52.002 INFO [main] org.apache.coyote.AbstractProtocol.init Initializing ProtocolHandler ["http-apr-8090"]
07-Sep-2016 10:38:52.002 INFO [main] org.apache.coyote.AbstractProtocol.init Initializing ProtocolHandler ["ajp-apr-8009"]
07-Sep-2016 10:38:52.018 SEVERE [main] org.apache.coyote.AbstractProtocol.init Failed to initialize end point associated with ProtocolHandler ["ajp-apr-8009"]
 java.lang.Exception: Ligado de conector falló: [730048] Sólo se permite un uso de cada dirección de socket (protocolo/dirección de red/puerto)  
	at org.apache.tomcat.util.net.AprEndpoint.bind(AprEndpoint.java:471)
	at org.apache.tomcat.util.net.AbstractEndpoint.init(AbstractEndpoint.java:748)
	at org.apache.coyote.AbstractProtocol.init(AbstractProtocol.java:476)
	at org.apache.catalina.connector.Connector.initInternal(Connector.java:960)
	at org.apache.catalina.util.LifecycleBase.init(LifecycleBase.java:102)
	at org.apache.catalina.core.StandardService.initInternal(StandardService.java:568)
	at org.apache.catalina.util.LifecycleBase.init(LifecycleBase.java:102)
	at org.apache.catalina.core.StandardServer.initInternal(StandardServer.java:869)
	at org.apache.catalina.util.LifecycleBase.init(LifecycleBase.java:102)
	at org.apache.catalina.startup.Catalina.load(Catalina.java:580)
	at org.apache.catalina.startup.Catalina.load(Catalina.java:603)
	at sun.reflect.NativeMethodAccessorImpl.invoke0(Native Method)
	at sun.reflect.NativeMethodAccessorImpl.invoke(NativeMethodAccessorImpl.java:57)
	at sun.reflect.DelegatingMethodAccessorImpl.invoke(DelegatingMethodAccessorImpl.java:43)
	at java.lang.reflect.Method.invoke(Method.java:606)
	at org.apache.catalina.startup.Bootstrap.load(Bootstrap.java:310)
	at org.apache.catalina.startup.Bootstrap.main(Bootstrap.java:484)

07-Sep-2016 10:38:52.049 SEVERE [main] org.apache.catalina.core.StandardService.initInternal No pude inicializar el conector [Connector[AJP/1.3-8009]]
 org.apache.catalina.LifecycleException: Failed to initialize component [Connector[AJP/1.3-8009]]
	at org.apache.catalina.util.LifecycleBase.init(LifecycleBase.java:107)
	at org.apache.catalina.core.StandardService.initInternal(StandardService.java:568)
	at org.apache.catalina.util.LifecycleBase.init(LifecycleBase.java:102)
	at org.apache.catalina.core.StandardServer.initInternal(StandardServer.java:869)
	at org.apache.catalina.util.LifecycleBase.init(LifecycleBase.java:102)
	at org.apache.catalina.startup.Catalina.load(Catalina.java:580)
	at org.apache.catalina.startup.Catalina.load(Catalina.java:603)
	at sun.reflect.NativeMethodAccessorImpl.invoke0(Native Method)
	at sun.reflect.NativeMethodAccessorImpl.invoke(NativeMethodAccessorImpl.java:57)
	at sun.reflect.DelegatingMethodAccessorImpl.invoke(DelegatingMethodAccessorImpl.java:43)
	at java.lang.reflect.Method.invoke(Method.java:606)
	at org.apache.catalina.startup.Bootstrap.load(Bootstrap.java:310)
	at org.apache.catalina.startup.Bootstrap.main(Bootstrap.java:484)
Caused by: org.apache.catalina.LifecycleException: Falló la inicialización del manejador de protocolo
	at org.apache.catalina.connector.Connector.initInternal(Connector.java:962)
	at org.apache.catalina.util.LifecycleBase.init(LifecycleBase.java:102)
	... 12 more
Caused by: java.lang.Exception: Ligado de conector falló: [730048] Sólo se permite un uso de cada dirección de socket (protocolo/dirección de red/puerto)  
	at org.apache.tomcat.util.net.AprEndpoint.bind(AprEndpoint.java:471)
	at org.apache.tomcat.util.net.AbstractEndpoint.init(AbstractEndpoint.java:748)
	at org.apache.coyote.AbstractProtocol.init(AbstractProtocol.java:476)
	at org.apache.catalina.connector.Connector.initInternal(Connector.java:960)
	... 13 more

07-Sep-2016 10:38:52.049 INFO [main] org.apache.catalina.startup.Catalina.load Initialization processed in 892 ms
07-Sep-2016 10:38:52.064 INFO [main] org.apache.catalina.core.StandardService.startInternal Arrancando servicio Catalina
07-Sep-2016 10:38:52.064 INFO [main] org.apache.catalina.core.StandardEngine.startInternal Starting Servlet Engine: Apache Tomcat/8.0.37
07-Sep-2016 10:38:52.080 INFO [localhost-startStop-1] org.apache.catalina.startup.HostConfig.deployDirectory Despliegue del directorio C:\Users\mbernedo.REMAGEOS\Desktop\apache-tomcat-8.0.37\webapps\docs de la aplicación web
07-Sep-2016 10:38:52.393 INFO [localhost-startStop-1] org.apache.catalina.startup.HostConfig.deployDirectory Deployment of web application directory C:\Users\mbernedo.REMAGEOS\Desktop\apache-tomcat-8.0.37\webapps\docs has finished in 313 ms
07-Sep-2016 10:38:52.393 INFO [localhost-startStop-1] org.apache.catalina.startup.HostConfig.deployDirectory Despliegue del directorio C:\Users\mbernedo.REMAGEOS\Desktop\apache-tomcat-8.0.37\webapps\examples de la aplicación web
07-Sep-2016 10:38:52.627 INFO [localhost-startStop-1] org.apache.catalina.startup.HostConfig.deployDirectory Deployment of web application directory C:\Users\mbernedo.REMAGEOS\Desktop\apache-tomcat-8.0.37\webapps\examples has finished in 234 ms
07-Sep-2016 10:38:52.627 INFO [localhost-startStop-1] org.apache.catalina.startup.HostConfig.deployDirectory Despliegue del directorio C:\Users\mbernedo.REMAGEOS\Desktop\apache-tomcat-8.0.37\webapps\host-manager de la aplicación web
07-Sep-2016 10:38:52.674 INFO [localhost-startStop-1] org.apache.catalina.startup.HostConfig.deployDirectory Deployment of web application directory C:\Users\mbernedo.REMAGEOS\Desktop\apache-tomcat-8.0.37\webapps\host-manager has finished in 47 ms
07-Sep-2016 10:38:52.674 INFO [localhost-startStop-1] org.apache.catalina.startup.HostConfig.deployDirectory Despliegue del directorio C:\Users\mbernedo.REMAGEOS\Desktop\apache-tomcat-8.0.37\webapps\manager de la aplicación web
07-Sep-2016 10:38:52.689 INFO [localhost-startStop-1] org.apache.catalina.startup.HostConfig.deployDirectory Deployment of web application directory C:\Users\mbernedo.REMAGEOS\Desktop\apache-tomcat-8.0.37\webapps\manager has finished in 15 ms
07-Sep-2016 10:38:52.689 INFO [localhost-startStop-1] org.apache.catalina.startup.HostConfig.deployDirectory Despliegue del directorio C:\Users\mbernedo.REMAGEOS\Desktop\apache-tomcat-8.0.37\webapps\ROOT de la aplicación web
07-Sep-2016 10:38:52.705 INFO [localhost-startStop-1] org.apache.catalina.startup.HostConfig.deployDirectory Deployment of web application directory C:\Users\mbernedo.REMAGEOS\Desktop\apache-tomcat-8.0.37\webapps\ROOT has finished in 16 ms
07-Sep-2016 10:38:52.705 INFO [main] org.apache.coyote.AbstractProtocol.start Starting ProtocolHandler ["http-apr-8090"]
07-Sep-2016 10:38:52.767 INFO [main] org.apache.catalina.startup.Catalina.start Server startup in 714 ms
07-Sep-2016 10:42:09.001 INFO [http-apr-8090-exec-8] org.apache.catalina.startup.HostConfig.deployDescriptor Desplieque del descriptor de configuración C:\Users\mbernedo.REMAGEOS\Desktop\apache-tomcat-8.0.37\conf\Catalina\localhost\Clase05.xml
07-Sep-2016 10:42:09.035 INFO [http-apr-8090-exec-8] org.apache.catalina.startup.HostConfig.deployDescriptor Deployment of configuration descriptor C:\Users\mbernedo.REMAGEOS\Desktop\apache-tomcat-8.0.37\conf\Catalina\localhost\Clase05.xml has finished in 34 ms
07-Sep-2016 10:42:09.035 INFO [http-apr-8090-exec-9] org.apache.catalina.util.LifecycleBase.start The start() method was called on component [StandardEngine[Catalina].StandardHost[localhost].StandardContext[/Clase05]] after start() had already been called. The second call will be ignored.
07-Sep-2016 10:42:09.771 INFO [localhost-startStop-2] org.apache.catalina.startup.HostConfig.deployDescriptor Desplieque del descriptor de configuración C:\Users\mbernedo.REMAGEOS\Desktop\apache-tomcat-8.0.37\conf\Catalina\localhost\Clase05.xml
07-Sep-2016 10:42:09.795 INFO [localhost-startStop-2] org.apache.catalina.startup.HostConfig.deployDescriptor Deployment of configuration descriptor C:\Users\mbernedo.REMAGEOS\Desktop\apache-tomcat-8.0.37\conf\Catalina\localhost\Clase05.xml has finished in 24 ms
