30-Sep-2016 11:30:27.437 INFO [main] org.apache.catalina.core.StandardServer.await Se ha recibido un comando de apagado a través del puerto de apagado. Parando la instancia del Servidor.
30-Sep-2016 11:30:28.122 INFO [main] org.apache.coyote.AbstractProtocol.pause Pausing ProtocolHandler ["http-apr-8090"]
30-Sep-2016 11:30:28.544 INFO [main] org.apache.coyote.AbstractProtocol.pause Pausing ProtocolHandler ["ajp-apr-8009"]
30-Sep-2016 11:30:28.612 INFO [main] org.apache.catalina.core.StandardService.stopInternal Parando servicio Catalina
30-Sep-2016 11:30:31.781 WARNING [localhost-startStop-2] org.apache.catalina.loader.WebappClassLoaderBase.clearReferencesJdbc La aplicación web [PrograInter] registró el conductor JDBC [com.mysql.jdbc.Driver] pero falló al anular el registro mientras la aplicación web estaba parada. Para prevenir un fallo de memoria, se ha anulado el registro del conductor JDBC por la fuerza.
30-Sep-2016 11:30:32.049 INFO [main] org.apache.coyote.AbstractProtocol.stop Stopping ProtocolHandler ["http-apr-8090"]
30-Sep-2016 11:30:32.317 INFO [main] org.apache.coyote.AbstractProtocol.stop Stopping ProtocolHandler ["ajp-apr-8009"]
30-Sep-2016 11:30:32.394 INFO [main] org.apache.coyote.AbstractProtocol.destroy Destroying ProtocolHandler ["http-apr-8090"]
30-Sep-2016 11:30:32.415 INFO [main] org.apache.coyote.AbstractProtocol.destroy Destroying ProtocolHandler ["ajp-apr-8009"]
30-Sep-2016 11:30:37.959 INFO [main] org.apache.catalina.startup.VersionLoggerListener.log Server version:        Apache Tomcat/8.0.37
30-Sep-2016 11:30:37.960 INFO [main] org.apache.catalina.startup.VersionLoggerListener.log Server built:          Sep 1 2016 10:01:52 UTC
30-Sep-2016 11:30:37.960 INFO [main] org.apache.catalina.startup.VersionLoggerListener.log Server number:         8.0.37.0
30-Sep-2016 11:30:37.960 INFO [main] org.apache.catalina.startup.VersionLoggerListener.log OS Name:               Windows 7
30-Sep-2016 11:30:37.960 INFO [main] org.apache.catalina.startup.VersionLoggerListener.log OS Version:            6.1
30-Sep-2016 11:30:37.960 INFO [main] org.apache.catalina.startup.VersionLoggerListener.log Architecture:          amd64
30-Sep-2016 11:30:37.960 INFO [main] org.apache.catalina.startup.VersionLoggerListener.log Java Home:             C:\Program Files\Java\jdk1.7.0_79\jre
30-Sep-2016 11:30:37.960 INFO [main] org.apache.catalina.startup.VersionLoggerListener.log JVM Version:           1.7.0_79-b15
30-Sep-2016 11:30:37.960 INFO [main] org.apache.catalina.startup.VersionLoggerListener.log JVM Vendor:            Oracle Corporation
30-Sep-2016 11:30:37.961 INFO [main] org.apache.catalina.startup.VersionLoggerListener.log CATALINA_BASE:         C:\Users\mbernedo.REMAGEOS\Desktop\apache-tomcat-8.0.37
30-Sep-2016 11:30:37.961 INFO [main] org.apache.catalina.startup.VersionLoggerListener.log CATALINA_HOME:         C:\Users\mbernedo.REMAGEOS\Desktop\apache-tomcat-8.0.37
30-Sep-2016 11:30:37.961 INFO [main] org.apache.catalina.startup.VersionLoggerListener.log Command line argument: -Dhttp.nonProxyHosts=localhost|127.0.0.1|E-SYS01
30-Sep-2016 11:30:37.961 INFO [main] org.apache.catalina.startup.VersionLoggerListener.log Command line argument: -Djdk.tls.ephemeralDHKeySize=2048
30-Sep-2016 11:30:37.961 INFO [main] org.apache.catalina.startup.VersionLoggerListener.log Command line argument: -Djava.util.logging.config.file=C:\Users\mbernedo.REMAGEOS\Desktop\apache-tomcat-8.0.37\conf\logging.properties
30-Sep-2016 11:30:37.961 INFO [main] org.apache.catalina.startup.VersionLoggerListener.log Command line argument: -Djava.util.logging.manager=org.apache.juli.ClassLoaderLogManager
30-Sep-2016 11:30:37.961 INFO [main] org.apache.catalina.startup.VersionLoggerListener.log Command line argument: -Djava.endorsed.dirs=C:\Users\mbernedo.REMAGEOS\Desktop\apache-tomcat-8.0.37\endorsed
30-Sep-2016 11:30:37.961 INFO [main] org.apache.catalina.startup.VersionLoggerListener.log Command line argument: -Dcatalina.base=C:\Users\mbernedo.REMAGEOS\Desktop\apache-tomcat-8.0.37
30-Sep-2016 11:30:37.961 INFO [main] org.apache.catalina.startup.VersionLoggerListener.log Command line argument: -Dcatalina.home=C:\Users\mbernedo.REMAGEOS\Desktop\apache-tomcat-8.0.37
30-Sep-2016 11:30:37.961 INFO [main] org.apache.catalina.startup.VersionLoggerListener.log Command line argument: -Djava.io.tmpdir=C:\Users\mbernedo.REMAGEOS\Desktop\apache-tomcat-8.0.37\temp
30-Sep-2016 11:30:37.961 INFO [main] org.apache.catalina.core.AprLifecycleListener.lifecycleEvent Cargada la biblioteca nativa APR de Apache Tomcat 1.2.8 con la versión APR 1.5.2.
30-Sep-2016 11:30:37.961 INFO [main] org.apache.catalina.core.AprLifecycleListener.lifecycleEvent Capacidades APR: IPv6 [true], enviar fichero [true], aceptar filtros [false], aleatorio [true].
30-Sep-2016 11:30:38.545 INFO [main] org.apache.catalina.core.AprLifecycleListener.initializeSSL OpenSSL inicializado correctamente (OpenSSL 1.0.2h  3 May 2016)
30-Sep-2016 11:30:39.215 INFO [main] org.apache.coyote.AbstractProtocol.init Initializing ProtocolHandler ["http-apr-8090"]
30-Sep-2016 11:30:39.222 INFO [main] org.apache.coyote.AbstractProtocol.init Initializing ProtocolHandler ["ajp-apr-8009"]
30-Sep-2016 11:30:39.223 INFO [main] org.apache.catalina.startup.Catalina.load Initialization processed in 2215 ms
30-Sep-2016 11:30:39.339 INFO [main] org.apache.catalina.core.StandardService.startInternal Arrancando servicio Catalina
30-Sep-2016 11:30:39.339 INFO [main] org.apache.catalina.core.StandardEngine.startInternal Starting Servlet Engine: Apache Tomcat/8.0.37
30-Sep-2016 11:30:39.357 INFO [localhost-startStop-1] org.apache.catalina.startup.HostConfig.deployDescriptor Desplieque del descriptor de configuración C:\Users\mbernedo.REMAGEOS\Desktop\apache-tomcat-8.0.37\conf\Catalina\localhost\Clase10.xml
30-Sep-2016 11:30:40.391 INFO [localhost-startStop-1] org.apache.jasper.servlet.TldScanner.scanJars Al menos un JAR, que se ha explorado buscando TLDs, aún no contenía TLDs. Activar historial de depuración para este historiador para una completa lista de los JARs que fueron explorados y de los que nos se halló TLDs. Saltarse JARs no necesarios durante la exploración puede dar lugar a una mejora de tiempo significativa en el arranque y compilación de JSP .
30-Sep-2016 11:30:40.541 INFO [localhost-startStop-1] org.apache.catalina.util.SessionIdGeneratorBase.createSecureRandom Creation of SecureRandom instance for session ID generation using [SHA1PRNG] took [108] milliseconds.
30-Sep-2016 11:30:40.574 INFO [localhost-startStop-1] org.apache.catalina.startup.HostConfig.deployDescriptor Deployment of configuration descriptor C:\Users\mbernedo.REMAGEOS\Desktop\apache-tomcat-8.0.37\conf\Catalina\localhost\Clase10.xml has finished in 1.218 ms
30-Sep-2016 11:30:40.574 INFO [localhost-startStop-1] org.apache.catalina.startup.HostConfig.deployDescriptor Desplieque del descriptor de configuración C:\Users\mbernedo.REMAGEOS\Desktop\apache-tomcat-8.0.37\conf\Catalina\localhost\EjemploCrud.xml
30-Sep-2016 11:30:40.825 INFO [localhost-startStop-1] org.apache.jasper.servlet.TldScanner.scanJars Al menos un JAR, que se ha explorado buscando TLDs, aún no contenía TLDs. Activar historial de depuración para este historiador para una completa lista de los JARs que fueron explorados y de los que nos se halló TLDs. Saltarse JARs no necesarios durante la exploración puede dar lugar a una mejora de tiempo significativa en el arranque y compilación de JSP .
30-Sep-2016 11:30:40.834 INFO [localhost-startStop-1] org.apache.catalina.startup.HostConfig.deployDescriptor Deployment of configuration descriptor C:\Users\mbernedo.REMAGEOS\Desktop\apache-tomcat-8.0.37\conf\Catalina\localhost\EjemploCrud.xml has finished in 260 ms
30-Sep-2016 11:30:40.834 INFO [localhost-startStop-1] org.apache.catalina.startup.HostConfig.deployDescriptor Desplieque del descriptor de configuración C:\Users\mbernedo.REMAGEOS\Desktop\apache-tomcat-8.0.37\conf\Catalina\localhost\PrograInter.xml
30-Sep-2016 11:30:41.069 INFO [localhost-startStop-1] org.apache.jasper.servlet.TldScanner.scanJars Al menos un JAR, que se ha explorado buscando TLDs, aún no contenía TLDs. Activar historial de depuración para este historiador para una completa lista de los JARs que fueron explorados y de los que nos se halló TLDs. Saltarse JARs no necesarios durante la exploración puede dar lugar a una mejora de tiempo significativa en el arranque y compilación de JSP .
30-Sep-2016 11:30:41.071 INFO [localhost-startStop-1] org.apache.catalina.startup.HostConfig.deployDescriptor Deployment of configuration descriptor C:\Users\mbernedo.REMAGEOS\Desktop\apache-tomcat-8.0.37\conf\Catalina\localhost\PrograInter.xml has finished in 237 ms
30-Sep-2016 11:30:41.080 INFO [localhost-startStop-1] org.apache.catalina.startup.HostConfig.deployWAR Despliegue del archivo C:\Users\mbernedo.REMAGEOS\Desktop\apache-tomcat-8.0.37\webapps\CRUD-EjemploBase.war de la aplicación web
30-Sep-2016 11:30:41.259 INFO [localhost-startStop-1] org.apache.catalina.startup.HostConfig.deployWAR Deployment of web application archive C:\Users\mbernedo.REMAGEOS\Desktop\apache-tomcat-8.0.37\webapps\CRUD-EjemploBase.war has finished in 179 ms
30-Sep-2016 11:30:41.259 INFO [localhost-startStop-1] org.apache.catalina.startup.HostConfig.deployDirectory Despliegue del directorio C:\Users\mbernedo.REMAGEOS\Desktop\apache-tomcat-8.0.37\webapps\docs de la aplicación web
30-Sep-2016 11:30:41.290 INFO [localhost-startStop-1] org.apache.catalina.startup.HostConfig.deployDirectory Deployment of web application directory C:\Users\mbernedo.REMAGEOS\Desktop\apache-tomcat-8.0.37\webapps\docs has finished in 31 ms
30-Sep-2016 11:30:41.290 INFO [localhost-startStop-1] org.apache.catalina.startup.HostConfig.deployDirectory Despliegue del directorio C:\Users\mbernedo.REMAGEOS\Desktop\apache-tomcat-8.0.37\webapps\examples de la aplicación web
30-Sep-2016 11:30:41.938 INFO [localhost-startStop-1] org.apache.catalina.startup.HostConfig.deployDirectory Deployment of web application directory C:\Users\mbernedo.REMAGEOS\Desktop\apache-tomcat-8.0.37\webapps\examples has finished in 648 ms
30-Sep-2016 11:30:41.939 INFO [localhost-startStop-1] org.apache.catalina.startup.HostConfig.deployDirectory Despliegue del directorio C:\Users\mbernedo.REMAGEOS\Desktop\apache-tomcat-8.0.37\webapps\host-manager de la aplicación web
30-Sep-2016 11:30:41.980 INFO [localhost-startStop-1] org.apache.catalina.startup.HostConfig.deployDirectory Deployment of web application directory C:\Users\mbernedo.REMAGEOS\Desktop\apache-tomcat-8.0.37\webapps\host-manager has finished in 41 ms
30-Sep-2016 11:30:41.980 INFO [localhost-startStop-1] org.apache.catalina.startup.HostConfig.deployDirectory Despliegue del directorio C:\Users\mbernedo.REMAGEOS\Desktop\apache-tomcat-8.0.37\webapps\manager de la aplicación web
30-Sep-2016 11:30:42.043 INFO [localhost-startStop-1] org.apache.catalina.startup.HostConfig.deployDirectory Deployment of web application directory C:\Users\mbernedo.REMAGEOS\Desktop\apache-tomcat-8.0.37\webapps\manager has finished in 63 ms
30-Sep-2016 11:30:42.043 INFO [localhost-startStop-1] org.apache.catalina.startup.HostConfig.deployDirectory Despliegue del directorio C:\Users\mbernedo.REMAGEOS\Desktop\apache-tomcat-8.0.37\webapps\ROOT de la aplicación web
30-Sep-2016 11:30:42.066 INFO [localhost-startStop-1] org.apache.catalina.startup.HostConfig.deployDirectory Deployment of web application directory C:\Users\mbernedo.REMAGEOS\Desktop\apache-tomcat-8.0.37\webapps\ROOT has finished in 23 ms
30-Sep-2016 11:30:42.069 INFO [main] org.apache.coyote.AbstractProtocol.start Starting ProtocolHandler ["http-apr-8090"]
30-Sep-2016 11:30:42.077 INFO [main] org.apache.coyote.AbstractProtocol.start Starting ProtocolHandler ["ajp-apr-8009"]
30-Sep-2016 11:30:42.080 INFO [main] org.apache.catalina.startup.Catalina.start Server startup in 2856 ms
30-Sep-2016 11:30:58.997 INFO [http-apr-8090-exec-1] org.apache.catalina.startup.HostConfig.deployDescriptor Desplieque del descriptor de configuración C:\Users\mbernedo.REMAGEOS\Desktop\apache-tomcat-8.0.37\conf\Catalina\localhost\WebApplicationClase17.xml
30-Sep-2016 11:31:00.448 INFO [http-apr-8090-exec-1] org.apache.jasper.servlet.TldScanner.scanJars Al menos un JAR, que se ha explorado buscando TLDs, aún no contenía TLDs. Activar historial de depuración para este historiador para una completa lista de los JARs que fueron explorados y de los que nos se halló TLDs. Saltarse JARs no necesarios durante la exploración puede dar lugar a una mejora de tiempo significativa en el arranque y compilación de JSP .
30-Sep-2016 11:31:00.471 INFO [http-apr-8090-exec-1] org.apache.catalina.startup.HostConfig.deployDescriptor Deployment of configuration descriptor C:\Users\mbernedo.REMAGEOS\Desktop\apache-tomcat-8.0.37\conf\Catalina\localhost\WebApplicationClase17.xml has finished in 1.474 ms
30-Sep-2016 11:31:00.474 INFO [http-apr-8090-exec-2] org.apache.catalina.util.LifecycleBase.start The start() method was called on component [StandardEngine[Catalina].StandardHost[localhost].StandardContext[/WebApplicationClase17]] after start() had already been called. The second call will be ignored.
30-Sep-2016 11:37:29.798 INFO [http-apr-8090-exec-7] org.apache.catalina.core.StandardContext.reload Ha comenzado la recarga de Contexto [/WebApplicationClase17]
30-Sep-2016 11:37:30.963 INFO [http-apr-8090-exec-7] org.apache.jasper.servlet.TldScanner.scanJars Al menos un JAR, que se ha explorado buscando TLDs, aún no contenía TLDs. Activar historial de depuración para este historiador para una completa lista de los JARs que fueron explorados y de los que nos se halló TLDs. Saltarse JARs no necesarios durante la exploración puede dar lugar a una mejora de tiempo significativa en el arranque y compilación de JSP .
30-Sep-2016 11:37:30.985 INFO [http-apr-8090-exec-7] org.apache.catalina.core.StandardContext.reload Se ha completado la recarga de este Contexto
30-Sep-2016 11:37:43.695 INFO [http-apr-8090-exec-9] org.apache.catalina.core.StandardContext.reload Ha comenzado la recarga de Contexto [/WebApplicationClase17]
30-Sep-2016 11:37:44.739 INFO [http-apr-8090-exec-9] org.apache.jasper.servlet.TldScanner.scanJars Al menos un JAR, que se ha explorado buscando TLDs, aún no contenía TLDs. Activar historial de depuración para este historiador para una completa lista de los JARs que fueron explorados y de los que nos se halló TLDs. Saltarse JARs no necesarios durante la exploración puede dar lugar a una mejora de tiempo significativa en el arranque y compilación de JSP .
30-Sep-2016 11:37:44.759 INFO [http-apr-8090-exec-9] org.apache.catalina.core.StandardContext.reload Se ha completado la recarga de este Contexto
30-Sep-2016 11:38:17.242 INFO [main] org.apache.catalina.core.StandardServer.await Se ha recibido un comando de apagado a través del puerto de apagado. Parando la instancia del Servidor.
30-Sep-2016 11:38:17.243 INFO [main] org.apache.coyote.AbstractProtocol.pause Pausing ProtocolHandler ["http-apr-8090"]
30-Sep-2016 11:38:17.295 INFO [main] org.apache.coyote.AbstractProtocol.pause Pausing ProtocolHandler ["ajp-apr-8009"]
30-Sep-2016 11:38:17.345 INFO [main] org.apache.catalina.core.StandardService.stopInternal Parando servicio Catalina
30-Sep-2016 11:38:17.371 INFO [main] org.apache.coyote.AbstractProtocol.stop Stopping ProtocolHandler ["http-apr-8090"]
30-Sep-2016 11:38:17.438 INFO [main] org.apache.coyote.AbstractProtocol.stop Stopping ProtocolHandler ["ajp-apr-8009"]
30-Sep-2016 11:38:17.488 INFO [main] org.apache.coyote.AbstractProtocol.destroy Destroying ProtocolHandler ["http-apr-8090"]
30-Sep-2016 11:38:17.489 INFO [main] org.apache.coyote.AbstractProtocol.destroy Destroying ProtocolHandler ["ajp-apr-8009"]
30-Sep-2016 11:38:20.518 INFO [main] org.apache.catalina.startup.VersionLoggerListener.log Server version:        Apache Tomcat/8.0.37
30-Sep-2016 11:38:20.519 INFO [main] org.apache.catalina.startup.VersionLoggerListener.log Server built:          Sep 1 2016 10:01:52 UTC
30-Sep-2016 11:38:20.519 INFO [main] org.apache.catalina.startup.VersionLoggerListener.log Server number:         8.0.37.0
30-Sep-2016 11:38:20.519 INFO [main] org.apache.catalina.startup.VersionLoggerListener.log OS Name:               Windows 7
30-Sep-2016 11:38:20.519 INFO [main] org.apache.catalina.startup.VersionLoggerListener.log OS Version:            6.1
30-Sep-2016 11:38:20.519 INFO [main] org.apache.catalina.startup.VersionLoggerListener.log Architecture:          amd64
30-Sep-2016 11:38:20.519 INFO [main] org.apache.catalina.startup.VersionLoggerListener.log Java Home:             C:\Program Files\Java\jdk1.7.0_79\jre
30-Sep-2016 11:38:20.519 INFO [main] org.apache.catalina.startup.VersionLoggerListener.log JVM Version:           1.7.0_79-b15
30-Sep-2016 11:38:20.519 INFO [main] org.apache.catalina.startup.VersionLoggerListener.log JVM Vendor:            Oracle Corporation
30-Sep-2016 11:38:20.519 INFO [main] org.apache.catalina.startup.VersionLoggerListener.log CATALINA_BASE:         C:\Users\mbernedo.REMAGEOS\Desktop\apache-tomcat-8.0.37
30-Sep-2016 11:38:20.519 INFO [main] org.apache.catalina.startup.VersionLoggerListener.log CATALINA_HOME:         C:\Users\mbernedo.REMAGEOS\Desktop\apache-tomcat-8.0.37
30-Sep-2016 11:38:20.519 INFO [main] org.apache.catalina.startup.VersionLoggerListener.log Command line argument: -Dhttp.nonProxyHosts=localhost|127.0.0.1|E-SYS01
30-Sep-2016 11:38:20.520 INFO [main] org.apache.catalina.startup.VersionLoggerListener.log Command line argument: -Djdk.tls.ephemeralDHKeySize=2048
30-Sep-2016 11:38:20.520 INFO [main] org.apache.catalina.startup.VersionLoggerListener.log Command line argument: -Djava.util.logging.config.file=C:\Users\mbernedo.REMAGEOS\Desktop\apache-tomcat-8.0.37\conf\logging.properties
30-Sep-2016 11:38:20.520 INFO [main] org.apache.catalina.startup.VersionLoggerListener.log Command line argument: -Djava.util.logging.manager=org.apache.juli.ClassLoaderLogManager
30-Sep-2016 11:38:20.520 INFO [main] org.apache.catalina.startup.VersionLoggerListener.log Command line argument: -agentlib:jdwp=transport=dt_shmem,address=tomcat_shared_memory_id,server=y,suspend=n
30-Sep-2016 11:38:20.520 INFO [main] org.apache.catalina.startup.VersionLoggerListener.log Command line argument: -Djava.endorsed.dirs=C:\Users\mbernedo.REMAGEOS\Desktop\apache-tomcat-8.0.37\endorsed
30-Sep-2016 11:38:20.520 INFO [main] org.apache.catalina.startup.VersionLoggerListener.log Command line argument: -Dcatalina.base=C:\Users\mbernedo.REMAGEOS\Desktop\apache-tomcat-8.0.37
30-Sep-2016 11:38:20.520 INFO [main] org.apache.catalina.startup.VersionLoggerListener.log Command line argument: -Dcatalina.home=C:\Users\mbernedo.REMAGEOS\Desktop\apache-tomcat-8.0.37
30-Sep-2016 11:38:20.520 INFO [main] org.apache.catalina.startup.VersionLoggerListener.log Command line argument: -Djava.io.tmpdir=C:\Users\mbernedo.REMAGEOS\Desktop\apache-tomcat-8.0.37\temp
30-Sep-2016 11:38:20.520 INFO [main] org.apache.catalina.core.AprLifecycleListener.lifecycleEvent Cargada la biblioteca nativa APR de Apache Tomcat 1.2.8 con la versión APR 1.5.2.
30-Sep-2016 11:38:20.520 INFO [main] org.apache.catalina.core.AprLifecycleListener.lifecycleEvent Capacidades APR: IPv6 [true], enviar fichero [true], aceptar filtros [false], aleatorio [true].
30-Sep-2016 11:38:21.098 INFO [main] org.apache.catalina.core.AprLifecycleListener.initializeSSL OpenSSL inicializado correctamente (OpenSSL 1.0.2h  3 May 2016)
30-Sep-2016 11:38:21.186 INFO [main] org.apache.coyote.AbstractProtocol.init Initializing ProtocolHandler ["http-apr-8090"]
30-Sep-2016 11:38:21.193 INFO [main] org.apache.coyote.AbstractProtocol.init Initializing ProtocolHandler ["ajp-apr-8009"]
30-Sep-2016 11:38:21.194 INFO [main] org.apache.catalina.startup.Catalina.load Initialization processed in 974 ms
30-Sep-2016 11:38:21.216 INFO [main] org.apache.catalina.core.StandardService.startInternal Arrancando servicio Catalina
30-Sep-2016 11:38:21.216 INFO [main] org.apache.catalina.core.StandardEngine.startInternal Starting Servlet Engine: Apache Tomcat/8.0.37
30-Sep-2016 11:38:21.223 INFO [localhost-startStop-1] org.apache.catalina.startup.HostConfig.deployDescriptor Desplieque del descriptor de configuración C:\Users\mbernedo.REMAGEOS\Desktop\apache-tomcat-8.0.37\conf\Catalina\localhost\Clase10.xml
30-Sep-2016 11:38:21.630 INFO [localhost-startStop-1] org.apache.jasper.servlet.TldScanner.scanJars Al menos un JAR, que se ha explorado buscando TLDs, aún no contenía TLDs. Activar historial de depuración para este historiador para una completa lista de los JARs que fueron explorados y de los que nos se halló TLDs. Saltarse JARs no necesarios durante la exploración puede dar lugar a una mejora de tiempo significativa en el arranque y compilación de JSP .
30-Sep-2016 11:38:21.722 INFO [localhost-startStop-1] org.apache.catalina.startup.HostConfig.deployDescriptor Deployment of configuration descriptor C:\Users\mbernedo.REMAGEOS\Desktop\apache-tomcat-8.0.37\conf\Catalina\localhost\Clase10.xml has finished in 498 ms
30-Sep-2016 11:38:21.722 INFO [localhost-startStop-1] org.apache.catalina.startup.HostConfig.deployDescriptor Desplieque del descriptor de configuración C:\Users\mbernedo.REMAGEOS\Desktop\apache-tomcat-8.0.37\conf\Catalina\localhost\EjemploCrud.xml
30-Sep-2016 11:38:21.889 INFO [localhost-startStop-1] org.apache.jasper.servlet.TldScanner.scanJars Al menos un JAR, que se ha explorado buscando TLDs, aún no contenía TLDs. Activar historial de depuración para este historiador para una completa lista de los JARs que fueron explorados y de los que nos se halló TLDs. Saltarse JARs no necesarios durante la exploración puede dar lugar a una mejora de tiempo significativa en el arranque y compilación de JSP .
30-Sep-2016 11:38:21.898 INFO [localhost-startStop-1] org.apache.catalina.startup.HostConfig.deployDescriptor Deployment of configuration descriptor C:\Users\mbernedo.REMAGEOS\Desktop\apache-tomcat-8.0.37\conf\Catalina\localhost\EjemploCrud.xml has finished in 176 ms
30-Sep-2016 11:38:21.898 INFO [localhost-startStop-1] org.apache.catalina.startup.HostConfig.deployDescriptor Desplieque del descriptor de configuración C:\Users\mbernedo.REMAGEOS\Desktop\apache-tomcat-8.0.37\conf\Catalina\localhost\PrograInter.xml
30-Sep-2016 11:38:22.022 INFO [localhost-startStop-1] org.apache.jasper.servlet.TldScanner.scanJars Al menos un JAR, que se ha explorado buscando TLDs, aún no contenía TLDs. Activar historial de depuración para este historiador para una completa lista de los JARs que fueron explorados y de los que nos se halló TLDs. Saltarse JARs no necesarios durante la exploración puede dar lugar a una mejora de tiempo significativa en el arranque y compilación de JSP .
30-Sep-2016 11:38:22.024 INFO [localhost-startStop-1] org.apache.catalina.startup.HostConfig.deployDescriptor Deployment of configuration descriptor C:\Users\mbernedo.REMAGEOS\Desktop\apache-tomcat-8.0.37\conf\Catalina\localhost\PrograInter.xml has finished in 126 ms
30-Sep-2016 11:38:22.024 INFO [localhost-startStop-1] org.apache.catalina.startup.HostConfig.deployDescriptor Desplieque del descriptor de configuración C:\Users\mbernedo.REMAGEOS\Desktop\apache-tomcat-8.0.37\conf\Catalina\localhost\WebApplicationClase17.xml
30-Sep-2016 11:38:23.446 INFO [localhost-startStop-1] org.apache.jasper.servlet.TldScanner.scanJars Al menos un JAR, que se ha explorado buscando TLDs, aún no contenía TLDs. Activar historial de depuración para este historiador para una completa lista de los JARs que fueron explorados y de los que nos se halló TLDs. Saltarse JARs no necesarios durante la exploración puede dar lugar a una mejora de tiempo significativa en el arranque y compilación de JSP .
30-Sep-2016 11:38:23.471 INFO [localhost-startStop-1] org.apache.catalina.startup.HostConfig.deployDescriptor Deployment of configuration descriptor C:\Users\mbernedo.REMAGEOS\Desktop\apache-tomcat-8.0.37\conf\Catalina\localhost\WebApplicationClase17.xml has finished in 1.447 ms
30-Sep-2016 11:38:23.472 INFO [localhost-startStop-1] org.apache.catalina.startup.HostConfig.deployWAR Despliegue del archivo C:\Users\mbernedo.REMAGEOS\Desktop\apache-tomcat-8.0.37\webapps\CRUD-EjemploBase.war de la aplicación web
30-Sep-2016 11:38:23.618 INFO [localhost-startStop-1] org.apache.catalina.startup.HostConfig.deployWAR Deployment of web application archive C:\Users\mbernedo.REMAGEOS\Desktop\apache-tomcat-8.0.37\webapps\CRUD-EjemploBase.war has finished in 146 ms
30-Sep-2016 11:38:23.618 INFO [localhost-startStop-1] org.apache.catalina.startup.HostConfig.deployDirectory Despliegue del directorio C:\Users\mbernedo.REMAGEOS\Desktop\apache-tomcat-8.0.37\webapps\docs de la aplicación web
30-Sep-2016 11:38:23.632 INFO [localhost-startStop-1] org.apache.catalina.startup.HostConfig.deployDirectory Deployment of web application directory C:\Users\mbernedo.REMAGEOS\Desktop\apache-tomcat-8.0.37\webapps\docs has finished in 14 ms
30-Sep-2016 11:38:23.632 INFO [localhost-startStop-1] org.apache.catalina.startup.HostConfig.deployDirectory Despliegue del directorio C:\Users\mbernedo.REMAGEOS\Desktop\apache-tomcat-8.0.37\webapps\examples de la aplicación web
30-Sep-2016 11:38:23.807 INFO [localhost-startStop-1] org.apache.catalina.startup.HostConfig.deployDirectory Deployment of web application directory C:\Users\mbernedo.REMAGEOS\Desktop\apache-tomcat-8.0.37\webapps\examples has finished in 175 ms
30-Sep-2016 11:38:23.807 INFO [localhost-startStop-1] org.apache.catalina.startup.HostConfig.deployDirectory Despliegue del directorio C:\Users\mbernedo.REMAGEOS\Desktop\apache-tomcat-8.0.37\webapps\host-manager de la aplicación web
30-Sep-2016 11:38:23.825 INFO [localhost-startStop-1] org.apache.catalina.startup.HostConfig.deployDirectory Deployment of web application directory C:\Users\mbernedo.REMAGEOS\Desktop\apache-tomcat-8.0.37\webapps\host-manager has finished in 18 ms
30-Sep-2016 11:38:23.825 INFO [localhost-startStop-1] org.apache.catalina.startup.HostConfig.deployDirectory Despliegue del directorio C:\Users\mbernedo.REMAGEOS\Desktop\apache-tomcat-8.0.37\webapps\manager de la aplicación web
30-Sep-2016 11:38:23.843 INFO [localhost-startStop-1] org.apache.catalina.startup.HostConfig.deployDirectory Deployment of web application directory C:\Users\mbernedo.REMAGEOS\Desktop\apache-tomcat-8.0.37\webapps\manager has finished in 18 ms
30-Sep-2016 11:38:23.844 INFO [localhost-startStop-1] org.apache.catalina.startup.HostConfig.deployDirectory Despliegue del directorio C:\Users\mbernedo.REMAGEOS\Desktop\apache-tomcat-8.0.37\webapps\ROOT de la aplicación web
30-Sep-2016 11:38:23.857 INFO [localhost-startStop-1] org.apache.catalina.startup.HostConfig.deployDirectory Deployment of web application directory C:\Users\mbernedo.REMAGEOS\Desktop\apache-tomcat-8.0.37\webapps\ROOT has finished in 14 ms
30-Sep-2016 11:38:23.859 INFO [main] org.apache.coyote.AbstractProtocol.start Starting ProtocolHandler ["http-apr-8090"]
30-Sep-2016 11:38:23.867 INFO [main] org.apache.coyote.AbstractProtocol.start Starting ProtocolHandler ["ajp-apr-8009"]
30-Sep-2016 11:38:23.869 INFO [main] org.apache.catalina.startup.Catalina.start Server startup in 2674 ms
30-Sep-2016 11:38:29.154 INFO [http-apr-8090-exec-6] org.apache.catalina.startup.HostConfig.undeploy Repliegue (undeploy) de la aplicación web que tiene como trayectoria de contexto /WebApplicationClase17
30-Sep-2016 11:38:29.164 INFO [http-apr-8090-exec-5] org.apache.catalina.startup.HostConfig.deployDescriptor Desplieque del descriptor de configuración C:\Users\mbernedo.REMAGEOS\Desktop\apache-tomcat-8.0.37\conf\Catalina\localhost\WebApplicationClase17.xml
30-Sep-2016 11:38:30.249 INFO [http-apr-8090-exec-5] org.apache.jasper.servlet.TldScanner.scanJars Al menos un JAR, que se ha explorado buscando TLDs, aún no contenía TLDs. Activar historial de depuración para este historiador para una completa lista de los JARs que fueron explorados y de los que nos se halló TLDs. Saltarse JARs no necesarios durante la exploración puede dar lugar a una mejora de tiempo significativa en el arranque y compilación de JSP .
30-Sep-2016 11:38:30.274 INFO [http-apr-8090-exec-5] org.apache.catalina.startup.HostConfig.deployDescriptor Deployment of configuration descriptor C:\Users\mbernedo.REMAGEOS\Desktop\apache-tomcat-8.0.37\conf\Catalina\localhost\WebApplicationClase17.xml has finished in 1.110 ms
30-Sep-2016 11:38:30.278 INFO [http-apr-8090-exec-10] org.apache.catalina.util.LifecycleBase.start The start() method was called on component [StandardEngine[Catalina].StandardHost[localhost].StandardContext[/WebApplicationClase17]] after start() had already been called. The second call will be ignored.
30-Sep-2016 11:38:51.473 INFO [http-apr-8090-exec-1] org.apache.catalina.startup.HostConfig.undeploy Repliegue (undeploy) de la aplicación web que tiene como trayectoria de contexto /WebApplicationClase17
30-Sep-2016 11:39:33.887 INFO [localhost-startStop-2] org.apache.catalina.startup.HostConfig.deployWAR Despliegue del archivo C:\Users\mbernedo.REMAGEOS\Desktop\apache-tomcat-8.0.37\webapps\WebApplicationClase17.war de la aplicación web
30-Sep-2016 11:39:34.972 INFO [localhost-startStop-2] org.apache.jasper.servlet.TldScanner.scanJars Al menos un JAR, que se ha explorado buscando TLDs, aún no contenía TLDs. Activar historial de depuración para este historiador para una completa lista de los JARs que fueron explorados y de los que nos se halló TLDs. Saltarse JARs no necesarios durante la exploración puede dar lugar a una mejora de tiempo significativa en el arranque y compilación de JSP .
30-Sep-2016 11:39:34.996 INFO [localhost-startStop-2] org.apache.catalina.startup.HostConfig.deployWAR Deployment of web application archive C:\Users\mbernedo.REMAGEOS\Desktop\apache-tomcat-8.0.37\webapps\WebApplicationClase17.war has finished in 1.109 ms
30-Sep-2016 11:39:45.498 INFO [ContainerBackgroundProcessor[StandardEngine[Catalina]]] org.apache.catalina.startup.HostConfig.undeploy Repliegue (undeploy) de la aplicación web que tiene como trayectoria de contexto /CRUD-EjemploBase
30-Sep-2016 11:44:35.373 INFO [http-apr-8090-exec-20] org.apache.jasper.servlet.TldScanner.scanJars Al menos un JAR, que se ha explorado buscando TLDs, aún no contenía TLDs. Activar historial de depuración para este historiador para una completa lista de los JARs que fueron explorados y de los que nos se halló TLDs. Saltarse JARs no necesarios durante la exploración puede dar lugar a una mejora de tiempo significativa en el arranque y compilación de JSP .
30-Sep-2016 16:23:33.522 INFO [main] org.apache.catalina.core.StandardServer.await Se ha recibido un comando de apagado a través del puerto de apagado. Parando la instancia del Servidor.
30-Sep-2016 16:23:34.302 INFO [main] org.apache.coyote.AbstractProtocol.pause Pausing ProtocolHandler ["http-apr-8090"]
30-Sep-2016 16:23:35.581 INFO [main] org.apache.coyote.AbstractProtocol.pause Pausing ProtocolHandler ["ajp-apr-8009"]
30-Sep-2016 16:23:35.893 INFO [main] org.apache.catalina.core.StandardService.stopInternal Parando servicio Catalina
30-Sep-2016 16:23:41.572 INFO [main] org.apache.coyote.AbstractProtocol.stop Stopping ProtocolHandler ["http-apr-8090"]
30-Sep-2016 16:23:42.118 INFO [main] org.apache.coyote.AbstractProtocol.stop Stopping ProtocolHandler ["ajp-apr-8009"]
30-Sep-2016 16:23:42.274 INFO [main] org.apache.coyote.AbstractProtocol.destroy Destroying ProtocolHandler ["http-apr-8090"]
30-Sep-2016 16:23:42.367 INFO [main] org.apache.coyote.AbstractProtocol.destroy Destroying ProtocolHandler ["ajp-apr-8009"]
