27-Sep-2016 11:05:38.659 INFO [http-apr-8090-exec-163] org.apache.catalina.core.StandardContext.reload Ha comenzado la recarga de Contexto [/PrograInter]
27-Sep-2016 11:05:38.659 WARNING [http-apr-8090-exec-163] org.apache.catalina.loader.WebappClassLoaderBase.clearReferencesJdbc La aplicación web [PrograInter] registró el conductor JDBC [com.mysql.jdbc.Driver] pero falló al anular el registro mientras la aplicación web estaba parada. Para prevenir un fallo de memoria, se ha anulado el registro del conductor JDBC por la fuerza.
27-Sep-2016 11:05:39.281 INFO [http-apr-8090-exec-163] org.apache.jasper.servlet.TldScanner.scanJars Al menos un JAR, que se ha explorado buscando TLDs, aún no contenía TLDs. Activar historial de depuración para este historiador para una completa lista de los JARs que fueron explorados y de los que nos se halló TLDs. Saltarse JARs no necesarios durante la exploración puede dar lugar a una mejora de tiempo significativa en el arranque y compilación de JSP .
27-Sep-2016 11:05:39.281 INFO [http-apr-8090-exec-163] org.apache.catalina.core.StandardContext.reload Se ha completado la recarga de este Contexto
27-Sep-2016 11:07:54.244 INFO [http-apr-8090-exec-166] org.apache.catalina.core.StandardContext.reload Ha comenzado la recarga de Contexto [/PrograInter]
27-Sep-2016 11:07:54.259 WARNING [http-apr-8090-exec-166] org.apache.catalina.loader.WebappClassLoaderBase.clearReferencesJdbc La aplicación web [PrograInter] registró el conductor JDBC [com.mysql.jdbc.Driver] pero falló al anular el registro mientras la aplicación web estaba parada. Para prevenir un fallo de memoria, se ha anulado el registro del conductor JDBC por la fuerza.
27-Sep-2016 11:07:54.369 INFO [http-apr-8090-exec-166] org.apache.jasper.servlet.TldScanner.scanJars Al menos un JAR, que se ha explorado buscando TLDs, aún no contenía TLDs. Activar historial de depuración para este historiador para una completa lista de los JARs que fueron explorados y de los que nos se halló TLDs. Saltarse JARs no necesarios durante la exploración puede dar lugar a una mejora de tiempo significativa en el arranque y compilación de JSP .
27-Sep-2016 11:07:54.369 INFO [http-apr-8090-exec-166] org.apache.catalina.core.StandardContext.reload Se ha completado la recarga de este Contexto
27-Sep-2016 11:09:21.970 INFO [http-apr-8090-exec-178] org.apache.catalina.core.StandardContext.reload Ha comenzado la recarga de Contexto [/PrograInter]
27-Sep-2016 11:09:21.986 WARNING [http-apr-8090-exec-178] org.apache.catalina.loader.WebappClassLoaderBase.clearReferencesJdbc La aplicación web [PrograInter] registró el conductor JDBC [com.mysql.jdbc.Driver] pero falló al anular el registro mientras la aplicación web estaba parada. Para prevenir un fallo de memoria, se ha anulado el registro del conductor JDBC por la fuerza.
27-Sep-2016 11:09:22.095 INFO [http-apr-8090-exec-178] org.apache.jasper.servlet.TldScanner.scanJars Al menos un JAR, que se ha explorado buscando TLDs, aún no contenía TLDs. Activar historial de depuración para este historiador para una completa lista de los JARs que fueron explorados y de los que nos se halló TLDs. Saltarse JARs no necesarios durante la exploración puede dar lugar a una mejora de tiempo significativa en el arranque y compilación de JSP .
27-Sep-2016 11:09:22.095 INFO [http-apr-8090-exec-178] org.apache.catalina.core.StandardContext.reload Se ha completado la recarga de este Contexto
27-Sep-2016 11:09:40.508 INFO [http-apr-8090-exec-174] org.apache.catalina.core.StandardContext.reload Ha comenzado la recarga de Contexto [/PrograInter]
27-Sep-2016 11:09:40.602 INFO [http-apr-8090-exec-174] org.apache.jasper.servlet.TldScanner.scanJars Al menos un JAR, que se ha explorado buscando TLDs, aún no contenía TLDs. Activar historial de depuración para este historiador para una completa lista de los JARs que fueron explorados y de los que nos se halló TLDs. Saltarse JARs no necesarios durante la exploración puede dar lugar a una mejora de tiempo significativa en el arranque y compilación de JSP .
27-Sep-2016 11:09:40.602 INFO [http-apr-8090-exec-174] org.apache.catalina.core.StandardContext.reload Se ha completado la recarga de este Contexto
27-Sep-2016 11:09:58.495 INFO [http-apr-8090-exec-177] org.apache.catalina.core.StandardContext.reload Ha comenzado la recarga de Contexto [/PrograInter]
27-Sep-2016 11:09:58.582 INFO [http-apr-8090-exec-177] org.apache.jasper.servlet.TldScanner.scanJars Al menos un JAR, que se ha explorado buscando TLDs, aún no contenía TLDs. Activar historial de depuración para este historiador para una completa lista de los JARs que fueron explorados y de los que nos se halló TLDs. Saltarse JARs no necesarios durante la exploración puede dar lugar a una mejora de tiempo significativa en el arranque y compilación de JSP .
27-Sep-2016 11:09:58.584 INFO [http-apr-8090-exec-177] org.apache.catalina.core.StandardContext.reload Se ha completado la recarga de este Contexto
27-Sep-2016 11:31:37.914 INFO [ContainerBackgroundProcessor[StandardEngine[Catalina]]] org.apache.catalina.startup.HostConfig.undeploy Repliegue (undeploy) de la aplicación web que tiene como trayectoria de contexto /PrograInter
27-Sep-2016 11:31:37.914 WARNING [ContainerBackgroundProcessor[StandardEngine[Catalina]]] org.apache.catalina.loader.WebappClassLoaderBase.clearReferencesJdbc La aplicación web [PrograInter] registró el conductor JDBC [com.mysql.jdbc.Driver] pero falló al anular el registro mientras la aplicación web estaba parada. Para prevenir un fallo de memoria, se ha anulado el registro del conductor JDBC por la fuerza.
27-Sep-2016 11:31:37.914 INFO [localhost-startStop-2] org.apache.catalina.startup.HostConfig.deployDescriptor Desplieque del descriptor de configuración C:\Users\mbernedo.REMAGEOS\Desktop\apache-tomcat-8.0.37\conf\Catalina\localhost\PrograInter.xml
27-Sep-2016 11:31:37.976 SEVERE [localhost-startStop-2] org.apache.catalina.core.ContainerBase.addChildInternal ContainerBase.addChild: start: 
 org.apache.catalina.LifecycleException: Failed to start component [StandardEngine[Catalina].StandardHost[localhost].StandardContext[/PrograInter]]
	at org.apache.catalina.util.LifecycleBase.start(LifecycleBase.java:162)
	at org.apache.catalina.core.ContainerBase.addChildInternal(ContainerBase.java:725)
	at org.apache.catalina.core.ContainerBase.addChild(ContainerBase.java:701)
	at org.apache.catalina.core.StandardHost.addChild(StandardHost.java:717)
	at org.apache.catalina.startup.HostConfig.deployDescriptor(HostConfig.java:587)
	at org.apache.catalina.startup.HostConfig$DeployDescriptor.run(HostConfig.java:1798)
	at java.util.concurrent.Executors$RunnableAdapter.call(Executors.java:471)
	at java.util.concurrent.FutureTask.run(FutureTask.java:262)
	at java.util.concurrent.ThreadPoolExecutor.runWorker(ThreadPoolExecutor.java:1145)
	at java.util.concurrent.ThreadPoolExecutor$Worker.run(ThreadPoolExecutor.java:615)
	at java.lang.Thread.run(Thread.java:745)
Caused by: org.apache.catalina.LifecycleException: Failed to start component [org.apache.catalina.webresources.StandardRoot@4cbce051]
	at org.apache.catalina.util.LifecycleBase.start(LifecycleBase.java:162)
	at org.apache.catalina.core.StandardContext.resourcesStart(StandardContext.java:4969)
	at org.apache.catalina.core.StandardContext.startInternal(StandardContext.java:5099)
	at org.apache.catalina.util.LifecycleBase.start(LifecycleBase.java:145)
	... 10 more
Caused by: java.lang.IllegalArgumentException: The main resource set specified [C:\Users\mbernedo.REMAGEOS\Desktop\NetBeans\PrograInter\build\web] is not valid
	at org.apache.catalina.webresources.StandardRoot.createMainResourceSet(StandardRoot.java:727)
	at org.apache.catalina.webresources.StandardRoot.startInternal(StandardRoot.java:688)
	at org.apache.catalina.util.LifecycleBase.start(LifecycleBase.java:145)
	... 13 more

27-Sep-2016 11:31:37.976 SEVERE [localhost-startStop-2] org.apache.catalina.startup.HostConfig.deployDescriptor Error durante el despliegue del descriptor de configuración C:\Users\mbernedo.REMAGEOS\Desktop\apache-tomcat-8.0.37\conf\Catalina\localhost\PrograInter.xml
 java.lang.IllegalStateException: ContainerBase.addChild: start: org.apache.catalina.LifecycleException: Failed to start component [StandardEngine[Catalina].StandardHost[localhost].StandardContext[/PrograInter]]
	at org.apache.catalina.core.ContainerBase.addChildInternal(ContainerBase.java:729)
	at org.apache.catalina.core.ContainerBase.addChild(ContainerBase.java:701)
	at org.apache.catalina.core.StandardHost.addChild(StandardHost.java:717)
	at org.apache.catalina.startup.HostConfig.deployDescriptor(HostConfig.java:587)
	at org.apache.catalina.startup.HostConfig$DeployDescriptor.run(HostConfig.java:1798)
	at java.util.concurrent.Executors$RunnableAdapter.call(Executors.java:471)
	at java.util.concurrent.FutureTask.run(FutureTask.java:262)
	at java.util.concurrent.ThreadPoolExecutor.runWorker(ThreadPoolExecutor.java:1145)
	at java.util.concurrent.ThreadPoolExecutor$Worker.run(ThreadPoolExecutor.java:615)
	at java.lang.Thread.run(Thread.java:745)

27-Sep-2016 11:31:38.054 INFO [localhost-startStop-2] org.apache.catalina.startup.HostConfig.deployDescriptor Deployment of configuration descriptor C:\Users\mbernedo.REMAGEOS\Desktop\apache-tomcat-8.0.37\conf\Catalina\localhost\PrograInter.xml has finished in 140 ms
27-Sep-2016 11:32:08.062 INFO [ContainerBackgroundProcessor[StandardEngine[Catalina]]] org.apache.catalina.startup.HostConfig.reload Falló la recarga del contexto [/PrograInter]
27-Sep-2016 11:32:08.156 INFO [ContainerBackgroundProcessor[StandardEngine[Catalina]]] org.apache.jasper.servlet.TldScanner.scanJars Al menos un JAR, que se ha explorado buscando TLDs, aún no contenía TLDs. Activar historial de depuración para este historiador para una completa lista de los JARs que fueron explorados y de los que nos se halló TLDs. Saltarse JARs no necesarios durante la exploración puede dar lugar a una mejora de tiempo significativa en el arranque y compilación de JSP .
27-Sep-2016 11:52:19.150 INFO [main] org.apache.catalina.core.StandardServer.await Se ha recibido un comando de apagado a través del puerto de apagado. Parando la instancia del Servidor.
27-Sep-2016 11:52:19.150 INFO [main] org.apache.coyote.AbstractProtocol.pause Pausing ProtocolHandler ["http-apr-8090"]
27-Sep-2016 11:52:19.213 INFO [main] org.apache.coyote.AbstractProtocol.pause Pausing ProtocolHandler ["ajp-apr-8009"]
27-Sep-2016 11:52:19.275 INFO [main] org.apache.catalina.core.StandardService.stopInternal Parando servicio Catalina
27-Sep-2016 11:52:19.275 INFO [main] org.apache.coyote.AbstractProtocol.stop Stopping ProtocolHandler ["http-apr-8090"]
27-Sep-2016 11:52:19.400 INFO [main] org.apache.coyote.AbstractProtocol.stop Stopping ProtocolHandler ["ajp-apr-8009"]
27-Sep-2016 11:52:19.462 INFO [main] org.apache.coyote.AbstractProtocol.destroy Destroying ProtocolHandler ["http-apr-8090"]
27-Sep-2016 11:52:19.462 INFO [main] org.apache.coyote.AbstractProtocol.destroy Destroying ProtocolHandler ["ajp-apr-8009"]
27-Sep-2016 12:53:28.150 INFO [main] org.apache.catalina.startup.VersionLoggerListener.log Server version:        Apache Tomcat/8.0.37
27-Sep-2016 12:53:28.150 INFO [main] org.apache.catalina.startup.VersionLoggerListener.log Server built:          Sep 1 2016 10:01:52 UTC
27-Sep-2016 12:53:28.150 INFO [main] org.apache.catalina.startup.VersionLoggerListener.log Server number:         8.0.37.0
27-Sep-2016 12:53:28.150 INFO [main] org.apache.catalina.startup.VersionLoggerListener.log OS Name:               Windows 7
27-Sep-2016 12:53:28.150 INFO [main] org.apache.catalina.startup.VersionLoggerListener.log OS Version:            6.1
27-Sep-2016 12:53:28.150 INFO [main] org.apache.catalina.startup.VersionLoggerListener.log Architecture:          amd64
27-Sep-2016 12:53:28.150 INFO [main] org.apache.catalina.startup.VersionLoggerListener.log Java Home:             C:\Program Files\Java\jdk1.7.0_79\jre
27-Sep-2016 12:53:28.150 INFO [main] org.apache.catalina.startup.VersionLoggerListener.log JVM Version:           1.7.0_79-b15
27-Sep-2016 12:53:28.150 INFO [main] org.apache.catalina.startup.VersionLoggerListener.log JVM Vendor:            Oracle Corporation
27-Sep-2016 12:53:28.150 INFO [main] org.apache.catalina.startup.VersionLoggerListener.log CATALINA_BASE:         C:\Users\mbernedo.REMAGEOS\Desktop\apache-tomcat-8.0.37
27-Sep-2016 12:53:28.150 INFO [main] org.apache.catalina.startup.VersionLoggerListener.log CATALINA_HOME:         C:\Users\mbernedo.REMAGEOS\Desktop\apache-tomcat-8.0.37
27-Sep-2016 12:53:28.150 INFO [main] org.apache.catalina.startup.VersionLoggerListener.log Command line argument: -Dhttp.nonProxyHosts=localhost|127.0.0.1|E-SYS01
27-Sep-2016 12:53:28.150 INFO [main] org.apache.catalina.startup.VersionLoggerListener.log Command line argument: -Djdk.tls.ephemeralDHKeySize=2048
27-Sep-2016 12:53:28.150 INFO [main] org.apache.catalina.startup.VersionLoggerListener.log Command line argument: -Djava.util.logging.config.file=C:\Users\mbernedo.REMAGEOS\Desktop\apache-tomcat-8.0.37\conf\logging.properties
27-Sep-2016 12:53:28.150 INFO [main] org.apache.catalina.startup.VersionLoggerListener.log Command line argument: -Djava.util.logging.manager=org.apache.juli.ClassLoaderLogManager
27-Sep-2016 12:53:28.150 INFO [main] org.apache.catalina.startup.VersionLoggerListener.log Command line argument: -Djava.endorsed.dirs=C:\Users\mbernedo.REMAGEOS\Desktop\apache-tomcat-8.0.37\endorsed
27-Sep-2016 12:53:28.150 INFO [main] org.apache.catalina.startup.VersionLoggerListener.log Command line argument: -Dcatalina.base=C:\Users\mbernedo.REMAGEOS\Desktop\apache-tomcat-8.0.37
27-Sep-2016 12:53:28.150 INFO [main] org.apache.catalina.startup.VersionLoggerListener.log Command line argument: -Dcatalina.home=C:\Users\mbernedo.REMAGEOS\Desktop\apache-tomcat-8.0.37
27-Sep-2016 12:53:28.150 INFO [main] org.apache.catalina.startup.VersionLoggerListener.log Command line argument: -Djava.io.tmpdir=C:\Users\mbernedo.REMAGEOS\Desktop\apache-tomcat-8.0.37\temp
27-Sep-2016 12:53:28.150 INFO [main] org.apache.catalina.core.AprLifecycleListener.lifecycleEvent Cargada la biblioteca nativa APR de Apache Tomcat 1.2.8 con la versión APR 1.5.2.
27-Sep-2016 12:53:28.150 INFO [main] org.apache.catalina.core.AprLifecycleListener.lifecycleEvent Capacidades APR: IPv6 [true], enviar fichero [true], aceptar filtros [false], aleatorio [true].
27-Sep-2016 12:53:28.664 INFO [main] org.apache.catalina.core.AprLifecycleListener.initializeSSL OpenSSL inicializado correctamente (OpenSSL 1.0.2h  3 May 2016)
27-Sep-2016 12:53:28.932 INFO [main] org.apache.coyote.AbstractProtocol.init Initializing ProtocolHandler ["http-apr-8090"]
27-Sep-2016 12:53:28.947 INFO [main] org.apache.coyote.AbstractProtocol.init Initializing ProtocolHandler ["ajp-apr-8009"]
27-Sep-2016 12:53:28.947 INFO [main] org.apache.catalina.startup.Catalina.load Initialization processed in 1201 ms
27-Sep-2016 12:53:28.994 INFO [main] org.apache.catalina.core.StandardService.startInternal Arrancando servicio Catalina
27-Sep-2016 12:53:28.994 INFO [main] org.apache.catalina.core.StandardEngine.startInternal Starting Servlet Engine: Apache Tomcat/8.0.37
27-Sep-2016 12:53:29.025 INFO [localhost-startStop-1] org.apache.catalina.startup.HostConfig.deployDescriptor Desplieque del descriptor de configuración C:\Users\mbernedo.REMAGEOS\Desktop\apache-tomcat-8.0.37\conf\Catalina\localhost\Clase10.xml
27-Sep-2016 12:53:29.556 INFO [localhost-startStop-1] org.apache.jasper.servlet.TldScanner.scanJars Al menos un JAR, que se ha explorado buscando TLDs, aún no contenía TLDs. Activar historial de depuración para este historiador para una completa lista de los JARs que fueron explorados y de los que nos se halló TLDs. Saltarse JARs no necesarios durante la exploración puede dar lugar a una mejora de tiempo significativa en el arranque y compilación de JSP .
27-Sep-2016 12:53:29.649 INFO [localhost-startStop-1] org.apache.catalina.startup.HostConfig.deployDescriptor Deployment of configuration descriptor C:\Users\mbernedo.REMAGEOS\Desktop\apache-tomcat-8.0.37\conf\Catalina\localhost\Clase10.xml has finished in 624 ms
27-Sep-2016 12:53:29.649 INFO [localhost-startStop-1] org.apache.catalina.startup.HostConfig.deployDescriptor Desplieque del descriptor de configuración C:\Users\mbernedo.REMAGEOS\Desktop\apache-tomcat-8.0.37\conf\Catalina\localhost\PrograInter.xml
27-Sep-2016 12:53:29.774 INFO [localhost-startStop-1] org.apache.jasper.servlet.TldScanner.scanJars Al menos un JAR, que se ha explorado buscando TLDs, aún no contenía TLDs. Activar historial de depuración para este historiador para una completa lista de los JARs que fueron explorados y de los que nos se halló TLDs. Saltarse JARs no necesarios durante la exploración puede dar lugar a una mejora de tiempo significativa en el arranque y compilación de JSP .
27-Sep-2016 12:53:29.774 INFO [localhost-startStop-1] org.apache.catalina.startup.HostConfig.deployDescriptor Deployment of configuration descriptor C:\Users\mbernedo.REMAGEOS\Desktop\apache-tomcat-8.0.37\conf\Catalina\localhost\PrograInter.xml has finished in 125 ms
27-Sep-2016 12:53:29.774 INFO [localhost-startStop-1] org.apache.catalina.startup.HostConfig.deployWAR Despliegue del archivo C:\Users\mbernedo.REMAGEOS\Desktop\apache-tomcat-8.0.37\webapps\CRUD-EjemploBase.war de la aplicación web
27-Sep-2016 12:53:29.992 INFO [localhost-startStop-1] org.apache.catalina.startup.HostConfig.deployWAR Deployment of web application archive C:\Users\mbernedo.REMAGEOS\Desktop\apache-tomcat-8.0.37\webapps\CRUD-EjemploBase.war has finished in 218 ms
27-Sep-2016 12:53:29.992 INFO [localhost-startStop-1] org.apache.catalina.startup.HostConfig.deployDirectory Despliegue del directorio C:\Users\mbernedo.REMAGEOS\Desktop\apache-tomcat-8.0.37\webapps\docs de la aplicación web
27-Sep-2016 12:53:30.024 INFO [localhost-startStop-1] org.apache.catalina.startup.HostConfig.deployDirectory Deployment of web application directory C:\Users\mbernedo.REMAGEOS\Desktop\apache-tomcat-8.0.37\webapps\docs has finished in 32 ms
27-Sep-2016 12:53:30.024 INFO [localhost-startStop-1] org.apache.catalina.startup.HostConfig.deployDirectory Despliegue del directorio C:\Users\mbernedo.REMAGEOS\Desktop\apache-tomcat-8.0.37\webapps\examples de la aplicación web
27-Sep-2016 12:53:30.726 INFO [localhost-startStop-1] org.apache.catalina.startup.HostConfig.deployDirectory Deployment of web application directory C:\Users\mbernedo.REMAGEOS\Desktop\apache-tomcat-8.0.37\webapps\examples has finished in 702 ms
27-Sep-2016 12:53:30.726 INFO [localhost-startStop-1] org.apache.catalina.startup.HostConfig.deployDirectory Despliegue del directorio C:\Users\mbernedo.REMAGEOS\Desktop\apache-tomcat-8.0.37\webapps\host-manager de la aplicación web
27-Sep-2016 12:53:30.757 INFO [localhost-startStop-1] org.apache.catalina.startup.HostConfig.deployDirectory Deployment of web application directory C:\Users\mbernedo.REMAGEOS\Desktop\apache-tomcat-8.0.37\webapps\host-manager has finished in 31 ms
27-Sep-2016 12:53:30.757 INFO [localhost-startStop-1] org.apache.catalina.startup.HostConfig.deployDirectory Despliegue del directorio C:\Users\mbernedo.REMAGEOS\Desktop\apache-tomcat-8.0.37\webapps\manager de la aplicación web
27-Sep-2016 12:53:30.804 INFO [localhost-startStop-1] org.apache.catalina.startup.HostConfig.deployDirectory Deployment of web application directory C:\Users\mbernedo.REMAGEOS\Desktop\apache-tomcat-8.0.37\webapps\manager has finished in 47 ms
27-Sep-2016 12:53:30.804 INFO [localhost-startStop-1] org.apache.catalina.startup.HostConfig.deployDirectory Despliegue del directorio C:\Users\mbernedo.REMAGEOS\Desktop\apache-tomcat-8.0.37\webapps\ROOT de la aplicación web
27-Sep-2016 12:53:30.805 INFO [localhost-startStop-1] org.apache.catalina.startup.HostConfig.deployDirectory Deployment of web application directory C:\Users\mbernedo.REMAGEOS\Desktop\apache-tomcat-8.0.37\webapps\ROOT has finished in 1 ms
27-Sep-2016 12:53:30.805 INFO [main] org.apache.coyote.AbstractProtocol.start Starting ProtocolHandler ["http-apr-8090"]
27-Sep-2016 12:53:30.852 INFO [main] org.apache.coyote.AbstractProtocol.start Starting ProtocolHandler ["ajp-apr-8009"]
27-Sep-2016 12:53:30.852 INFO [main] org.apache.catalina.startup.Catalina.start Server startup in 1905 ms
27-Sep-2016 12:59:53.284 INFO [http-apr-8090-exec-1] org.apache.catalina.startup.HostConfig.deployDescriptor Desplieque del descriptor de configuración C:\Users\mbernedo.REMAGEOS\Desktop\apache-tomcat-8.0.37\conf\Catalina\localhost\EjemploCrud.xml
27-Sep-2016 12:59:53.439 INFO [http-apr-8090-exec-1] org.apache.jasper.servlet.TldScanner.scanJars Al menos un JAR, que se ha explorado buscando TLDs, aún no contenía TLDs. Activar historial de depuración para este historiador para una completa lista de los JARs que fueron explorados y de los que nos se halló TLDs. Saltarse JARs no necesarios durante la exploración puede dar lugar a una mejora de tiempo significativa en el arranque y compilación de JSP .
27-Sep-2016 12:59:53.455 INFO [http-apr-8090-exec-1] org.apache.catalina.startup.HostConfig.deployDescriptor Deployment of configuration descriptor C:\Users\mbernedo.REMAGEOS\Desktop\apache-tomcat-8.0.37\conf\Catalina\localhost\EjemploCrud.xml has finished in 171 ms
27-Sep-2016 12:59:53.455 INFO [http-apr-8090-exec-3] org.apache.catalina.util.LifecycleBase.start The start() method was called on component [StandardEngine[Catalina].StandardHost[localhost].StandardContext[/EjemploCrud]] after start() had already been called. The second call will be ignored.
27-Sep-2016 13:26:17.348 INFO [http-apr-8090-exec-8] org.apache.catalina.core.StandardContext.reload Ha comenzado la recarga de Contexto [/EjemploCrud]
27-Sep-2016 13:26:17.576 INFO [http-apr-8090-exec-8] org.apache.jasper.servlet.TldScanner.scanJars Al menos un JAR, que se ha explorado buscando TLDs, aún no contenía TLDs. Activar historial de depuración para este historiador para una completa lista de los JARs que fueron explorados y de los que nos se halló TLDs. Saltarse JARs no necesarios durante la exploración puede dar lugar a una mejora de tiempo significativa en el arranque y compilación de JSP .
27-Sep-2016 13:26:17.588 INFO [http-apr-8090-exec-8] org.apache.catalina.core.StandardContext.reload Se ha completado la recarga de este Contexto
27-Sep-2016 13:26:17.604 INFO [http-apr-8090-exec-4] org.apache.catalina.core.StandardContext.reload Ha comenzado la recarga de Contexto [/EjemploCrud]
27-Sep-2016 13:26:17.700 INFO [http-apr-8090-exec-4] org.apache.jasper.servlet.TldScanner.scanJars Al menos un JAR, que se ha explorado buscando TLDs, aún no contenía TLDs. Activar historial de depuración para este historiador para una completa lista de los JARs que fueron explorados y de los que nos se halló TLDs. Saltarse JARs no necesarios durante la exploración puede dar lugar a una mejora de tiempo significativa en el arranque y compilación de JSP .
27-Sep-2016 13:26:17.710 INFO [http-apr-8090-exec-4] org.apache.catalina.core.StandardContext.reload Se ha completado la recarga de este Contexto
27-Sep-2016 13:26:40.918 INFO [http-apr-8090-exec-6] org.apache.catalina.core.StandardContext.reload Ha comenzado la recarga de Contexto [/EjemploCrud]
27-Sep-2016 13:26:41.073 INFO [http-apr-8090-exec-6] org.apache.jasper.servlet.TldScanner.scanJars Al menos un JAR, que se ha explorado buscando TLDs, aún no contenía TLDs. Activar historial de depuración para este historiador para una completa lista de los JARs que fueron explorados y de los que nos se halló TLDs. Saltarse JARs no necesarios durante la exploración puede dar lugar a una mejora de tiempo significativa en el arranque y compilación de JSP .
27-Sep-2016 13:26:41.083 INFO [http-apr-8090-exec-6] org.apache.catalina.core.StandardContext.reload Se ha completado la recarga de este Contexto
27-Sep-2016 13:26:41.099 INFO [http-apr-8090-exec-9] org.apache.catalina.core.StandardContext.reload Ha comenzado la recarga de Contexto [/EjemploCrud]
27-Sep-2016 13:26:41.188 INFO [http-apr-8090-exec-9] org.apache.jasper.servlet.TldScanner.scanJars Al menos un JAR, que se ha explorado buscando TLDs, aún no contenía TLDs. Activar historial de depuración para este historiador para una completa lista de los JARs que fueron explorados y de los que nos se halló TLDs. Saltarse JARs no necesarios durante la exploración puede dar lugar a una mejora de tiempo significativa en el arranque y compilación de JSP .
27-Sep-2016 13:26:41.198 INFO [http-apr-8090-exec-9] org.apache.catalina.core.StandardContext.reload Se ha completado la recarga de este Contexto
27-Sep-2016 13:30:19.676 INFO [http-apr-8090-exec-3] org.apache.catalina.core.StandardContext.reload Ha comenzado la recarga de Contexto [/EjemploCrud]
27-Sep-2016 13:30:19.776 INFO [http-apr-8090-exec-3] org.apache.jasper.servlet.TldScanner.scanJars Al menos un JAR, que se ha explorado buscando TLDs, aún no contenía TLDs. Activar historial de depuración para este historiador para una completa lista de los JARs que fueron explorados y de los que nos se halló TLDs. Saltarse JARs no necesarios durante la exploración puede dar lugar a una mejora de tiempo significativa en el arranque y compilación de JSP .
27-Sep-2016 13:30:19.786 INFO [http-apr-8090-exec-3] org.apache.catalina.core.StandardContext.reload Se ha completado la recarga de este Contexto
27-Sep-2016 13:37:30.438 INFO [http-apr-8090-exec-25] org.apache.catalina.core.StandardContext.reload Ha comenzado la recarga de Contexto [/EjemploCrud]
27-Sep-2016 13:37:30.528 INFO [http-apr-8090-exec-25] org.apache.jasper.servlet.TldScanner.scanJars Al menos un JAR, que se ha explorado buscando TLDs, aún no contenía TLDs. Activar historial de depuración para este historiador para una completa lista de los JARs que fueron explorados y de los que nos se halló TLDs. Saltarse JARs no necesarios durante la exploración puede dar lugar a una mejora de tiempo significativa en el arranque y compilación de JSP .
27-Sep-2016 13:37:30.529 INFO [http-apr-8090-exec-25] org.apache.catalina.core.StandardContext.reload Se ha completado la recarga de este Contexto
27-Sep-2016 13:37:31.472 INFO [http-apr-8090-exec-23] org.apache.catalina.startup.HostConfig.undeploy Repliegue (undeploy) de la aplicación web que tiene como trayectoria de contexto /PrograInter
27-Sep-2016 13:37:31.472 INFO [http-apr-8090-exec-22] org.apache.catalina.startup.HostConfig.deployDescriptor Desplieque del descriptor de configuración C:\Users\mbernedo.REMAGEOS\Desktop\apache-tomcat-8.0.37\conf\Catalina\localhost\PrograInter.xml
27-Sep-2016 13:37:31.592 INFO [http-apr-8090-exec-22] org.apache.jasper.servlet.TldScanner.scanJars Al menos un JAR, que se ha explorado buscando TLDs, aún no contenía TLDs. Activar historial de depuración para este historiador para una completa lista de los JARs que fueron explorados y de los que nos se halló TLDs. Saltarse JARs no necesarios durante la exploración puede dar lugar a una mejora de tiempo significativa en el arranque y compilación de JSP .
27-Sep-2016 13:37:31.592 INFO [http-apr-8090-exec-22] org.apache.catalina.startup.HostConfig.deployDescriptor Deployment of configuration descriptor C:\Users\mbernedo.REMAGEOS\Desktop\apache-tomcat-8.0.37\conf\Catalina\localhost\PrograInter.xml has finished in 120 ms
27-Sep-2016 13:40:00.191 WARNING [http-apr-8090-exec-28] org.apache.catalina.loader.WebappClassLoaderBase.clearReferencesJdbc La aplicación web [PrograInter] registró el conductor JDBC [com.mysql.jdbc.Driver] pero falló al anular el registro mientras la aplicación web estaba parada. Para prevenir un fallo de memoria, se ha anulado el registro del conductor JDBC por la fuerza.
27-Sep-2016 13:40:00.301 INFO [http-apr-8090-exec-34] org.apache.jasper.servlet.TldScanner.scanJars Al menos un JAR, que se ha explorado buscando TLDs, aún no contenía TLDs. Activar historial de depuración para este historiador para una completa lista de los JARs que fueron explorados y de los que nos se halló TLDs. Saltarse JARs no necesarios durante la exploración puede dar lugar a una mejora de tiempo significativa en el arranque y compilación de JSP .
27-Sep-2016 13:40:00.770 INFO [http-apr-8090-exec-35] org.apache.catalina.core.StandardContext.reload Ha comenzado la recarga de Contexto [/PrograInter]
27-Sep-2016 13:40:00.870 INFO [http-apr-8090-exec-35] org.apache.jasper.servlet.TldScanner.scanJars Al menos un JAR, que se ha explorado buscando TLDs, aún no contenía TLDs. Activar historial de depuración para este historiador para una completa lista de los JARs que fueron explorados y de los que nos se halló TLDs. Saltarse JARs no necesarios durante la exploración puede dar lugar a una mejora de tiempo significativa en el arranque y compilación de JSP .
27-Sep-2016 13:40:00.880 INFO [http-apr-8090-exec-35] org.apache.catalina.core.StandardContext.reload Se ha completado la recarga de este Contexto
27-Sep-2016 13:40:01.815 INFO [ContainerBackgroundProcessor[StandardEngine[Catalina]]] org.apache.catalina.startup.HostConfig.reload Falló la recarga del contexto [/PrograInter]
27-Sep-2016 13:40:01.815 INFO [ContainerBackgroundProcessor[StandardEngine[Catalina]]] org.apache.catalina.core.StandardContext.reload Ha comenzado la recarga de Contexto [/PrograInter]
27-Sep-2016 13:40:01.915 INFO [ContainerBackgroundProcessor[StandardEngine[Catalina]]] org.apache.jasper.servlet.TldScanner.scanJars Al menos un JAR, que se ha explorado buscando TLDs, aún no contenía TLDs. Activar historial de depuración para este historiador para una completa lista de los JARs que fueron explorados y de los que nos se halló TLDs. Saltarse JARs no necesarios durante la exploración puede dar lugar a una mejora de tiempo significativa en el arranque y compilación de JSP .
27-Sep-2016 13:40:01.925 INFO [ContainerBackgroundProcessor[StandardEngine[Catalina]]] org.apache.catalina.core.StandardContext.reload Se ha completado la recarga de este Contexto
27-Sep-2016 13:40:13.580 INFO [http-apr-8090-exec-38] org.apache.catalina.core.StandardContext.reload Ha comenzado la recarga de Contexto [/PrograInter]
27-Sep-2016 13:40:13.674 INFO [http-apr-8090-exec-38] org.apache.jasper.servlet.TldScanner.scanJars Al menos un JAR, que se ha explorado buscando TLDs, aún no contenía TLDs. Activar historial de depuración para este historiador para una completa lista de los JARs que fueron explorados y de los que nos se halló TLDs. Saltarse JARs no necesarios durante la exploración puede dar lugar a una mejora de tiempo significativa en el arranque y compilación de JSP .
27-Sep-2016 13:40:13.684 INFO [http-apr-8090-exec-38] org.apache.catalina.core.StandardContext.reload Se ha completado la recarga de este Contexto
27-Sep-2016 13:42:09.562 INFO [http-apr-8090-exec-41] org.apache.catalina.core.StandardContext.reload Ha comenzado la recarga de Contexto [/PrograInter]
27-Sep-2016 13:42:09.662 INFO [http-apr-8090-exec-41] org.apache.jasper.servlet.TldScanner.scanJars Al menos un JAR, que se ha explorado buscando TLDs, aún no contenía TLDs. Activar historial de depuración para este historiador para una completa lista de los JARs que fueron explorados y de los que nos se halló TLDs. Saltarse JARs no necesarios durante la exploración puede dar lugar a una mejora de tiempo significativa en el arranque y compilación de JSP .
27-Sep-2016 13:42:09.662 INFO [http-apr-8090-exec-41] org.apache.catalina.core.StandardContext.reload Se ha completado la recarga de este Contexto
27-Sep-2016 13:43:27.542 INFO [http-apr-8090-exec-40] org.apache.catalina.core.StandardContext.reload Ha comenzado la recarga de Contexto [/PrograInter]
27-Sep-2016 13:43:27.652 INFO [http-apr-8090-exec-40] org.apache.jasper.servlet.TldScanner.scanJars Al menos un JAR, que se ha explorado buscando TLDs, aún no contenía TLDs. Activar historial de depuración para este historiador para una completa lista de los JARs que fueron explorados y de los que nos se halló TLDs. Saltarse JARs no necesarios durante la exploración puede dar lugar a una mejora de tiempo significativa en el arranque y compilación de JSP .
27-Sep-2016 13:43:27.652 INFO [http-apr-8090-exec-40] org.apache.catalina.core.StandardContext.reload Se ha completado la recarga de este Contexto
27-Sep-2016 13:44:57.020 INFO [http-apr-8090-exec-40] org.apache.catalina.core.StandardContext.reload Ha comenzado la recarga de Contexto [/PrograInter]
27-Sep-2016 13:44:57.120 INFO [http-apr-8090-exec-40] org.apache.jasper.servlet.TldScanner.scanJars Al menos un JAR, que se ha explorado buscando TLDs, aún no contenía TLDs. Activar historial de depuración para este historiador para una completa lista de los JARs que fueron explorados y de los que nos se halló TLDs. Saltarse JARs no necesarios durante la exploración puede dar lugar a una mejora de tiempo significativa en el arranque y compilación de JSP .
27-Sep-2016 13:44:57.120 INFO [http-apr-8090-exec-40] org.apache.catalina.core.StandardContext.reload Se ha completado la recarga de este Contexto
27-Sep-2016 13:45:06.222 INFO [http-apr-8090-exec-38] org.apache.jasper.servlet.TldScanner.scanJars Al menos un JAR, que se ha explorado buscando TLDs, aún no contenía TLDs. Activar historial de depuración para este historiador para una completa lista de los JARs que fueron explorados y de los que nos se halló TLDs. Saltarse JARs no necesarios durante la exploración puede dar lugar a una mejora de tiempo significativa en el arranque y compilación de JSP .
27-Sep-2016 13:45:32.481 INFO [http-apr-8090-exec-35] org.apache.catalina.core.StandardContext.reload Ha comenzado la recarga de Contexto [/PrograInter]
27-Sep-2016 13:45:32.481 WARNING [http-apr-8090-exec-35] org.apache.catalina.loader.WebappClassLoaderBase.clearReferencesJdbc La aplicación web [PrograInter] registró el conductor JDBC [com.mysql.jdbc.Driver] pero falló al anular el registro mientras la aplicación web estaba parada. Para prevenir un fallo de memoria, se ha anulado el registro del conductor JDBC por la fuerza.
27-Sep-2016 13:45:32.571 INFO [http-apr-8090-exec-35] org.apache.jasper.servlet.TldScanner.scanJars Al menos un JAR, que se ha explorado buscando TLDs, aún no contenía TLDs. Activar historial de depuración para este historiador para una completa lista de los JARs que fueron explorados y de los que nos se halló TLDs. Saltarse JARs no necesarios durante la exploración puede dar lugar a una mejora de tiempo significativa en el arranque y compilación de JSP .
27-Sep-2016 13:45:32.581 INFO [http-apr-8090-exec-35] org.apache.catalina.core.StandardContext.reload Se ha completado la recarga de este Contexto
27-Sep-2016 13:45:57.343 INFO [http-apr-8090-exec-40] org.apache.catalina.core.StandardContext.reload Ha comenzado la recarga de Contexto [/PrograInter]
27-Sep-2016 13:45:57.463 INFO [http-apr-8090-exec-40] org.apache.jasper.servlet.TldScanner.scanJars Al menos un JAR, que se ha explorado buscando TLDs, aún no contenía TLDs. Activar historial de depuración para este historiador para una completa lista de los JARs que fueron explorados y de los que nos se halló TLDs. Saltarse JARs no necesarios durante la exploración puede dar lugar a una mejora de tiempo significativa en el arranque y compilación de JSP .
27-Sep-2016 13:45:57.463 INFO [http-apr-8090-exec-40] org.apache.catalina.core.StandardContext.reload Se ha completado la recarga de este Contexto
27-Sep-2016 13:50:48.459 WARNING [http-apr-8090-exec-57] org.apache.catalina.loader.WebappClassLoaderBase.clearReferencesJdbc La aplicación web [PrograInter] registró el conductor JDBC [com.mysql.jdbc.Driver] pero falló al anular el registro mientras la aplicación web estaba parada. Para prevenir un fallo de memoria, se ha anulado el registro del conductor JDBC por la fuerza.
27-Sep-2016 13:50:48.543 INFO [http-apr-8090-exec-62] org.apache.jasper.servlet.TldScanner.scanJars Al menos un JAR, que se ha explorado buscando TLDs, aún no contenía TLDs. Activar historial de depuración para este historiador para una completa lista de los JARs que fueron explorados y de los que nos se halló TLDs. Saltarse JARs no necesarios durante la exploración puede dar lugar a una mejora de tiempo significativa en el arranque y compilación de JSP .
27-Sep-2016 13:50:52.187 INFO [ContainerBackgroundProcessor[StandardEngine[Catalina]]] org.apache.catalina.startup.HostConfig.reload Falló la recarga del contexto [/PrograInter]
27-Sep-2016 13:50:52.187 INFO [ContainerBackgroundProcessor[StandardEngine[Catalina]]] org.apache.catalina.core.StandardContext.reload Ha comenzado la recarga de Contexto [/PrograInter]
27-Sep-2016 13:50:52.297 INFO [ContainerBackgroundProcessor[StandardEngine[Catalina]]] org.apache.jasper.servlet.TldScanner.scanJars Al menos un JAR, que se ha explorado buscando TLDs, aún no contenía TLDs. Activar historial de depuración para este historiador para una completa lista de los JARs que fueron explorados y de los que nos se halló TLDs. Saltarse JARs no necesarios durante la exploración puede dar lugar a una mejora de tiempo significativa en el arranque y compilación de JSP .
27-Sep-2016 13:50:52.297 INFO [ContainerBackgroundProcessor[StandardEngine[Catalina]]] org.apache.catalina.core.StandardContext.reload Se ha completado la recarga de este Contexto
27-Sep-2016 13:59:03.279 INFO [http-apr-8090-exec-71] org.apache.catalina.core.StandardContext.reload Ha comenzado la recarga de Contexto [/PrograInter]
27-Sep-2016 13:59:03.289 WARNING [http-apr-8090-exec-71] org.apache.catalina.loader.WebappClassLoaderBase.clearReferencesJdbc La aplicación web [PrograInter] registró el conductor JDBC [com.mysql.jdbc.Driver] pero falló al anular el registro mientras la aplicación web estaba parada. Para prevenir un fallo de memoria, se ha anulado el registro del conductor JDBC por la fuerza.
27-Sep-2016 13:59:03.389 INFO [http-apr-8090-exec-71] org.apache.jasper.servlet.TldScanner.scanJars Al menos un JAR, que se ha explorado buscando TLDs, aún no contenía TLDs. Activar historial de depuración para este historiador para una completa lista de los JARs que fueron explorados y de los que nos se halló TLDs. Saltarse JARs no necesarios durante la exploración puede dar lugar a una mejora de tiempo significativa en el arranque y compilación de JSP .
27-Sep-2016 13:59:03.389 INFO [http-apr-8090-exec-71] org.apache.catalina.core.StandardContext.reload Se ha completado la recarga de este Contexto
27-Sep-2016 13:59:24.233 INFO [http-apr-8090-exec-68] org.apache.catalina.core.StandardContext.reload Ha comenzado la recarga de Contexto [/PrograInter]
27-Sep-2016 13:59:24.333 INFO [http-apr-8090-exec-68] org.apache.jasper.servlet.TldScanner.scanJars Al menos un JAR, que se ha explorado buscando TLDs, aún no contenía TLDs. Activar historial de depuración para este historiador para una completa lista de los JARs que fueron explorados y de los que nos se halló TLDs. Saltarse JARs no necesarios durante la exploración puede dar lugar a una mejora de tiempo significativa en el arranque y compilación de JSP .
27-Sep-2016 13:59:24.333 INFO [http-apr-8090-exec-68] org.apache.catalina.core.StandardContext.reload Se ha completado la recarga de este Contexto
27-Sep-2016 14:00:39.148 INFO [http-apr-8090-exec-68] org.apache.catalina.core.StandardContext.reload Ha comenzado la recarga de Contexto [/PrograInter]
27-Sep-2016 14:00:39.148 WARNING [http-apr-8090-exec-68] org.apache.catalina.loader.WebappClassLoaderBase.clearReferencesJdbc La aplicación web [PrograInter] registró el conductor JDBC [com.mysql.jdbc.Driver] pero falló al anular el registro mientras la aplicación web estaba parada. Para prevenir un fallo de memoria, se ha anulado el registro del conductor JDBC por la fuerza.
27-Sep-2016 14:00:39.248 INFO [http-apr-8090-exec-68] org.apache.jasper.servlet.TldScanner.scanJars Al menos un JAR, que se ha explorado buscando TLDs, aún no contenía TLDs. Activar historial de depuración para este historiador para una completa lista de los JARs que fueron explorados y de los que nos se halló TLDs. Saltarse JARs no necesarios durante la exploración puede dar lugar a una mejora de tiempo significativa en el arranque y compilación de JSP .
27-Sep-2016 14:00:39.258 INFO [http-apr-8090-exec-68] org.apache.catalina.core.StandardContext.reload Se ha completado la recarga de este Contexto
27-Sep-2016 14:04:36.304 INFO [http-apr-8090-exec-68] org.apache.catalina.core.StandardContext.reload Ha comenzado la recarga de Contexto [/PrograInter]
27-Sep-2016 14:04:36.314 WARNING [http-apr-8090-exec-68] org.apache.catalina.loader.WebappClassLoaderBase.clearReferencesJdbc La aplicación web [PrograInter] registró el conductor JDBC [com.mysql.jdbc.Driver] pero falló al anular el registro mientras la aplicación web estaba parada. Para prevenir un fallo de memoria, se ha anulado el registro del conductor JDBC por la fuerza.
27-Sep-2016 14:04:36.404 INFO [http-apr-8090-exec-68] org.apache.jasper.servlet.TldScanner.scanJars Al menos un JAR, que se ha explorado buscando TLDs, aún no contenía TLDs. Activar historial de depuración para este historiador para una completa lista de los JARs que fueron explorados y de los que nos se halló TLDs. Saltarse JARs no necesarios durante la exploración puede dar lugar a una mejora de tiempo significativa en el arranque y compilación de JSP .
27-Sep-2016 14:04:36.404 INFO [http-apr-8090-exec-68] org.apache.catalina.core.StandardContext.reload Se ha completado la recarga de este Contexto
27-Sep-2016 14:04:55.578 INFO [http-apr-8090-exec-81] org.apache.catalina.core.StandardContext.reload Ha comenzado la recarga de Contexto [/PrograInter]
27-Sep-2016 14:04:55.678 INFO [http-apr-8090-exec-81] org.apache.jasper.servlet.TldScanner.scanJars Al menos un JAR, que se ha explorado buscando TLDs, aún no contenía TLDs. Activar historial de depuración para este historiador para una completa lista de los JARs que fueron explorados y de los que nos se halló TLDs. Saltarse JARs no necesarios durante la exploración puede dar lugar a una mejora de tiempo significativa en el arranque y compilación de JSP .
27-Sep-2016 14:04:55.678 INFO [http-apr-8090-exec-81] org.apache.catalina.core.StandardContext.reload Se ha completado la recarga de este Contexto
27-Sep-2016 14:05:01.750 INFO [http-apr-8090-exec-68] org.apache.catalina.core.StandardContext.reload Ha comenzado la recarga de Contexto [/PrograInter]
27-Sep-2016 14:05:01.840 INFO [http-apr-8090-exec-68] org.apache.jasper.servlet.TldScanner.scanJars Al menos un JAR, que se ha explorado buscando TLDs, aún no contenía TLDs. Activar historial de depuración para este historiador para una completa lista de los JARs que fueron explorados y de los que nos se halló TLDs. Saltarse JARs no necesarios durante la exploración puede dar lugar a una mejora de tiempo significativa en el arranque y compilación de JSP .
27-Sep-2016 14:05:01.840 INFO [http-apr-8090-exec-68] org.apache.catalina.core.StandardContext.reload Se ha completado la recarga de este Contexto
27-Sep-2016 14:09:47.028 INFO [http-apr-8090-exec-87] org.apache.catalina.core.StandardContext.reload Ha comenzado la recarga de Contexto [/PrograInter]
27-Sep-2016 14:09:47.038 WARNING [http-apr-8090-exec-87] org.apache.catalina.loader.WebappClassLoaderBase.clearReferencesJdbc La aplicación web [PrograInter] registró el conductor JDBC [com.mysql.jdbc.Driver] pero falló al anular el registro mientras la aplicación web estaba parada. Para prevenir un fallo de memoria, se ha anulado el registro del conductor JDBC por la fuerza.
27-Sep-2016 14:09:47.128 INFO [http-apr-8090-exec-87] org.apache.jasper.servlet.TldScanner.scanJars Al menos un JAR, que se ha explorado buscando TLDs, aún no contenía TLDs. Activar historial de depuración para este historiador para una completa lista de los JARs que fueron explorados y de los que nos se halló TLDs. Saltarse JARs no necesarios durante la exploración puede dar lugar a una mejora de tiempo significativa en el arranque y compilación de JSP .
27-Sep-2016 14:09:47.128 INFO [http-apr-8090-exec-87] org.apache.catalina.core.StandardContext.reload Se ha completado la recarga de este Contexto
27-Sep-2016 14:21:50.139 INFO [http-apr-8090-exec-99] org.apache.catalina.core.StandardContext.reload Ha comenzado la recarga de Contexto [/PrograInter]
27-Sep-2016 14:21:50.149 WARNING [http-apr-8090-exec-99] org.apache.catalina.loader.WebappClassLoaderBase.clearReferencesJdbc La aplicación web [PrograInter] registró el conductor JDBC [com.mysql.jdbc.Driver] pero falló al anular el registro mientras la aplicación web estaba parada. Para prevenir un fallo de memoria, se ha anulado el registro del conductor JDBC por la fuerza.
27-Sep-2016 14:21:50.249 INFO [http-apr-8090-exec-99] org.apache.jasper.servlet.TldScanner.scanJars Al menos un JAR, que se ha explorado buscando TLDs, aún no contenía TLDs. Activar historial de depuración para este historiador para una completa lista de los JARs que fueron explorados y de los que nos se halló TLDs. Saltarse JARs no necesarios durante la exploración puede dar lugar a una mejora de tiempo significativa en el arranque y compilación de JSP .
27-Sep-2016 14:21:50.249 INFO [http-apr-8090-exec-99] org.apache.catalina.core.StandardContext.reload Se ha completado la recarga de este Contexto
27-Sep-2016 14:22:59.762 INFO [http-apr-8090-exec-97] org.apache.catalina.core.StandardContext.reload Ha comenzado la recarga de Contexto [/PrograInter]
27-Sep-2016 14:22:59.772 WARNING [http-apr-8090-exec-97] org.apache.catalina.loader.WebappClassLoaderBase.clearReferencesJdbc La aplicación web [PrograInter] registró el conductor JDBC [com.mysql.jdbc.Driver] pero falló al anular el registro mientras la aplicación web estaba parada. Para prevenir un fallo de memoria, se ha anulado el registro del conductor JDBC por la fuerza.
27-Sep-2016 14:22:59.872 INFO [http-apr-8090-exec-97] org.apache.jasper.servlet.TldScanner.scanJars Al menos un JAR, que se ha explorado buscando TLDs, aún no contenía TLDs. Activar historial de depuración para este historiador para una completa lista de los JARs que fueron explorados y de los que nos se halló TLDs. Saltarse JARs no necesarios durante la exploración puede dar lugar a una mejora de tiempo significativa en el arranque y compilación de JSP .
27-Sep-2016 14:22:59.872 INFO [http-apr-8090-exec-97] org.apache.catalina.core.StandardContext.reload Se ha completado la recarga de este Contexto
27-Sep-2016 14:27:30.884 INFO [http-apr-8090-exec-106] org.apache.catalina.core.StandardContext.reload Ha comenzado la recarga de Contexto [/PrograInter]
27-Sep-2016 14:27:30.894 WARNING [http-apr-8090-exec-106] org.apache.catalina.loader.WebappClassLoaderBase.clearReferencesJdbc La aplicación web [PrograInter] registró el conductor JDBC [com.mysql.jdbc.Driver] pero falló al anular el registro mientras la aplicación web estaba parada. Para prevenir un fallo de memoria, se ha anulado el registro del conductor JDBC por la fuerza.
27-Sep-2016 14:27:30.984 INFO [http-apr-8090-exec-106] org.apache.jasper.servlet.TldScanner.scanJars Al menos un JAR, que se ha explorado buscando TLDs, aún no contenía TLDs. Activar historial de depuración para este historiador para una completa lista de los JARs que fueron explorados y de los que nos se halló TLDs. Saltarse JARs no necesarios durante la exploración puede dar lugar a una mejora de tiempo significativa en el arranque y compilación de JSP .
27-Sep-2016 14:27:30.994 INFO [http-apr-8090-exec-106] org.apache.catalina.core.StandardContext.reload Se ha completado la recarga de este Contexto
