26-Sep-2016 12:40:36.803 INFO [main] org.apache.catalina.startup.VersionLoggerListener.log Server version:        Apache Tomcat/8.0.37
26-Sep-2016 12:40:36.803 INFO [main] org.apache.catalina.startup.VersionLoggerListener.log Server built:          Sep 1 2016 10:01:52 UTC
26-Sep-2016 12:40:36.803 INFO [main] org.apache.catalina.startup.VersionLoggerListener.log Server number:         8.0.37.0
26-Sep-2016 12:40:36.803 INFO [main] org.apache.catalina.startup.VersionLoggerListener.log OS Name:               Windows 7
26-Sep-2016 12:40:36.803 INFO [main] org.apache.catalina.startup.VersionLoggerListener.log OS Version:            6.1
26-Sep-2016 12:40:36.803 INFO [main] org.apache.catalina.startup.VersionLoggerListener.log Architecture:          amd64
26-Sep-2016 12:40:36.803 INFO [main] org.apache.catalina.startup.VersionLoggerListener.log Java Home:             C:\Program Files\Java\jdk1.7.0_79\jre
26-Sep-2016 12:40:36.803 INFO [main] org.apache.catalina.startup.VersionLoggerListener.log JVM Version:           1.7.0_79-b15
26-Sep-2016 12:40:36.803 INFO [main] org.apache.catalina.startup.VersionLoggerListener.log JVM Vendor:            Oracle Corporation
26-Sep-2016 12:40:36.803 INFO [main] org.apache.catalina.startup.VersionLoggerListener.log CATALINA_BASE:         C:\Users\mbernedo.REMAGEOS\Desktop\apache-tomcat-8.0.37
26-Sep-2016 12:40:36.803 INFO [main] org.apache.catalina.startup.VersionLoggerListener.log CATALINA_HOME:         C:\Users\mbernedo.REMAGEOS\Desktop\apache-tomcat-8.0.37
26-Sep-2016 12:40:36.803 INFO [main] org.apache.catalina.startup.VersionLoggerListener.log Command line argument: -Dhttp.nonProxyHosts=localhost|127.0.0.1|E-SYS01
26-Sep-2016 12:40:36.803 INFO [main] org.apache.catalina.startup.VersionLoggerListener.log Command line argument: -Djdk.tls.ephemeralDHKeySize=2048
26-Sep-2016 12:40:36.803 INFO [main] org.apache.catalina.startup.VersionLoggerListener.log Command line argument: -Djava.util.logging.config.file=C:\Users\mbernedo.REMAGEOS\Desktop\apache-tomcat-8.0.37\conf\logging.properties
26-Sep-2016 12:40:36.803 INFO [main] org.apache.catalina.startup.VersionLoggerListener.log Command line argument: -Djava.util.logging.manager=org.apache.juli.ClassLoaderLogManager
26-Sep-2016 12:40:36.803 INFO [main] org.apache.catalina.startup.VersionLoggerListener.log Command line argument: -Djava.endorsed.dirs=C:\Users\mbernedo.REMAGEOS\Desktop\apache-tomcat-8.0.37\endorsed
26-Sep-2016 12:40:36.803 INFO [main] org.apache.catalina.startup.VersionLoggerListener.log Command line argument: -Dcatalina.base=C:\Users\mbernedo.REMAGEOS\Desktop\apache-tomcat-8.0.37
26-Sep-2016 12:40:36.803 INFO [main] org.apache.catalina.startup.VersionLoggerListener.log Command line argument: -Dcatalina.home=C:\Users\mbernedo.REMAGEOS\Desktop\apache-tomcat-8.0.37
26-Sep-2016 12:40:36.803 INFO [main] org.apache.catalina.startup.VersionLoggerListener.log Command line argument: -Djava.io.tmpdir=C:\Users\mbernedo.REMAGEOS\Desktop\apache-tomcat-8.0.37\temp
26-Sep-2016 12:40:36.803 INFO [main] org.apache.catalina.core.AprLifecycleListener.lifecycleEvent Cargada la biblioteca nativa APR de Apache Tomcat 1.2.8 con la versión APR 1.5.2.
26-Sep-2016 12:40:36.803 INFO [main] org.apache.catalina.core.AprLifecycleListener.lifecycleEvent Capacidades APR: IPv6 [true], enviar fichero [true], aceptar filtros [false], aleatorio [true].
26-Sep-2016 12:40:37.303 INFO [main] org.apache.catalina.core.AprLifecycleListener.initializeSSL OpenSSL inicializado correctamente (OpenSSL 1.0.2h  3 May 2016)
26-Sep-2016 12:40:37.539 INFO [main] org.apache.coyote.AbstractProtocol.init Initializing ProtocolHandler ["http-apr-8090"]
26-Sep-2016 12:40:37.554 INFO [main] org.apache.coyote.AbstractProtocol.init Initializing ProtocolHandler ["ajp-apr-8009"]
26-Sep-2016 12:40:37.554 INFO [main] org.apache.catalina.startup.Catalina.load Initialization processed in 1244 ms
26-Sep-2016 12:40:37.601 INFO [main] org.apache.catalina.core.StandardService.startInternal Arrancando servicio Catalina
26-Sep-2016 12:40:37.601 INFO [main] org.apache.catalina.core.StandardEngine.startInternal Starting Servlet Engine: Apache Tomcat/8.0.37
26-Sep-2016 12:40:37.617 INFO [localhost-startStop-1] org.apache.catalina.startup.HostConfig.deployDescriptor Desplieque del descriptor de configuración C:\Users\mbernedo.REMAGEOS\Desktop\apache-tomcat-8.0.37\conf\Catalina\localhost\Clase05.xml
26-Sep-2016 12:40:38.116 INFO [localhost-startStop-1] org.apache.jasper.servlet.TldScanner.scanJars Al menos un JAR, que se ha explorado buscando TLDs, aún no contenía TLDs. Activar historial de depuración para este historiador para una completa lista de los JARs que fueron explorados y de los que nos se halló TLDs. Saltarse JARs no necesarios durante la exploración puede dar lugar a una mejora de tiempo significativa en el arranque y compilación de JSP .
26-Sep-2016 12:40:38.225 INFO [localhost-startStop-1] org.apache.catalina.startup.HostConfig.deployDescriptor Deployment of configuration descriptor C:\Users\mbernedo.REMAGEOS\Desktop\apache-tomcat-8.0.37\conf\Catalina\localhost\Clase05.xml has finished in 608 ms
26-Sep-2016 12:40:38.225 INFO [localhost-startStop-1] org.apache.catalina.startup.HostConfig.deployDescriptor Desplieque del descriptor de configuración C:\Users\mbernedo.REMAGEOS\Desktop\apache-tomcat-8.0.37\conf\Catalina\localhost\Clase10.xml
26-Sep-2016 12:40:38.412 INFO [localhost-startStop-1] org.apache.jasper.servlet.TldScanner.scanJars Al menos un JAR, que se ha explorado buscando TLDs, aún no contenía TLDs. Activar historial de depuración para este historiador para una completa lista de los JARs que fueron explorados y de los que nos se halló TLDs. Saltarse JARs no necesarios durante la exploración puede dar lugar a una mejora de tiempo significativa en el arranque y compilación de JSP .
26-Sep-2016 12:40:38.412 INFO [localhost-startStop-1] org.apache.catalina.startup.HostConfig.deployDescriptor Deployment of configuration descriptor C:\Users\mbernedo.REMAGEOS\Desktop\apache-tomcat-8.0.37\conf\Catalina\localhost\Clase10.xml has finished in 187 ms
26-Sep-2016 12:40:38.412 INFO [localhost-startStop-1] org.apache.catalina.startup.HostConfig.deployDirectory Despliegue del directorio C:\Users\mbernedo.REMAGEOS\Desktop\apache-tomcat-8.0.37\webapps\docs de la aplicación web
26-Sep-2016 12:40:38.443 INFO [localhost-startStop-1] org.apache.catalina.startup.HostConfig.deployDirectory Deployment of web application directory C:\Users\mbernedo.REMAGEOS\Desktop\apache-tomcat-8.0.37\webapps\docs has finished in 31 ms
26-Sep-2016 12:40:38.443 INFO [localhost-startStop-1] org.apache.catalina.startup.HostConfig.deployDirectory Despliegue del directorio C:\Users\mbernedo.REMAGEOS\Desktop\apache-tomcat-8.0.37\webapps\examples de la aplicación web
26-Sep-2016 12:40:38.989 INFO [localhost-startStop-1] org.apache.catalina.startup.HostConfig.deployDirectory Deployment of web application directory C:\Users\mbernedo.REMAGEOS\Desktop\apache-tomcat-8.0.37\webapps\examples has finished in 546 ms
26-Sep-2016 12:40:38.989 INFO [localhost-startStop-1] org.apache.catalina.startup.HostConfig.deployDirectory Despliegue del directorio C:\Users\mbernedo.REMAGEOS\Desktop\apache-tomcat-8.0.37\webapps\host-manager de la aplicación web
26-Sep-2016 12:40:39.067 INFO [localhost-startStop-1] org.apache.catalina.startup.HostConfig.deployDirectory Deployment of web application directory C:\Users\mbernedo.REMAGEOS\Desktop\apache-tomcat-8.0.37\webapps\host-manager has finished in 47 ms
26-Sep-2016 12:40:39.067 INFO [localhost-startStop-1] org.apache.catalina.startup.HostConfig.deployDirectory Despliegue del directorio C:\Users\mbernedo.REMAGEOS\Desktop\apache-tomcat-8.0.37\webapps\manager de la aplicación web
26-Sep-2016 12:40:39.099 INFO [localhost-startStop-1] org.apache.catalina.startup.HostConfig.deployDirectory Deployment of web application directory C:\Users\mbernedo.REMAGEOS\Desktop\apache-tomcat-8.0.37\webapps\manager has finished in 32 ms
26-Sep-2016 12:40:39.099 INFO [localhost-startStop-1] org.apache.catalina.startup.HostConfig.deployDirectory Despliegue del directorio C:\Users\mbernedo.REMAGEOS\Desktop\apache-tomcat-8.0.37\webapps\ROOT de la aplicación web
26-Sep-2016 12:40:39.130 INFO [localhost-startStop-1] org.apache.catalina.startup.HostConfig.deployDirectory Deployment of web application directory C:\Users\mbernedo.REMAGEOS\Desktop\apache-tomcat-8.0.37\webapps\ROOT has finished in 31 ms
26-Sep-2016 12:40:39.130 INFO [main] org.apache.coyote.AbstractProtocol.start Starting ProtocolHandler ["http-apr-8090"]
26-Sep-2016 12:40:39.177 INFO [main] org.apache.coyote.AbstractProtocol.start Starting ProtocolHandler ["ajp-apr-8009"]
26-Sep-2016 12:40:39.177 INFO [main] org.apache.catalina.startup.Catalina.start Server startup in 1617 ms
26-Sep-2016 12:40:40.239 INFO [http-apr-8090-exec-3] org.apache.catalina.startup.HostConfig.undeploy Repliegue (undeploy) de la aplicación web que tiene como trayectoria de contexto /Clase05
26-Sep-2016 12:40:40.255 INFO [http-apr-8090-exec-6] org.apache.catalina.startup.HostConfig.deployDescriptor Desplieque del descriptor de configuración C:\Users\mbernedo.REMAGEOS\Desktop\apache-tomcat-8.0.37\conf\Catalina\localhost\PrograInter.xml
26-Sep-2016 12:40:40.364 INFO [http-apr-8090-exec-6] org.apache.catalina.startup.HostConfig.deployDescriptor Deployment of configuration descriptor C:\Users\mbernedo.REMAGEOS\Desktop\apache-tomcat-8.0.37\conf\Catalina\localhost\PrograInter.xml has finished in 109 ms
26-Sep-2016 12:40:40.364 INFO [http-apr-8090-exec-5] org.apache.catalina.util.LifecycleBase.start The start() method was called on component [StandardEngine[Catalina].StandardHost[localhost].StandardContext[/PrograInter]] after start() had already been called. The second call will be ignored.
26-Sep-2016 13:00:42.695 INFO [http-apr-8090-exec-19] org.apache.catalina.core.StandardContext.reload Ha comenzado la recarga de Contexto [/PrograInter]
26-Sep-2016 13:00:42.725 WARNING [http-apr-8090-exec-19] org.apache.catalina.loader.WebappClassLoaderBase.clearReferencesJdbc La aplicación web [PrograInter] registró el conductor JDBC [com.mysql.jdbc.Driver] pero falló al anular el registro mientras la aplicación web estaba parada. Para prevenir un fallo de memoria, se ha anulado el registro del conductor JDBC por la fuerza.
26-Sep-2016 13:00:42.845 INFO [http-apr-8090-exec-19] org.apache.catalina.core.StandardContext.reload Se ha completado la recarga de este Contexto
26-Sep-2016 13:01:17.152 INFO [http-apr-8090-exec-15] org.apache.catalina.core.StandardContext.reload Ha comenzado la recarga de Contexto [/PrograInter]
26-Sep-2016 13:01:17.262 INFO [http-apr-8090-exec-15] org.apache.catalina.core.StandardContext.reload Se ha completado la recarga de este Contexto
26-Sep-2016 13:01:22.760 INFO [http-apr-8090-exec-11] org.apache.catalina.core.StandardContext.reload Ha comenzado la recarga de Contexto [/PrograInter]
26-Sep-2016 13:01:22.860 INFO [http-apr-8090-exec-11] org.apache.catalina.core.StandardContext.reload Se ha completado la recarga de este Contexto
26-Sep-2016 13:03:26.711 INFO [http-apr-8090-exec-21] org.apache.catalina.core.StandardContext.reload Ha comenzado la recarga de Contexto [/PrograInter]
26-Sep-2016 13:03:26.809 INFO [http-apr-8090-exec-21] org.apache.catalina.core.StandardContext.reload Se ha completado la recarga de este Contexto
26-Sep-2016 13:03:31.303 INFO [http-apr-8090-exec-21] org.apache.catalina.core.StandardContext.reload Ha comenzado la recarga de Contexto [/PrograInter]
26-Sep-2016 13:03:31.423 INFO [http-apr-8090-exec-21] org.apache.catalina.core.StandardContext.reload Se ha completado la recarga de este Contexto
26-Sep-2016 13:03:43.289 INFO [http-apr-8090-exec-21] org.apache.catalina.core.StandardContext.reload Ha comenzado la recarga de Contexto [/PrograInter]
26-Sep-2016 13:03:43.389 INFO [http-apr-8090-exec-21] org.apache.catalina.core.StandardContext.reload Se ha completado la recarga de este Contexto
26-Sep-2016 13:08:21.104 INFO [http-apr-8090-exec-24] org.apache.catalina.core.StandardContext.reload Ha comenzado la recarga de Contexto [/PrograInter]
26-Sep-2016 13:08:21.204 INFO [http-apr-8090-exec-24] org.apache.catalina.core.StandardContext.reload Se ha completado la recarga de este Contexto
26-Sep-2016 13:08:21.234 INFO [http-apr-8090-exec-29] org.apache.catalina.core.StandardContext.reload Ha comenzado la recarga de Contexto [/PrograInter]
26-Sep-2016 13:08:21.334 INFO [http-apr-8090-exec-29] org.apache.catalina.core.StandardContext.reload Se ha completado la recarga de este Contexto
26-Sep-2016 13:08:21.736 INFO [http-apr-8090-exec-24] org.apache.catalina.core.StandardContext.reload Ha comenzado la recarga de Contexto [/PrograInter]
26-Sep-2016 13:08:21.856 INFO [http-apr-8090-exec-24] org.apache.catalina.core.StandardContext.reload Se ha completado la recarga de este Contexto
26-Sep-2016 13:08:55.238 INFO [http-apr-8090-exec-26] org.apache.catalina.core.StandardContext.reload Ha comenzado la recarga de Contexto [/PrograInter]
26-Sep-2016 13:08:55.338 INFO [http-apr-8090-exec-26] org.apache.catalina.core.StandardContext.reload Se ha completado la recarga de este Contexto
26-Sep-2016 13:09:27.076 INFO [http-apr-8090-exec-33] org.apache.catalina.core.StandardContext.reload Ha comenzado la recarga de Contexto [/PrograInter]
26-Sep-2016 13:09:27.186 INFO [http-apr-8090-exec-33] org.apache.catalina.core.StandardContext.reload Se ha completado la recarga de este Contexto
26-Sep-2016 13:10:11.007 INFO [main] org.apache.catalina.core.StandardServer.await Se ha recibido un comando de apagado a través del puerto de apagado. Parando la instancia del Servidor.
26-Sep-2016 13:10:11.007 INFO [main] org.apache.coyote.AbstractProtocol.pause Pausing ProtocolHandler ["http-apr-8090"]
26-Sep-2016 13:10:11.067 INFO [main] org.apache.coyote.AbstractProtocol.pause Pausing ProtocolHandler ["ajp-apr-8009"]
26-Sep-2016 13:10:11.117 INFO [main] org.apache.catalina.core.StandardService.stopInternal Parando servicio Catalina
26-Sep-2016 13:10:11.127 INFO [main] org.apache.coyote.AbstractProtocol.stop Stopping ProtocolHandler ["http-apr-8090"]
26-Sep-2016 13:10:11.177 INFO [main] org.apache.coyote.AbstractProtocol.stop Stopping ProtocolHandler ["ajp-apr-8009"]
26-Sep-2016 13:10:11.227 INFO [main] org.apache.coyote.AbstractProtocol.destroy Destroying ProtocolHandler ["http-apr-8090"]
26-Sep-2016 13:10:11.227 INFO [main] org.apache.coyote.AbstractProtocol.destroy Destroying ProtocolHandler ["ajp-apr-8009"]
26-Sep-2016 13:10:14.426 INFO [main] org.apache.catalina.startup.VersionLoggerListener.log Server version:        Apache Tomcat/8.0.37
26-Sep-2016 13:10:14.426 INFO [main] org.apache.catalina.startup.VersionLoggerListener.log Server built:          Sep 1 2016 10:01:52 UTC
26-Sep-2016 13:10:14.426 INFO [main] org.apache.catalina.startup.VersionLoggerListener.log Server number:         8.0.37.0
26-Sep-2016 13:10:14.426 INFO [main] org.apache.catalina.startup.VersionLoggerListener.log OS Name:               Windows 7
26-Sep-2016 13:10:14.426 INFO [main] org.apache.catalina.startup.VersionLoggerListener.log OS Version:            6.1
26-Sep-2016 13:10:14.426 INFO [main] org.apache.catalina.startup.VersionLoggerListener.log Architecture:          amd64
26-Sep-2016 13:10:14.426 INFO [main] org.apache.catalina.startup.VersionLoggerListener.log Java Home:             C:\Program Files\Java\jdk1.7.0_79\jre
26-Sep-2016 13:10:14.426 INFO [main] org.apache.catalina.startup.VersionLoggerListener.log JVM Version:           1.7.0_79-b15
26-Sep-2016 13:10:14.426 INFO [main] org.apache.catalina.startup.VersionLoggerListener.log JVM Vendor:            Oracle Corporation
26-Sep-2016 13:10:14.426 INFO [main] org.apache.catalina.startup.VersionLoggerListener.log CATALINA_BASE:         C:\Users\mbernedo.REMAGEOS\Desktop\apache-tomcat-8.0.37
26-Sep-2016 13:10:14.426 INFO [main] org.apache.catalina.startup.VersionLoggerListener.log CATALINA_HOME:         C:\Users\mbernedo.REMAGEOS\Desktop\apache-tomcat-8.0.37
26-Sep-2016 13:10:14.426 INFO [main] org.apache.catalina.startup.VersionLoggerListener.log Command line argument: -Dhttp.nonProxyHosts=localhost|127.0.0.1|E-SYS01
26-Sep-2016 13:10:14.426 INFO [main] org.apache.catalina.startup.VersionLoggerListener.log Command line argument: -Djdk.tls.ephemeralDHKeySize=2048
26-Sep-2016 13:10:14.426 INFO [main] org.apache.catalina.startup.VersionLoggerListener.log Command line argument: -Djava.util.logging.config.file=C:\Users\mbernedo.REMAGEOS\Desktop\apache-tomcat-8.0.37\conf\logging.properties
26-Sep-2016 13:10:14.426 INFO [main] org.apache.catalina.startup.VersionLoggerListener.log Command line argument: -Djava.util.logging.manager=org.apache.juli.ClassLoaderLogManager
26-Sep-2016 13:10:14.426 INFO [main] org.apache.catalina.startup.VersionLoggerListener.log Command line argument: -agentlib:jdwp=transport=dt_shmem,address=tomcat_shared_memory_id,server=y,suspend=n
26-Sep-2016 13:10:14.426 INFO [main] org.apache.catalina.startup.VersionLoggerListener.log Command line argument: -Djava.endorsed.dirs=C:\Users\mbernedo.REMAGEOS\Desktop\apache-tomcat-8.0.37\endorsed
26-Sep-2016 13:10:14.426 INFO [main] org.apache.catalina.startup.VersionLoggerListener.log Command line argument: -Dcatalina.base=C:\Users\mbernedo.REMAGEOS\Desktop\apache-tomcat-8.0.37
26-Sep-2016 13:10:14.426 INFO [main] org.apache.catalina.startup.VersionLoggerListener.log Command line argument: -Dcatalina.home=C:\Users\mbernedo.REMAGEOS\Desktop\apache-tomcat-8.0.37
26-Sep-2016 13:10:14.426 INFO [main] org.apache.catalina.startup.VersionLoggerListener.log Command line argument: -Djava.io.tmpdir=C:\Users\mbernedo.REMAGEOS\Desktop\apache-tomcat-8.0.37\temp
26-Sep-2016 13:10:14.426 INFO [main] org.apache.catalina.core.AprLifecycleListener.lifecycleEvent Cargada la biblioteca nativa APR de Apache Tomcat 1.2.8 con la versión APR 1.5.2.
26-Sep-2016 13:10:14.426 INFO [main] org.apache.catalina.core.AprLifecycleListener.lifecycleEvent Capacidades APR: IPv6 [true], enviar fichero [true], aceptar filtros [false], aleatorio [true].
26-Sep-2016 13:10:14.980 INFO [main] org.apache.catalina.core.AprLifecycleListener.initializeSSL OpenSSL inicializado correctamente (OpenSSL 1.0.2h  3 May 2016)
26-Sep-2016 13:10:15.060 INFO [main] org.apache.coyote.AbstractProtocol.init Initializing ProtocolHandler ["http-apr-8090"]
26-Sep-2016 13:10:15.070 INFO [main] org.apache.coyote.AbstractProtocol.init Initializing ProtocolHandler ["ajp-apr-8009"]
26-Sep-2016 13:10:15.070 INFO [main] org.apache.catalina.startup.Catalina.load Initialization processed in 935 ms
26-Sep-2016 13:10:15.090 INFO [main] org.apache.catalina.core.StandardService.startInternal Arrancando servicio Catalina
26-Sep-2016 13:10:15.090 INFO [main] org.apache.catalina.core.StandardEngine.startInternal Starting Servlet Engine: Apache Tomcat/8.0.37
26-Sep-2016 13:10:15.100 INFO [localhost-startStop-1] org.apache.catalina.startup.HostConfig.deployDescriptor Desplieque del descriptor de configuración C:\Users\mbernedo.REMAGEOS\Desktop\apache-tomcat-8.0.37\conf\Catalina\localhost\Clase10.xml
26-Sep-2016 13:10:15.494 INFO [localhost-startStop-1] org.apache.jasper.servlet.TldScanner.scanJars Al menos un JAR, que se ha explorado buscando TLDs, aún no contenía TLDs. Activar historial de depuración para este historiador para una completa lista de los JARs que fueron explorados y de los que nos se halló TLDs. Saltarse JARs no necesarios durante la exploración puede dar lugar a una mejora de tiempo significativa en el arranque y compilación de JSP .
26-Sep-2016 13:10:15.584 INFO [localhost-startStop-1] org.apache.catalina.startup.HostConfig.deployDescriptor Deployment of configuration descriptor C:\Users\mbernedo.REMAGEOS\Desktop\apache-tomcat-8.0.37\conf\Catalina\localhost\Clase10.xml has finished in 484 ms
26-Sep-2016 13:10:15.584 INFO [localhost-startStop-1] org.apache.catalina.startup.HostConfig.deployDescriptor Desplieque del descriptor de configuración C:\Users\mbernedo.REMAGEOS\Desktop\apache-tomcat-8.0.37\conf\Catalina\localhost\PrograInter.xml
26-Sep-2016 13:10:15.704 INFO [localhost-startStop-1] org.apache.jasper.servlet.TldScanner.scanJars Al menos un JAR, que se ha explorado buscando TLDs, aún no contenía TLDs. Activar historial de depuración para este historiador para una completa lista de los JARs que fueron explorados y de los que nos se halló TLDs. Saltarse JARs no necesarios durante la exploración puede dar lugar a una mejora de tiempo significativa en el arranque y compilación de JSP .
26-Sep-2016 13:10:15.714 INFO [localhost-startStop-1] org.apache.catalina.startup.HostConfig.deployDescriptor Deployment of configuration descriptor C:\Users\mbernedo.REMAGEOS\Desktop\apache-tomcat-8.0.37\conf\Catalina\localhost\PrograInter.xml has finished in 130 ms
26-Sep-2016 13:10:15.714 INFO [localhost-startStop-1] org.apache.catalina.startup.HostConfig.deployDirectory Despliegue del directorio C:\Users\mbernedo.REMAGEOS\Desktop\apache-tomcat-8.0.37\webapps\docs de la aplicación web
26-Sep-2016 13:10:15.734 INFO [localhost-startStop-1] org.apache.catalina.startup.HostConfig.deployDirectory Deployment of web application directory C:\Users\mbernedo.REMAGEOS\Desktop\apache-tomcat-8.0.37\webapps\docs has finished in 20 ms
26-Sep-2016 13:10:15.734 INFO [localhost-startStop-1] org.apache.catalina.startup.HostConfig.deployDirectory Despliegue del directorio C:\Users\mbernedo.REMAGEOS\Desktop\apache-tomcat-8.0.37\webapps\examples de la aplicación web
26-Sep-2016 13:10:15.954 INFO [localhost-startStop-1] org.apache.catalina.startup.HostConfig.deployDirectory Deployment of web application directory C:\Users\mbernedo.REMAGEOS\Desktop\apache-tomcat-8.0.37\webapps\examples has finished in 220 ms
26-Sep-2016 13:10:15.954 INFO [localhost-startStop-1] org.apache.catalina.startup.HostConfig.deployDirectory Despliegue del directorio C:\Users\mbernedo.REMAGEOS\Desktop\apache-tomcat-8.0.37\webapps\host-manager de la aplicación web
26-Sep-2016 13:10:15.974 INFO [localhost-startStop-1] org.apache.catalina.startup.HostConfig.deployDirectory Deployment of web application directory C:\Users\mbernedo.REMAGEOS\Desktop\apache-tomcat-8.0.37\webapps\host-manager has finished in 20 ms
26-Sep-2016 13:10:15.984 INFO [localhost-startStop-1] org.apache.catalina.startup.HostConfig.deployDirectory Despliegue del directorio C:\Users\mbernedo.REMAGEOS\Desktop\apache-tomcat-8.0.37\webapps\manager de la aplicación web
26-Sep-2016 13:10:16.004 INFO [localhost-startStop-1] org.apache.catalina.startup.HostConfig.deployDirectory Deployment of web application directory C:\Users\mbernedo.REMAGEOS\Desktop\apache-tomcat-8.0.37\webapps\manager has finished in 20 ms
26-Sep-2016 13:10:16.004 INFO [localhost-startStop-1] org.apache.catalina.startup.HostConfig.deployDirectory Despliegue del directorio C:\Users\mbernedo.REMAGEOS\Desktop\apache-tomcat-8.0.37\webapps\ROOT de la aplicación web
26-Sep-2016 13:10:16.014 INFO [localhost-startStop-1] org.apache.catalina.startup.HostConfig.deployDirectory Deployment of web application directory C:\Users\mbernedo.REMAGEOS\Desktop\apache-tomcat-8.0.37\webapps\ROOT has finished in 10 ms
26-Sep-2016 13:10:16.014 INFO [main] org.apache.coyote.AbstractProtocol.start Starting ProtocolHandler ["http-apr-8090"]
26-Sep-2016 13:10:16.044 INFO [main] org.apache.coyote.AbstractProtocol.start Starting ProtocolHandler ["ajp-apr-8009"]
26-Sep-2016 13:10:16.054 INFO [main] org.apache.catalina.startup.Catalina.start Server startup in 979 ms
26-Sep-2016 13:10:17.358 INFO [http-apr-8090-exec-6] org.apache.catalina.startup.HostConfig.undeploy Repliegue (undeploy) de la aplicación web que tiene como trayectoria de contexto /PrograInter
26-Sep-2016 13:10:17.368 INFO [http-apr-8090-exec-5] org.apache.catalina.startup.HostConfig.deployDescriptor Desplieque del descriptor de configuración C:\Users\mbernedo.REMAGEOS\Desktop\apache-tomcat-8.0.37\conf\Catalina\localhost\PrograInter.xml
26-Sep-2016 13:10:17.481 INFO [http-apr-8090-exec-5] org.apache.jasper.servlet.TldScanner.scanJars Al menos un JAR, que se ha explorado buscando TLDs, aún no contenía TLDs. Activar historial de depuración para este historiador para una completa lista de los JARs que fueron explorados y de los que nos se halló TLDs. Saltarse JARs no necesarios durante la exploración puede dar lugar a una mejora de tiempo significativa en el arranque y compilación de JSP .
26-Sep-2016 13:10:17.481 INFO [http-apr-8090-exec-5] org.apache.catalina.startup.HostConfig.deployDescriptor Deployment of configuration descriptor C:\Users\mbernedo.REMAGEOS\Desktop\apache-tomcat-8.0.37\conf\Catalina\localhost\PrograInter.xml has finished in 113 ms
26-Sep-2016 13:10:17.491 INFO [http-apr-8090-exec-4] org.apache.catalina.util.LifecycleBase.start The start() method was called on component [StandardEngine[Catalina].StandardHost[localhost].StandardContext[/PrograInter]] after start() had already been called. The second call will be ignored.
26-Sep-2016 13:12:56.663 INFO [http-apr-8090-exec-16] org.apache.catalina.core.StandardContext.reload Ha comenzado la recarga de Contexto [/PrograInter]
26-Sep-2016 13:12:56.673 WARNING [http-apr-8090-exec-16] org.apache.catalina.loader.WebappClassLoaderBase.clearReferencesJdbc La aplicación web [PrograInter] registró el conductor JDBC [com.mysql.jdbc.Driver] pero falló al anular el registro mientras la aplicación web estaba parada. Para prevenir un fallo de memoria, se ha anulado el registro del conductor JDBC por la fuerza.
26-Sep-2016 13:12:56.793 INFO [http-apr-8090-exec-16] org.apache.jasper.servlet.TldScanner.scanJars Al menos un JAR, que se ha explorado buscando TLDs, aún no contenía TLDs. Activar historial de depuración para este historiador para una completa lista de los JARs que fueron explorados y de los que nos se halló TLDs. Saltarse JARs no necesarios durante la exploración puede dar lugar a una mejora de tiempo significativa en el arranque y compilación de JSP .
26-Sep-2016 13:12:56.803 INFO [http-apr-8090-exec-16] org.apache.catalina.core.StandardContext.reload Se ha completado la recarga de este Contexto
26-Sep-2016 13:13:08.190 INFO [http-apr-8090-exec-17] org.apache.catalina.core.StandardContext.reload Ha comenzado la recarga de Contexto [/PrograInter]
26-Sep-2016 13:13:08.340 INFO [http-apr-8090-exec-17] org.apache.jasper.servlet.TldScanner.scanJars Al menos un JAR, que se ha explorado buscando TLDs, aún no contenía TLDs. Activar historial de depuración para este historiador para una completa lista de los JARs que fueron explorados y de los que nos se halló TLDs. Saltarse JARs no necesarios durante la exploración puede dar lugar a una mejora de tiempo significativa en el arranque y compilación de JSP .
26-Sep-2016 13:13:08.340 INFO [http-apr-8090-exec-17] org.apache.catalina.core.StandardContext.reload Se ha completado la recarga de este Contexto
26-Sep-2016 13:13:28.570 INFO [http-apr-8090-exec-3] org.apache.catalina.core.StandardContext.reload Ha comenzado la recarga de Contexto [/PrograInter]
26-Sep-2016 13:13:28.680 INFO [http-apr-8090-exec-3] org.apache.jasper.servlet.TldScanner.scanJars Al menos un JAR, que se ha explorado buscando TLDs, aún no contenía TLDs. Activar historial de depuración para este historiador para una completa lista de los JARs que fueron explorados y de los que nos se halló TLDs. Saltarse JARs no necesarios durante la exploración puede dar lugar a una mejora de tiempo significativa en el arranque y compilación de JSP .
26-Sep-2016 13:13:28.680 INFO [http-apr-8090-exec-3] org.apache.catalina.core.StandardContext.reload Se ha completado la recarga de este Contexto
26-Sep-2016 13:13:49.368 INFO [http-apr-8090-exec-3] org.apache.catalina.core.StandardContext.reload Ha comenzado la recarga de Contexto [/PrograInter]
26-Sep-2016 13:13:49.482 INFO [http-apr-8090-exec-3] org.apache.jasper.servlet.TldScanner.scanJars Al menos un JAR, que se ha explorado buscando TLDs, aún no contenía TLDs. Activar historial de depuración para este historiador para una completa lista de los JARs que fueron explorados y de los que nos se halló TLDs. Saltarse JARs no necesarios durante la exploración puede dar lugar a una mejora de tiempo significativa en el arranque y compilación de JSP .
26-Sep-2016 13:13:49.482 INFO [http-apr-8090-exec-3] org.apache.catalina.core.StandardContext.reload Se ha completado la recarga de este Contexto
26-Sep-2016 13:14:14.776 INFO [http-apr-8090-exec-3] org.apache.catalina.core.StandardContext.reload Ha comenzado la recarga de Contexto [/PrograInter]
26-Sep-2016 13:14:14.884 INFO [http-apr-8090-exec-3] org.apache.jasper.servlet.TldScanner.scanJars Al menos un JAR, que se ha explorado buscando TLDs, aún no contenía TLDs. Activar historial de depuración para este historiador para una completa lista de los JARs que fueron explorados y de los que nos se halló TLDs. Saltarse JARs no necesarios durante la exploración puede dar lugar a una mejora de tiempo significativa en el arranque y compilación de JSP .
26-Sep-2016 13:14:14.884 INFO [http-apr-8090-exec-3] org.apache.catalina.core.StandardContext.reload Se ha completado la recarga de este Contexto
26-Sep-2016 13:14:37.734 INFO [http-apr-8090-exec-3] org.apache.catalina.core.StandardContext.reload Ha comenzado la recarga de Contexto [/PrograInter]
26-Sep-2016 13:14:37.854 INFO [http-apr-8090-exec-3] org.apache.jasper.servlet.TldScanner.scanJars Al menos un JAR, que se ha explorado buscando TLDs, aún no contenía TLDs. Activar historial de depuración para este historiador para una completa lista de los JARs que fueron explorados y de los que nos se halló TLDs. Saltarse JARs no necesarios durante la exploración puede dar lugar a una mejora de tiempo significativa en el arranque y compilación de JSP .
26-Sep-2016 13:14:37.854 INFO [http-apr-8090-exec-3] org.apache.catalina.core.StandardContext.reload Se ha completado la recarga de este Contexto
26-Sep-2016 13:15:10.662 INFO [http-apr-8090-exec-3] org.apache.catalina.core.StandardContext.reload Ha comenzado la recarga de Contexto [/PrograInter]
26-Sep-2016 13:15:10.762 INFO [http-apr-8090-exec-3] org.apache.jasper.servlet.TldScanner.scanJars Al menos un JAR, que se ha explorado buscando TLDs, aún no contenía TLDs. Activar historial de depuración para este historiador para una completa lista de los JARs que fueron explorados y de los que nos se halló TLDs. Saltarse JARs no necesarios durante la exploración puede dar lugar a una mejora de tiempo significativa en el arranque y compilación de JSP .
26-Sep-2016 13:15:10.772 INFO [http-apr-8090-exec-3] org.apache.catalina.core.StandardContext.reload Se ha completado la recarga de este Contexto
26-Sep-2016 13:15:21.908 INFO [http-apr-8090-exec-3] org.apache.catalina.core.StandardContext.reload Ha comenzado la recarga de Contexto [/PrograInter]
26-Sep-2016 13:15:22.008 INFO [http-apr-8090-exec-3] org.apache.jasper.servlet.TldScanner.scanJars Al menos un JAR, que se ha explorado buscando TLDs, aún no contenía TLDs. Activar historial de depuración para este historiador para una completa lista de los JARs que fueron explorados y de los que nos se halló TLDs. Saltarse JARs no necesarios durante la exploración puede dar lugar a una mejora de tiempo significativa en el arranque y compilación de JSP .
26-Sep-2016 13:15:22.038 INFO [http-apr-8090-exec-3] org.apache.catalina.core.StandardContext.reload Se ha completado la recarga de este Contexto
26-Sep-2016 13:23:30.794 INFO [http-apr-8090-exec-35] org.apache.catalina.core.StandardContext.reload Ha comenzado la recarga de Contexto [/PrograInter]
26-Sep-2016 13:23:30.894 INFO [http-apr-8090-exec-35] org.apache.jasper.servlet.TldScanner.scanJars Al menos un JAR, que se ha explorado buscando TLDs, aún no contenía TLDs. Activar historial de depuración para este historiador para una completa lista de los JARs que fueron explorados y de los que nos se halló TLDs. Saltarse JARs no necesarios durante la exploración puede dar lugar a una mejora de tiempo significativa en el arranque y compilación de JSP .
26-Sep-2016 13:23:30.894 INFO [http-apr-8090-exec-35] org.apache.catalina.core.StandardContext.reload Se ha completado la recarga de este Contexto
26-Sep-2016 13:27:26.054 WARNING [http-apr-8090-exec-45] org.apache.catalina.loader.WebappClassLoaderBase.clearReferencesJdbc La aplicación web [PrograInter] registró el conductor JDBC [com.mysql.jdbc.Driver] pero falló al anular el registro mientras la aplicación web estaba parada. Para prevenir un fallo de memoria, se ha anulado el registro del conductor JDBC por la fuerza.
26-Sep-2016 13:27:26.558 INFO [http-apr-8090-exec-45] org.apache.catalina.startup.HostConfig.undeploy Repliegue (undeploy) de la aplicación web que tiene como trayectoria de contexto /PrograInter
26-Sep-2016 13:27:27.058 INFO [ContainerBackgroundProcessor[StandardEngine[Catalina]]] org.apache.catalina.startup.HostConfig.undeploy Repliegue (undeploy) de la aplicación web que tiene como trayectoria de contexto /PrograInter
26-Sep-2016 13:27:27.058 INFO [http-apr-8090-exec-41] org.apache.catalina.startup.HostConfig.deployDescriptor Desplieque del descriptor de configuración C:\Users\mbernedo.REMAGEOS\Desktop\apache-tomcat-8.0.37\conf\Catalina\localhost\PrograInter.xml
26-Sep-2016 13:27:27.168 INFO [http-apr-8090-exec-41] org.apache.jasper.servlet.TldScanner.scanJars Al menos un JAR, que se ha explorado buscando TLDs, aún no contenía TLDs. Activar historial de depuración para este historiador para una completa lista de los JARs que fueron explorados y de los que nos se halló TLDs. Saltarse JARs no necesarios durante la exploración puede dar lugar a una mejora de tiempo significativa en el arranque y compilación de JSP .
26-Sep-2016 13:27:27.168 INFO [http-apr-8090-exec-41] org.apache.catalina.startup.HostConfig.deployDescriptor Deployment of configuration descriptor C:\Users\mbernedo.REMAGEOS\Desktop\apache-tomcat-8.0.37\conf\Catalina\localhost\PrograInter.xml has finished in 110 ms
26-Sep-2016 13:27:27.178 INFO [http-apr-8090-exec-44] org.apache.catalina.util.LifecycleBase.start The start() method was called on component [StandardEngine[Catalina].StandardHost[localhost].StandardContext[/PrograInter]] after start() had already been called. The second call will be ignored.
26-Sep-2016 13:29:10.293 INFO [http-apr-8090-exec-40] org.apache.catalina.core.StandardContext.reload Ha comenzado la recarga de Contexto [/PrograInter]
26-Sep-2016 13:29:10.303 WARNING [http-apr-8090-exec-40] org.apache.catalina.loader.WebappClassLoaderBase.clearReferencesJdbc La aplicación web [PrograInter] registró el conductor JDBC [com.mysql.jdbc.Driver] pero falló al anular el registro mientras la aplicación web estaba parada. Para prevenir un fallo de memoria, se ha anulado el registro del conductor JDBC por la fuerza.
26-Sep-2016 13:29:10.403 INFO [http-apr-8090-exec-40] org.apache.jasper.servlet.TldScanner.scanJars Al menos un JAR, que se ha explorado buscando TLDs, aún no contenía TLDs. Activar historial de depuración para este historiador para una completa lista de los JARs que fueron explorados y de los que nos se halló TLDs. Saltarse JARs no necesarios durante la exploración puede dar lugar a una mejora de tiempo significativa en el arranque y compilación de JSP .
26-Sep-2016 13:29:10.403 INFO [http-apr-8090-exec-40] org.apache.catalina.core.StandardContext.reload Se ha completado la recarga de este Contexto
26-Sep-2016 13:29:22.651 INFO [http-apr-8090-exec-52] org.apache.catalina.core.StandardContext.reload Ha comenzado la recarga de Contexto [/PrograInter]
26-Sep-2016 13:29:22.761 INFO [http-apr-8090-exec-52] org.apache.jasper.servlet.TldScanner.scanJars Al menos un JAR, que se ha explorado buscando TLDs, aún no contenía TLDs. Activar historial de depuración para este historiador para una completa lista de los JARs que fueron explorados y de los que nos se halló TLDs. Saltarse JARs no necesarios durante la exploración puede dar lugar a una mejora de tiempo significativa en el arranque y compilación de JSP .
26-Sep-2016 13:29:22.761 INFO [http-apr-8090-exec-52] org.apache.catalina.core.StandardContext.reload Se ha completado la recarga de este Contexto
26-Sep-2016 13:29:48.537 INFO [http-apr-8090-exec-52] org.apache.catalina.core.StandardContext.reload Ha comenzado la recarga de Contexto [/PrograInter]
26-Sep-2016 13:29:48.617 INFO [http-apr-8090-exec-52] org.apache.jasper.servlet.TldScanner.scanJars Al menos un JAR, que se ha explorado buscando TLDs, aún no contenía TLDs. Activar historial de depuración para este historiador para una completa lista de los JARs que fueron explorados y de los que nos se halló TLDs. Saltarse JARs no necesarios durante la exploración puede dar lugar a una mejora de tiempo significativa en el arranque y compilación de JSP .
26-Sep-2016 13:29:48.620 INFO [http-apr-8090-exec-52] org.apache.catalina.core.StandardContext.reload Se ha completado la recarga de este Contexto
26-Sep-2016 13:32:01.128 WARNING [http-apr-8090-exec-46] org.apache.catalina.loader.WebappClassLoaderBase.clearReferencesJdbc La aplicación web [PrograInter] registró el conductor JDBC [com.mysql.jdbc.Driver] pero falló al anular el registro mientras la aplicación web estaba parada. Para prevenir un fallo de memoria, se ha anulado el registro del conductor JDBC por la fuerza.
26-Sep-2016 13:32:01.632 INFO [http-apr-8090-exec-46] org.apache.catalina.startup.HostConfig.undeploy Repliegue (undeploy) de la aplicación web que tiene como trayectoria de contexto /PrograInter
26-Sep-2016 13:32:01.642 INFO [http-apr-8090-exec-58] org.apache.catalina.startup.HostConfig.deployDescriptor Desplieque del descriptor de configuración C:\Users\mbernedo.REMAGEOS\Desktop\apache-tomcat-8.0.37\conf\Catalina\localhost\PrograInter.xml
26-Sep-2016 13:32:01.742 INFO [http-apr-8090-exec-58] org.apache.jasper.servlet.TldScanner.scanJars Al menos un JAR, que se ha explorado buscando TLDs, aún no contenía TLDs. Activar historial de depuración para este historiador para una completa lista de los JARs que fueron explorados y de los que nos se halló TLDs. Saltarse JARs no necesarios durante la exploración puede dar lugar a una mejora de tiempo significativa en el arranque y compilación de JSP .
26-Sep-2016 13:32:01.742 INFO [http-apr-8090-exec-58] org.apache.catalina.startup.HostConfig.deployDescriptor Deployment of configuration descriptor C:\Users\mbernedo.REMAGEOS\Desktop\apache-tomcat-8.0.37\conf\Catalina\localhost\PrograInter.xml has finished in 100 ms
26-Sep-2016 13:32:01.752 INFO [http-apr-8090-exec-55] org.apache.catalina.util.LifecycleBase.start The start() method was called on component [StandardEngine[Catalina].StandardHost[localhost].StandardContext[/PrograInter]] after start() had already been called. The second call will be ignored.
26-Sep-2016 13:33:36.086 WARNING [http-apr-8090-exec-63] org.apache.catalina.loader.WebappClassLoaderBase.clearReferencesJdbc La aplicación web [PrograInter] registró el conductor JDBC [com.mysql.jdbc.Driver] pero falló al anular el registro mientras la aplicación web estaba parada. Para prevenir un fallo de memoria, se ha anulado el registro del conductor JDBC por la fuerza.
26-Sep-2016 13:33:36.590 INFO [http-apr-8090-exec-63] org.apache.catalina.startup.HostConfig.undeploy Repliegue (undeploy) de la aplicación web que tiene como trayectoria de contexto /PrograInter
26-Sep-2016 13:33:36.600 INFO [http-apr-8090-exec-60] org.apache.catalina.startup.HostConfig.deployDescriptor Desplieque del descriptor de configuración C:\Users\mbernedo.REMAGEOS\Desktop\apache-tomcat-8.0.37\conf\Catalina\localhost\PrograInter.xml
26-Sep-2016 13:33:36.700 INFO [http-apr-8090-exec-60] org.apache.jasper.servlet.TldScanner.scanJars Al menos un JAR, que se ha explorado buscando TLDs, aún no contenía TLDs. Activar historial de depuración para este historiador para una completa lista de los JARs que fueron explorados y de los que nos se halló TLDs. Saltarse JARs no necesarios durante la exploración puede dar lugar a una mejora de tiempo significativa en el arranque y compilación de JSP .
26-Sep-2016 13:33:36.700 INFO [http-apr-8090-exec-60] org.apache.catalina.startup.HostConfig.deployDescriptor Deployment of configuration descriptor C:\Users\mbernedo.REMAGEOS\Desktop\apache-tomcat-8.0.37\conf\Catalina\localhost\PrograInter.xml has finished in 100 ms
26-Sep-2016 13:33:36.710 INFO [http-apr-8090-exec-66] org.apache.catalina.util.LifecycleBase.start The start() method was called on component [StandardEngine[Catalina].StandardHost[localhost].StandardContext[/PrograInter]] after start() had already been called. The second call will be ignored.
26-Sep-2016 13:34:26.117 WARNING [http-apr-8090-exec-66] org.apache.catalina.loader.WebappClassLoaderBase.clearReferencesJdbc La aplicación web [PrograInter] registró el conductor JDBC [com.mysql.jdbc.Driver] pero falló al anular el registro mientras la aplicación web estaba parada. Para prevenir un fallo de memoria, se ha anulado el registro del conductor JDBC por la fuerza.
26-Sep-2016 13:34:26.622 INFO [http-apr-8090-exec-66] org.apache.catalina.startup.HostConfig.undeploy Repliegue (undeploy) de la aplicación web que tiene como trayectoria de contexto /PrograInter
26-Sep-2016 13:34:26.632 INFO [http-apr-8090-exec-62] org.apache.catalina.startup.HostConfig.deployDescriptor Desplieque del descriptor de configuración C:\Users\mbernedo.REMAGEOS\Desktop\apache-tomcat-8.0.37\conf\Catalina\localhost\PrograInter.xml
26-Sep-2016 13:34:26.722 INFO [http-apr-8090-exec-62] org.apache.jasper.servlet.TldScanner.scanJars Al menos un JAR, que se ha explorado buscando TLDs, aún no contenía TLDs. Activar historial de depuración para este historiador para una completa lista de los JARs que fueron explorados y de los que nos se halló TLDs. Saltarse JARs no necesarios durante la exploración puede dar lugar a una mejora de tiempo significativa en el arranque y compilación de JSP .
26-Sep-2016 13:34:26.732 INFO [http-apr-8090-exec-62] org.apache.catalina.startup.HostConfig.deployDescriptor Deployment of configuration descriptor C:\Users\mbernedo.REMAGEOS\Desktop\apache-tomcat-8.0.37\conf\Catalina\localhost\PrograInter.xml has finished in 100 ms
26-Sep-2016 13:34:26.732 INFO [http-apr-8090-exec-70] org.apache.catalina.util.LifecycleBase.start The start() method was called on component [StandardEngine[Catalina].StandardHost[localhost].StandardContext[/PrograInter]] after start() had already been called. The second call will be ignored.
26-Sep-2016 13:35:32.047 WARNING [http-apr-8090-exec-70] org.apache.catalina.loader.WebappClassLoaderBase.clearReferencesJdbc La aplicación web [PrograInter] registró el conductor JDBC [com.mysql.jdbc.Driver] pero falló al anular el registro mientras la aplicación web estaba parada. Para prevenir un fallo de memoria, se ha anulado el registro del conductor JDBC por la fuerza.
26-Sep-2016 13:35:32.552 INFO [http-apr-8090-exec-70] org.apache.catalina.startup.HostConfig.undeploy Repliegue (undeploy) de la aplicación web que tiene como trayectoria de contexto /PrograInter
26-Sep-2016 13:35:32.562 INFO [http-apr-8090-exec-74] org.apache.catalina.startup.HostConfig.deployDescriptor Desplieque del descriptor de configuración C:\Users\mbernedo.REMAGEOS\Desktop\apache-tomcat-8.0.37\conf\Catalina\localhost\PrograInter.xml
26-Sep-2016 13:35:32.652 INFO [http-apr-8090-exec-74] org.apache.jasper.servlet.TldScanner.scanJars Al menos un JAR, que se ha explorado buscando TLDs, aún no contenía TLDs. Activar historial de depuración para este historiador para una completa lista de los JARs que fueron explorados y de los que nos se halló TLDs. Saltarse JARs no necesarios durante la exploración puede dar lugar a una mejora de tiempo significativa en el arranque y compilación de JSP .
26-Sep-2016 13:35:32.662 INFO [http-apr-8090-exec-74] org.apache.catalina.startup.HostConfig.deployDescriptor Deployment of configuration descriptor C:\Users\mbernedo.REMAGEOS\Desktop\apache-tomcat-8.0.37\conf\Catalina\localhost\PrograInter.xml has finished in 100 ms
26-Sep-2016 13:35:32.672 INFO [http-apr-8090-exec-73] org.apache.catalina.util.LifecycleBase.start The start() method was called on component [StandardEngine[Catalina].StandardHost[localhost].StandardContext[/PrograInter]] after start() had already been called. The second call will be ignored.
26-Sep-2016 13:37:25.428 INFO [http-apr-8090-exec-73] org.apache.catalina.core.StandardContext.reload Ha comenzado la recarga de Contexto [/PrograInter]
26-Sep-2016 13:37:25.428 WARNING [http-apr-8090-exec-73] org.apache.catalina.loader.WebappClassLoaderBase.clearReferencesJdbc La aplicación web [PrograInter] registró el conductor JDBC [com.mysql.jdbc.Driver] pero falló al anular el registro mientras la aplicación web estaba parada. Para prevenir un fallo de memoria, se ha anulado el registro del conductor JDBC por la fuerza.
26-Sep-2016 13:37:25.518 INFO [http-apr-8090-exec-73] org.apache.jasper.servlet.TldScanner.scanJars Al menos un JAR, que se ha explorado buscando TLDs, aún no contenía TLDs. Activar historial de depuración para este historiador para una completa lista de los JARs que fueron explorados y de los que nos se halló TLDs. Saltarse JARs no necesarios durante la exploración puede dar lugar a una mejora de tiempo significativa en el arranque y compilación de JSP .
26-Sep-2016 13:37:25.528 INFO [http-apr-8090-exec-73] org.apache.catalina.core.StandardContext.reload Se ha completado la recarga de este Contexto
26-Sep-2016 13:37:29.032 INFO [http-apr-8090-exec-81] org.apache.catalina.core.StandardContext.reload Ha comenzado la recarga de Contexto [/PrograInter]
26-Sep-2016 13:37:29.132 INFO [http-apr-8090-exec-81] org.apache.jasper.servlet.TldScanner.scanJars Al menos un JAR, que se ha explorado buscando TLDs, aún no contenía TLDs. Activar historial de depuración para este historiador para una completa lista de los JARs que fueron explorados y de los que nos se halló TLDs. Saltarse JARs no necesarios durante la exploración puede dar lugar a una mejora de tiempo significativa en el arranque y compilación de JSP .
26-Sep-2016 13:37:29.132 INFO [http-apr-8090-exec-81] org.apache.catalina.core.StandardContext.reload Se ha completado la recarga de este Contexto
26-Sep-2016 13:38:35.040 INFO [http-apr-8090-exec-76] org.apache.catalina.core.StandardContext.reload Ha comenzado la recarga de Contexto [/PrograInter]
26-Sep-2016 13:38:35.050 WARNING [http-apr-8090-exec-76] org.apache.catalina.loader.WebappClassLoaderBase.clearReferencesJdbc La aplicación web [PrograInter] registró el conductor JDBC [com.mysql.jdbc.Driver] pero falló al anular el registro mientras la aplicación web estaba parada. Para prevenir un fallo de memoria, se ha anulado el registro del conductor JDBC por la fuerza.
26-Sep-2016 13:38:35.150 INFO [http-apr-8090-exec-76] org.apache.jasper.servlet.TldScanner.scanJars Al menos un JAR, que se ha explorado buscando TLDs, aún no contenía TLDs. Activar historial de depuración para este historiador para una completa lista de los JARs que fueron explorados y de los que nos se halló TLDs. Saltarse JARs no necesarios durante la exploración puede dar lugar a una mejora de tiempo significativa en el arranque y compilación de JSP .
26-Sep-2016 13:38:35.150 INFO [http-apr-8090-exec-76] org.apache.catalina.core.StandardContext.reload Se ha completado la recarga de este Contexto
26-Sep-2016 13:39:03.070 INFO [http-apr-8090-exec-82] org.apache.catalina.core.StandardContext.reload Ha comenzado la recarga de Contexto [/PrograInter]
26-Sep-2016 13:39:03.180 INFO [http-apr-8090-exec-82] org.apache.jasper.servlet.TldScanner.scanJars Al menos un JAR, que se ha explorado buscando TLDs, aún no contenía TLDs. Activar historial de depuración para este historiador para una completa lista de los JARs que fueron explorados y de los que nos se halló TLDs. Saltarse JARs no necesarios durante la exploración puede dar lugar a una mejora de tiempo significativa en el arranque y compilación de JSP .
26-Sep-2016 13:39:03.180 INFO [http-apr-8090-exec-82] org.apache.catalina.core.StandardContext.reload Se ha completado la recarga de este Contexto
26-Sep-2016 13:39:11.960 INFO [http-apr-8090-exec-76] org.apache.catalina.core.StandardContext.reload Ha comenzado la recarga de Contexto [/PrograInter]
26-Sep-2016 13:39:12.060 INFO [http-apr-8090-exec-76] org.apache.jasper.servlet.TldScanner.scanJars Al menos un JAR, que se ha explorado buscando TLDs, aún no contenía TLDs. Activar historial de depuración para este historiador para una completa lista de los JARs que fueron explorados y de los que nos se halló TLDs. Saltarse JARs no necesarios durante la exploración puede dar lugar a una mejora de tiempo significativa en el arranque y compilación de JSP .
26-Sep-2016 13:39:12.060 INFO [http-apr-8090-exec-76] org.apache.catalina.core.StandardContext.reload Se ha completado la recarga de este Contexto
26-Sep-2016 13:39:19.201 WARNING [http-apr-8090-exec-59] org.apache.catalina.loader.WebappClassLoaderBase.clearReferencesJdbc La aplicación web [PrograInter] registró el conductor JDBC [com.mysql.jdbc.Driver] pero falló al anular el registro mientras la aplicación web estaba parada. Para prevenir un fallo de memoria, se ha anulado el registro del conductor JDBC por la fuerza.
26-Sep-2016 13:39:19.706 INFO [http-apr-8090-exec-59] org.apache.catalina.startup.HostConfig.undeploy Repliegue (undeploy) de la aplicación web que tiene como trayectoria de contexto /PrograInter
26-Sep-2016 13:39:19.716 INFO [http-apr-8090-exec-85] org.apache.catalina.startup.HostConfig.deployDescriptor Desplieque del descriptor de configuración C:\Users\mbernedo.REMAGEOS\Desktop\apache-tomcat-8.0.37\conf\Catalina\localhost\PrograInter.xml
26-Sep-2016 13:39:19.816 INFO [http-apr-8090-exec-85] org.apache.jasper.servlet.TldScanner.scanJars Al menos un JAR, que se ha explorado buscando TLDs, aún no contenía TLDs. Activar historial de depuración para este historiador para una completa lista de los JARs que fueron explorados y de los que nos se halló TLDs. Saltarse JARs no necesarios durante la exploración puede dar lugar a una mejora de tiempo significativa en el arranque y compilación de JSP .
26-Sep-2016 13:39:19.816 INFO [http-apr-8090-exec-85] org.apache.catalina.startup.HostConfig.deployDescriptor Deployment of configuration descriptor C:\Users\mbernedo.REMAGEOS\Desktop\apache-tomcat-8.0.37\conf\Catalina\localhost\PrograInter.xml has finished in 100 ms
26-Sep-2016 13:39:19.826 INFO [http-apr-8090-exec-83] org.apache.catalina.util.LifecycleBase.start The start() method was called on component [StandardEngine[Catalina].StandardHost[localhost].StandardContext[/PrograInter]] after start() had already been called. The second call will be ignored.
26-Sep-2016 13:43:08.520 WARNING [http-apr-8090-exec-91] org.apache.catalina.loader.WebappClassLoaderBase.clearReferencesJdbc La aplicación web [PrograInter] registró el conductor JDBC [com.mysql.jdbc.Driver] pero falló al anular el registro mientras la aplicación web estaba parada. Para prevenir un fallo de memoria, se ha anulado el registro del conductor JDBC por la fuerza.
26-Sep-2016 13:43:09.020 INFO [http-apr-8090-exec-91] org.apache.catalina.startup.HostConfig.undeploy Repliegue (undeploy) de la aplicación web que tiene como trayectoria de contexto /PrograInter
26-Sep-2016 13:43:09.030 INFO [http-apr-8090-exec-89] org.apache.catalina.startup.HostConfig.deployDescriptor Desplieque del descriptor de configuración C:\Users\mbernedo.REMAGEOS\Desktop\apache-tomcat-8.0.37\conf\Catalina\localhost\PrograInter.xml
26-Sep-2016 13:43:09.130 INFO [http-apr-8090-exec-89] org.apache.jasper.servlet.TldScanner.scanJars Al menos un JAR, que se ha explorado buscando TLDs, aún no contenía TLDs. Activar historial de depuración para este historiador para una completa lista de los JARs que fueron explorados y de los que nos se halló TLDs. Saltarse JARs no necesarios durante la exploración puede dar lugar a una mejora de tiempo significativa en el arranque y compilación de JSP .
26-Sep-2016 13:43:09.130 INFO [http-apr-8090-exec-89] org.apache.catalina.startup.HostConfig.deployDescriptor Deployment of configuration descriptor C:\Users\mbernedo.REMAGEOS\Desktop\apache-tomcat-8.0.37\conf\Catalina\localhost\PrograInter.xml has finished in 100 ms
26-Sep-2016 13:43:09.150 INFO [http-apr-8090-exec-96] org.apache.catalina.util.LifecycleBase.start The start() method was called on component [StandardEngine[Catalina].StandardHost[localhost].StandardContext[/PrograInter]] after start() had already been called. The second call will be ignored.
26-Sep-2016 13:50:43.038 WARNING [http-apr-8090-exec-98] org.apache.catalina.loader.WebappClassLoaderBase.clearReferencesJdbc La aplicación web [PrograInter] registró el conductor JDBC [com.mysql.jdbc.Driver] pero falló al anular el registro mientras la aplicación web estaba parada. Para prevenir un fallo de memoria, se ha anulado el registro del conductor JDBC por la fuerza.
26-Sep-2016 13:50:43.539 INFO [http-apr-8090-exec-98] org.apache.catalina.startup.HostConfig.undeploy Repliegue (undeploy) de la aplicación web que tiene como trayectoria de contexto /PrograInter
26-Sep-2016 13:51:03.939 INFO [http-apr-8090-exec-99] org.apache.catalina.startup.HostConfig.deployDescriptor Desplieque del descriptor de configuración C:\Users\mbernedo.REMAGEOS\Desktop\apache-tomcat-8.0.37\conf\Catalina\localhost\PrograInter.xml
26-Sep-2016 13:51:04.029 INFO [http-apr-8090-exec-99] org.apache.jasper.servlet.TldScanner.scanJars Al menos un JAR, que se ha explorado buscando TLDs, aún no contenía TLDs. Activar historial de depuración para este historiador para una completa lista de los JARs que fueron explorados y de los que nos se halló TLDs. Saltarse JARs no necesarios durante la exploración puede dar lugar a una mejora de tiempo significativa en el arranque y compilación de JSP .
26-Sep-2016 13:51:04.031 INFO [http-apr-8090-exec-99] org.apache.catalina.startup.HostConfig.deployDescriptor Deployment of configuration descriptor C:\Users\mbernedo.REMAGEOS\Desktop\apache-tomcat-8.0.37\conf\Catalina\localhost\PrograInter.xml has finished in 92 ms
26-Sep-2016 13:51:04.034 INFO [http-apr-8090-exec-100] org.apache.catalina.util.LifecycleBase.start The start() method was called on component [StandardEngine[Catalina].StandardHost[localhost].StandardContext[/PrograInter]] after start() had already been called. The second call will be ignored.
26-Sep-2016 13:58:47.951 INFO [http-apr-8090-exec-109] org.apache.catalina.core.StandardContext.reload Ha comenzado la recarga de Contexto [/PrograInter]
26-Sep-2016 13:58:47.951 WARNING [http-apr-8090-exec-109] org.apache.catalina.loader.WebappClassLoaderBase.clearReferencesJdbc La aplicación web [PrograInter] registró el conductor JDBC [com.mysql.jdbc.Driver] pero falló al anular el registro mientras la aplicación web estaba parada. Para prevenir un fallo de memoria, se ha anulado el registro del conductor JDBC por la fuerza.
26-Sep-2016 13:58:48.051 INFO [http-apr-8090-exec-109] org.apache.jasper.servlet.TldScanner.scanJars Al menos un JAR, que se ha explorado buscando TLDs, aún no contenía TLDs. Activar historial de depuración para este historiador para una completa lista de los JARs que fueron explorados y de los que nos se halló TLDs. Saltarse JARs no necesarios durante la exploración puede dar lugar a una mejora de tiempo significativa en el arranque y compilación de JSP .
26-Sep-2016 13:58:48.061 INFO [http-apr-8090-exec-109] org.apache.catalina.core.StandardContext.reload Se ha completado la recarga de este Contexto
26-Sep-2016 14:01:02.332 INFO [http-apr-8090-exec-108] org.apache.catalina.core.StandardContext.reload Ha comenzado la recarga de Contexto [/PrograInter]
26-Sep-2016 14:01:02.432 INFO [http-apr-8090-exec-108] org.apache.jasper.servlet.TldScanner.scanJars Al menos un JAR, que se ha explorado buscando TLDs, aún no contenía TLDs. Activar historial de depuración para este historiador para una completa lista de los JARs que fueron explorados y de los que nos se halló TLDs. Saltarse JARs no necesarios durante la exploración puede dar lugar a una mejora de tiempo significativa en el arranque y compilación de JSP .
26-Sep-2016 14:01:02.432 INFO [http-apr-8090-exec-108] org.apache.catalina.core.StandardContext.reload Se ha completado la recarga de este Contexto
26-Sep-2016 14:01:02.816 INFO [http-apr-8090-exec-119] org.apache.catalina.core.StandardContext.reload Ha comenzado la recarga de Contexto [/PrograInter]
26-Sep-2016 14:01:02.926 INFO [http-apr-8090-exec-119] org.apache.jasper.servlet.TldScanner.scanJars Al menos un JAR, que se ha explorado buscando TLDs, aún no contenía TLDs. Activar historial de depuración para este historiador para una completa lista de los JARs que fueron explorados y de los que nos se halló TLDs. Saltarse JARs no necesarios durante la exploración puede dar lugar a una mejora de tiempo significativa en el arranque y compilación de JSP .
26-Sep-2016 14:01:02.926 INFO [http-apr-8090-exec-119] org.apache.catalina.core.StandardContext.reload Se ha completado la recarga de este Contexto
26-Sep-2016 14:10:53.234 INFO [http-apr-8090-exec-130] org.apache.catalina.core.StandardContext.reload Ha comenzado la recarga de Contexto [/PrograInter]
26-Sep-2016 14:10:53.334 INFO [http-apr-8090-exec-130] org.apache.jasper.servlet.TldScanner.scanJars Al menos un JAR, que se ha explorado buscando TLDs, aún no contenía TLDs. Activar historial de depuración para este historiador para una completa lista de los JARs que fueron explorados y de los que nos se halló TLDs. Saltarse JARs no necesarios durante la exploración puede dar lugar a una mejora de tiempo significativa en el arranque y compilación de JSP .
26-Sep-2016 14:10:53.334 INFO [http-apr-8090-exec-130] org.apache.catalina.core.StandardContext.reload Se ha completado la recarga de este Contexto
26-Sep-2016 14:14:33.330 WARNING [http-apr-8090-exec-133] org.apache.catalina.loader.WebappClassLoaderBase.clearReferencesJdbc La aplicación web [PrograInter] registró el conductor JDBC [com.mysql.jdbc.Driver] pero falló al anular el registro mientras la aplicación web estaba parada. Para prevenir un fallo de memoria, se ha anulado el registro del conductor JDBC por la fuerza.
26-Sep-2016 14:14:33.433 INFO [http-apr-8090-exec-136] org.apache.jasper.servlet.TldScanner.scanJars Al menos un JAR, que se ha explorado buscando TLDs, aún no contenía TLDs. Activar historial de depuración para este historiador para una completa lista de los JARs que fueron explorados y de los que nos se halló TLDs. Saltarse JARs no necesarios durante la exploración puede dar lugar a una mejora de tiempo significativa en el arranque y compilación de JSP .
26-Sep-2016 14:14:33.908 INFO [http-apr-8090-exec-140] org.apache.catalina.core.StandardContext.reload Ha comenzado la recarga de Contexto [/PrograInter]
26-Sep-2016 14:14:34.008 INFO [http-apr-8090-exec-140] org.apache.jasper.servlet.TldScanner.scanJars Al menos un JAR, que se ha explorado buscando TLDs, aún no contenía TLDs. Activar historial de depuración para este historiador para una completa lista de los JARs que fueron explorados y de los que nos se halló TLDs. Saltarse JARs no necesarios durante la exploración puede dar lugar a una mejora de tiempo significativa en el arranque y compilación de JSP .
26-Sep-2016 14:14:34.008 INFO [http-apr-8090-exec-140] org.apache.catalina.core.StandardContext.reload Se ha completado la recarga de este Contexto
26-Sep-2016 14:14:38.096 INFO [ContainerBackgroundProcessor[StandardEngine[Catalina]]] org.apache.catalina.startup.HostConfig.reload Falló la recarga del contexto [/PrograInter]
26-Sep-2016 14:14:38.096 INFO [ContainerBackgroundProcessor[StandardEngine[Catalina]]] org.apache.catalina.core.StandardContext.reload Ha comenzado la recarga de Contexto [/PrograInter]
26-Sep-2016 14:14:38.196 INFO [ContainerBackgroundProcessor[StandardEngine[Catalina]]] org.apache.jasper.servlet.TldScanner.scanJars Al menos un JAR, que se ha explorado buscando TLDs, aún no contenía TLDs. Activar historial de depuración para este historiador para una completa lista de los JARs que fueron explorados y de los que nos se halló TLDs. Saltarse JARs no necesarios durante la exploración puede dar lugar a una mejora de tiempo significativa en el arranque y compilación de JSP .
26-Sep-2016 14:14:38.206 INFO [ContainerBackgroundProcessor[StandardEngine[Catalina]]] org.apache.catalina.core.StandardContext.reload Se ha completado la recarga de este Contexto
26-Sep-2016 14:26:29.905 INFO [http-apr-8090-exec-150] org.apache.catalina.core.StandardContext.reload Ha comenzado la recarga de Contexto [/PrograInter]
26-Sep-2016 14:26:30.005 INFO [http-apr-8090-exec-150] org.apache.jasper.servlet.TldScanner.scanJars Al menos un JAR, que se ha explorado buscando TLDs, aún no contenía TLDs. Activar historial de depuración para este historiador para una completa lista de los JARs que fueron explorados y de los que nos se halló TLDs. Saltarse JARs no necesarios durante la exploración puede dar lugar a una mejora de tiempo significativa en el arranque y compilación de JSP .
26-Sep-2016 14:26:30.005 INFO [http-apr-8090-exec-150] org.apache.catalina.core.StandardContext.reload Se ha completado la recarga de este Contexto
26-Sep-2016 14:30:59.198 INFO [http-apr-8090-exec-154] org.apache.catalina.startup.HostConfig.undeploy Repliegue (undeploy) de la aplicación web que tiene como trayectoria de contexto /PrograInter
26-Sep-2016 14:30:59.198 INFO [http-apr-8090-exec-152] org.apache.catalina.startup.HostConfig.deployDescriptor Desplieque del descriptor de configuración C:\Users\mbernedo.REMAGEOS\Desktop\apache-tomcat-8.0.37\conf\Catalina\localhost\PrograInter.xml
26-Sep-2016 14:30:59.308 INFO [http-apr-8090-exec-152] org.apache.jasper.servlet.TldScanner.scanJars Al menos un JAR, que se ha explorado buscando TLDs, aún no contenía TLDs. Activar historial de depuración para este historiador para una completa lista de los JARs que fueron explorados y de los que nos se halló TLDs. Saltarse JARs no necesarios durante la exploración puede dar lugar a una mejora de tiempo significativa en el arranque y compilación de JSP .
26-Sep-2016 14:30:59.318 INFO [http-apr-8090-exec-152] org.apache.catalina.startup.HostConfig.deployDescriptor Deployment of configuration descriptor C:\Users\mbernedo.REMAGEOS\Desktop\apache-tomcat-8.0.37\conf\Catalina\localhost\PrograInter.xml has finished in 120 ms
26-Sep-2016 14:30:59.318 INFO [http-apr-8090-exec-144] org.apache.catalina.util.LifecycleBase.start The start() method was called on component [StandardEngine[Catalina].StandardHost[localhost].StandardContext[/PrograInter]] after start() had already been called. The second call will be ignored.
