26-Sep-2016 12:40:39.662 INFO [http-apr-8090-exec-10] org.apache.catalina.core.ApplicationContext.log Manager: init: Associated with Deployer 'Catalina:type=Deployer,host=localhost'
26-Sep-2016 12:40:39.662 INFO [http-apr-8090-exec-10] org.apache.catalina.core.ApplicationContext.log Manager: init: Global resources are available
26-Sep-2016 12:40:39.662 INFO [http-apr-8090-exec-10] org.apache.catalina.core.ApplicationContext.log Manager: list: Listing contexts for virtual host 'localhost'
26-Sep-2016 12:40:39.678 INFO [http-apr-8090-exec-1] org.apache.catalina.core.ApplicationContext.log Manager: list: Listing contexts for virtual host 'localhost'
26-Sep-2016 12:40:39.693 INFO [http-apr-8090-exec-3] org.apache.catalina.core.ApplicationContext.log Manager: undeploy: Undeploying web application at '/Clase05'
26-Sep-2016 12:40:40.255 INFO [http-apr-8090-exec-6] org.apache.catalina.core.ApplicationContext.log Manager: install: Installing context configuration at 'file:/C:/Users/MBERNE~1.REM/AppData/Local/Temp/context4486942111113860141.xml'
26-Sep-2016 12:40:40.364 INFO [http-apr-8090-exec-5] org.apache.catalina.core.ApplicationContext.log Manager: start: Starting web application '/PrograInter'
26-Sep-2016 12:42:14.668 INFO [http-apr-8090-exec-10] org.apache.catalina.core.ApplicationContext.log Manager: list: Listing contexts for virtual host 'localhost'
26-Sep-2016 12:42:14.668 INFO [http-apr-8090-exec-11] org.apache.catalina.core.ApplicationContext.log Manager: list: Listing contexts for virtual host 'localhost'
26-Sep-2016 12:43:19.434 INFO [http-apr-8090-exec-8] org.apache.catalina.core.ApplicationContext.log Manager: list: Listing contexts for virtual host 'localhost'
26-Sep-2016 12:43:19.434 INFO [http-apr-8090-exec-14] org.apache.catalina.core.ApplicationContext.log Manager: list: Listing contexts for virtual host 'localhost'
26-Sep-2016 12:43:44.382 INFO [http-apr-8090-exec-12] org.apache.catalina.core.ApplicationContext.log Manager: list: Listing contexts for virtual host 'localhost'
26-Sep-2016 12:56:54.885 INFO [http-apr-8090-exec-11] org.apache.catalina.core.ApplicationContext.log Manager: list: Listing contexts for virtual host 'localhost'
26-Sep-2016 12:57:08.017 INFO [http-apr-8090-exec-14] org.apache.catalina.core.ApplicationContext.log Manager: list: Listing contexts for virtual host 'localhost'
26-Sep-2016 13:00:42.685 INFO [http-apr-8090-exec-13] org.apache.catalina.core.ApplicationContext.log Manager: list: Listing contexts for virtual host 'localhost'
26-Sep-2016 13:00:42.695 INFO [http-apr-8090-exec-19] org.apache.catalina.core.ApplicationContext.log Manager: restart: Reloading web application '/PrograInter'
26-Sep-2016 13:01:17.142 INFO [http-apr-8090-exec-21] org.apache.catalina.core.ApplicationContext.log Manager: list: Listing contexts for virtual host 'localhost'
26-Sep-2016 13:01:17.152 INFO [http-apr-8090-exec-15] org.apache.catalina.core.ApplicationContext.log Manager: restart: Reloading web application '/PrograInter'
26-Sep-2016 13:01:22.750 INFO [http-apr-8090-exec-15] org.apache.catalina.core.ApplicationContext.log Manager: list: Listing contexts for virtual host 'localhost'
26-Sep-2016 13:01:22.760 INFO [http-apr-8090-exec-11] org.apache.catalina.core.ApplicationContext.log Manager: restart: Reloading web application '/PrograInter'
26-Sep-2016 13:03:26.701 INFO [http-apr-8090-exec-11] org.apache.catalina.core.ApplicationContext.log Manager: list: Listing contexts for virtual host 'localhost'
26-Sep-2016 13:03:26.711 INFO [http-apr-8090-exec-21] org.apache.catalina.core.ApplicationContext.log Manager: restart: Reloading web application '/PrograInter'
26-Sep-2016 13:03:31.303 INFO [http-apr-8090-exec-12] org.apache.catalina.core.ApplicationContext.log Manager: list: Listing contexts for virtual host 'localhost'
26-Sep-2016 13:03:31.303 INFO [http-apr-8090-exec-21] org.apache.catalina.core.ApplicationContext.log Manager: restart: Reloading web application '/PrograInter'
26-Sep-2016 13:03:43.279 INFO [http-apr-8090-exec-18] org.apache.catalina.core.ApplicationContext.log Manager: list: Listing contexts for virtual host 'localhost'
26-Sep-2016 13:03:43.289 INFO [http-apr-8090-exec-21] org.apache.catalina.core.ApplicationContext.log Manager: restart: Reloading web application '/PrograInter'
26-Sep-2016 13:08:21.094 INFO [http-apr-8090-exec-21] org.apache.catalina.core.ApplicationContext.log Manager: list: Listing contexts for virtual host 'localhost'
26-Sep-2016 13:08:21.104 INFO [http-apr-8090-exec-24] org.apache.catalina.core.ApplicationContext.log Manager: restart: Reloading web application '/PrograInter'
26-Sep-2016 13:08:21.234 INFO [http-apr-8090-exec-32] org.apache.catalina.core.ApplicationContext.log Manager: list: Listing contexts for virtual host 'localhost'
26-Sep-2016 13:08:21.234 INFO [http-apr-8090-exec-29] org.apache.catalina.core.ApplicationContext.log Manager: restart: Reloading web application '/PrograInter'
26-Sep-2016 13:08:21.736 INFO [http-apr-8090-exec-34] org.apache.catalina.core.ApplicationContext.log Manager: list: Listing contexts for virtual host 'localhost'
26-Sep-2016 13:08:21.736 INFO [http-apr-8090-exec-24] org.apache.catalina.core.ApplicationContext.log Manager: restart: Reloading web application '/PrograInter'
26-Sep-2016 13:08:55.228 INFO [http-apr-8090-exec-24] org.apache.catalina.core.ApplicationContext.log Manager: list: Listing contexts for virtual host 'localhost'
26-Sep-2016 13:08:55.238 INFO [http-apr-8090-exec-26] org.apache.catalina.core.ApplicationContext.log Manager: restart: Reloading web application '/PrograInter'
26-Sep-2016 13:09:27.076 INFO [http-apr-8090-exec-26] org.apache.catalina.core.ApplicationContext.log Manager: list: Listing contexts for virtual host 'localhost'
26-Sep-2016 13:09:27.076 INFO [http-apr-8090-exec-33] org.apache.catalina.core.ApplicationContext.log Manager: restart: Reloading web application '/PrograInter'
26-Sep-2016 13:10:16.838 INFO [http-apr-8090-exec-4] org.apache.catalina.core.ApplicationContext.log Manager: init: Associated with Deployer 'Catalina:type=Deployer,host=localhost'
26-Sep-2016 13:10:16.838 INFO [http-apr-8090-exec-4] org.apache.catalina.core.ApplicationContext.log Manager: init: Global resources are available
26-Sep-2016 13:10:16.838 INFO [http-apr-8090-exec-4] org.apache.catalina.core.ApplicationContext.log Manager: list: Listing contexts for virtual host 'localhost'
26-Sep-2016 13:10:16.838 INFO [http-apr-8090-exec-5] org.apache.catalina.core.ApplicationContext.log Manager: list: Listing contexts for virtual host 'localhost'
26-Sep-2016 13:10:16.848 INFO [http-apr-8090-exec-6] org.apache.catalina.core.ApplicationContext.log Manager: undeploy: Undeploying web application at '/PrograInter'
26-Sep-2016 13:10:17.368 INFO [http-apr-8090-exec-5] org.apache.catalina.core.ApplicationContext.log Manager: install: Installing context configuration at 'file:/C:/Users/MBERNE~1.REM/AppData/Local/Temp/context7331771161824972616.xml'
26-Sep-2016 13:10:17.491 INFO [http-apr-8090-exec-4] org.apache.catalina.core.ApplicationContext.log Manager: start: Starting web application '/PrograInter'
26-Sep-2016 13:12:56.663 INFO [http-apr-8090-exec-1] org.apache.catalina.core.ApplicationContext.log Manager: list: Listing contexts for virtual host 'localhost'
26-Sep-2016 13:12:56.663 INFO [http-apr-8090-exec-16] org.apache.catalina.core.ApplicationContext.log Manager: restart: Reloading web application '/PrograInter'
26-Sep-2016 13:13:08.190 INFO [http-apr-8090-exec-16] org.apache.catalina.core.ApplicationContext.log Manager: list: Listing contexts for virtual host 'localhost'
26-Sep-2016 13:13:08.190 INFO [http-apr-8090-exec-17] org.apache.catalina.core.ApplicationContext.log Manager: restart: Reloading web application '/PrograInter'
26-Sep-2016 13:13:28.560 INFO [http-apr-8090-exec-17] org.apache.catalina.core.ApplicationContext.log Manager: list: Listing contexts for virtual host 'localhost'
26-Sep-2016 13:13:28.570 INFO [http-apr-8090-exec-3] org.apache.catalina.core.ApplicationContext.log Manager: restart: Reloading web application '/PrograInter'
26-Sep-2016 13:13:49.368 INFO [http-apr-8090-exec-12] org.apache.catalina.core.ApplicationContext.log Manager: list: Listing contexts for virtual host 'localhost'
26-Sep-2016 13:13:49.368 INFO [http-apr-8090-exec-3] org.apache.catalina.core.ApplicationContext.log Manager: restart: Reloading web application '/PrograInter'
26-Sep-2016 13:14:14.766 INFO [http-apr-8090-exec-7] org.apache.catalina.core.ApplicationContext.log Manager: list: Listing contexts for virtual host 'localhost'
26-Sep-2016 13:14:14.776 INFO [http-apr-8090-exec-3] org.apache.catalina.core.ApplicationContext.log Manager: restart: Reloading web application '/PrograInter'
26-Sep-2016 13:14:37.734 INFO [http-apr-8090-exec-21] org.apache.catalina.core.ApplicationContext.log Manager: list: Listing contexts for virtual host 'localhost'
26-Sep-2016 13:14:37.734 INFO [http-apr-8090-exec-3] org.apache.catalina.core.ApplicationContext.log Manager: restart: Reloading web application '/PrograInter'
26-Sep-2016 13:15:10.662 INFO [http-apr-8090-exec-17] org.apache.catalina.core.ApplicationContext.log Manager: list: Listing contexts for virtual host 'localhost'
26-Sep-2016 13:15:10.662 INFO [http-apr-8090-exec-3] org.apache.catalina.core.ApplicationContext.log Manager: restart: Reloading web application '/PrograInter'
26-Sep-2016 13:15:21.898 INFO [http-apr-8090-exec-11] org.apache.catalina.core.ApplicationContext.log Manager: list: Listing contexts for virtual host 'localhost'
26-Sep-2016 13:15:21.908 INFO [http-apr-8090-exec-3] org.apache.catalina.core.ApplicationContext.log Manager: restart: Reloading web application '/PrograInter'
26-Sep-2016 13:16:03.794 INFO [http-apr-8090-exec-16] org.apache.catalina.core.ApplicationContext.log Manager: list: Listing contexts for virtual host 'localhost'
26-Sep-2016 13:16:17.701 INFO [http-apr-8090-exec-11] org.apache.catalina.core.ApplicationContext.log Manager: list: Listing contexts for virtual host 'localhost'
26-Sep-2016 13:17:26.715 INFO [http-apr-8090-exec-29] org.apache.catalina.core.ApplicationContext.log Manager: list: Listing contexts for virtual host 'localhost'
26-Sep-2016 13:18:08.915 INFO [http-apr-8090-exec-29] org.apache.catalina.core.ApplicationContext.log Manager: list: Listing contexts for virtual host 'localhost'
26-Sep-2016 13:18:27.521 INFO [http-apr-8090-exec-29] org.apache.catalina.core.ApplicationContext.log Manager: list: Listing contexts for virtual host 'localhost'
26-Sep-2016 13:18:32.111 INFO [http-apr-8090-exec-26] org.apache.catalina.core.ApplicationContext.log Manager: list: Listing contexts for virtual host 'localhost'
26-Sep-2016 13:19:56.952 INFO [http-apr-8090-exec-34] org.apache.catalina.core.ApplicationContext.log Manager: list: Listing contexts for virtual host 'localhost'
26-Sep-2016 13:21:18.028 INFO [http-apr-8090-exec-34] org.apache.catalina.core.ApplicationContext.log Manager: list: Listing contexts for virtual host 'localhost'
26-Sep-2016 13:23:30.784 INFO [http-apr-8090-exec-34] org.apache.catalina.core.ApplicationContext.log Manager: list: Listing contexts for virtual host 'localhost'
26-Sep-2016 13:23:30.794 INFO [http-apr-8090-exec-35] org.apache.catalina.core.ApplicationContext.log Manager: restart: Reloading web application '/PrograInter'
26-Sep-2016 13:24:26.529 INFO [http-apr-8090-exec-36] org.apache.catalina.core.ApplicationContext.log Manager: list: Listing contexts for virtual host 'localhost'
26-Sep-2016 13:24:55.015 INFO [http-apr-8090-exec-37] org.apache.catalina.core.ApplicationContext.log Manager: list: Listing contexts for virtual host 'localhost'
26-Sep-2016 13:25:56.214 INFO [http-apr-8090-exec-38] org.apache.catalina.core.ApplicationContext.log Manager: list: Listing contexts for virtual host 'localhost'
26-Sep-2016 13:26:35.770 INFO [http-apr-8090-exec-40] org.apache.catalina.core.ApplicationContext.log Manager: list: Listing contexts for virtual host 'localhost'
26-Sep-2016 13:27:02.349 INFO [http-apr-8090-exec-45] org.apache.catalina.core.ApplicationContext.log Manager: list: Listing contexts for virtual host 'localhost'
26-Sep-2016 13:27:26.034 INFO [http-apr-8090-exec-43] org.apache.catalina.core.ApplicationContext.log Manager: list: Listing contexts for virtual host 'localhost'
26-Sep-2016 13:27:26.044 INFO [http-apr-8090-exec-44] org.apache.catalina.core.ApplicationContext.log Manager: list: Listing contexts for virtual host 'localhost'
26-Sep-2016 13:27:26.054 INFO [http-apr-8090-exec-45] org.apache.catalina.core.ApplicationContext.log Manager: undeploy: Undeploying web application at '/PrograInter'
26-Sep-2016 13:27:26.568 INFO [http-apr-8090-exec-41] org.apache.catalina.core.ApplicationContext.log Manager: install: Installing context configuration at 'file:/C:/Users/MBERNE~1.REM/AppData/Local/Temp/context3502483973255348672.xml'
26-Sep-2016 13:27:27.178 INFO [http-apr-8090-exec-44] org.apache.catalina.core.ApplicationContext.log Manager: start: Starting web application '/PrograInter'
26-Sep-2016 13:29:10.293 INFO [http-apr-8090-exec-37] org.apache.catalina.core.ApplicationContext.log Manager: list: Listing contexts for virtual host 'localhost'
26-Sep-2016 13:29:10.293 INFO [http-apr-8090-exec-40] org.apache.catalina.core.ApplicationContext.log Manager: restart: Reloading web application '/PrograInter'
26-Sep-2016 13:29:22.631 INFO [http-apr-8090-exec-40] org.apache.catalina.core.ApplicationContext.log Manager: list: Listing contexts for virtual host 'localhost'
26-Sep-2016 13:29:22.641 INFO [http-apr-8090-exec-55] org.apache.catalina.core.ApplicationContext.log Manager: list: Listing contexts for virtual host 'localhost'
26-Sep-2016 13:29:22.651 INFO [http-apr-8090-exec-52] org.apache.catalina.core.ApplicationContext.log Manager: restart: Reloading web application '/PrograInter'
26-Sep-2016 13:29:48.527 INFO [http-apr-8090-exec-54] org.apache.catalina.core.ApplicationContext.log Manager: list: Listing contexts for virtual host 'localhost'
26-Sep-2016 13:29:48.537 INFO [http-apr-8090-exec-52] org.apache.catalina.core.ApplicationContext.log Manager: restart: Reloading web application '/PrograInter'
26-Sep-2016 13:32:01.118 INFO [http-apr-8090-exec-60] org.apache.catalina.core.ApplicationContext.log Manager: list: Listing contexts for virtual host 'localhost'
26-Sep-2016 13:32:01.118 INFO [http-apr-8090-exec-50] org.apache.catalina.core.ApplicationContext.log Manager: list: Listing contexts for virtual host 'localhost'
26-Sep-2016 13:32:01.118 INFO [http-apr-8090-exec-46] org.apache.catalina.core.ApplicationContext.log Manager: undeploy: Undeploying web application at '/PrograInter'
26-Sep-2016 13:32:01.632 INFO [http-apr-8090-exec-58] org.apache.catalina.core.ApplicationContext.log Manager: install: Installing context configuration at 'file:/C:/Users/MBERNE~1.REM/AppData/Local/Temp/context1650773406610808380.xml'
26-Sep-2016 13:32:01.752 INFO [http-apr-8090-exec-55] org.apache.catalina.core.ApplicationContext.log Manager: start: Starting web application '/PrograInter'
26-Sep-2016 13:33:36.066 INFO [http-apr-8090-exec-59] org.apache.catalina.core.ApplicationContext.log Manager: list: Listing contexts for virtual host 'localhost'
26-Sep-2016 13:33:36.076 INFO [http-apr-8090-exec-65] org.apache.catalina.core.ApplicationContext.log Manager: list: Listing contexts for virtual host 'localhost'
26-Sep-2016 13:33:36.086 INFO [http-apr-8090-exec-63] org.apache.catalina.core.ApplicationContext.log Manager: undeploy: Undeploying web application at '/PrograInter'
26-Sep-2016 13:33:36.600 INFO [http-apr-8090-exec-60] org.apache.catalina.core.ApplicationContext.log Manager: install: Installing context configuration at 'file:/C:/Users/MBERNE~1.REM/AppData/Local/Temp/context5345748467950648194.xml'
26-Sep-2016 13:33:36.710 INFO [http-apr-8090-exec-66] org.apache.catalina.core.ApplicationContext.log Manager: start: Starting web application '/PrograInter'
26-Sep-2016 13:34:26.107 INFO [http-apr-8090-exec-68] org.apache.catalina.core.ApplicationContext.log Manager: list: Listing contexts for virtual host 'localhost'
26-Sep-2016 13:34:26.107 INFO [http-apr-8090-exec-60] org.apache.catalina.core.ApplicationContext.log Manager: list: Listing contexts for virtual host 'localhost'
26-Sep-2016 13:34:26.107 INFO [http-apr-8090-exec-66] org.apache.catalina.core.ApplicationContext.log Manager: undeploy: Undeploying web application at '/PrograInter'
26-Sep-2016 13:34:26.622 INFO [http-apr-8090-exec-62] org.apache.catalina.core.ApplicationContext.log Manager: install: Installing context configuration at 'file:/C:/Users/MBERNE~1.REM/AppData/Local/Temp/context1120419057322425515.xml'
26-Sep-2016 13:34:26.732 INFO [http-apr-8090-exec-70] org.apache.catalina.core.ApplicationContext.log Manager: start: Starting web application '/PrograInter'
26-Sep-2016 13:35:31.962 INFO [http-apr-8090-exec-71] org.apache.catalina.core.ApplicationContext.log Manager: list: Listing contexts for virtual host 'localhost'
26-Sep-2016 13:35:31.972 INFO [http-apr-8090-exec-62] org.apache.catalina.core.ApplicationContext.log Manager: list: Listing contexts for virtual host 'localhost'
26-Sep-2016 13:35:31.982 INFO [http-apr-8090-exec-70] org.apache.catalina.core.ApplicationContext.log Manager: undeploy: Undeploying web application at '/PrograInter'
26-Sep-2016 13:35:32.562 INFO [http-apr-8090-exec-74] org.apache.catalina.core.ApplicationContext.log Manager: install: Installing context configuration at 'file:/C:/Users/MBERNE~1.REM/AppData/Local/Temp/context5395317931865494873.xml'
26-Sep-2016 13:35:32.672 INFO [http-apr-8090-exec-73] org.apache.catalina.core.ApplicationContext.log Manager: start: Starting web application '/PrograInter'
26-Sep-2016 13:37:25.406 INFO [http-apr-8090-exec-74] org.apache.catalina.core.ApplicationContext.log Manager: list: Listing contexts for virtual host 'localhost'
26-Sep-2016 13:37:25.428 INFO [http-apr-8090-exec-73] org.apache.catalina.core.ApplicationContext.log Manager: restart: Reloading web application '/PrograInter'
26-Sep-2016 13:37:29.012 INFO [http-apr-8090-exec-80] org.apache.catalina.core.ApplicationContext.log Manager: list: Listing contexts for virtual host 'localhost'
26-Sep-2016 13:37:29.012 INFO [http-apr-8090-exec-77] org.apache.catalina.core.ApplicationContext.log Manager: list: Listing contexts for virtual host 'localhost'
26-Sep-2016 13:37:29.032 INFO [http-apr-8090-exec-81] org.apache.catalina.core.ApplicationContext.log Manager: restart: Reloading web application '/PrograInter'
26-Sep-2016 13:38:35.040 INFO [http-apr-8090-exec-80] org.apache.catalina.core.ApplicationContext.log Manager: list: Listing contexts for virtual host 'localhost'
26-Sep-2016 13:38:35.040 INFO [http-apr-8090-exec-76] org.apache.catalina.core.ApplicationContext.log Manager: restart: Reloading web application '/PrograInter'
26-Sep-2016 13:39:03.070 INFO [http-apr-8090-exec-76] org.apache.catalina.core.ApplicationContext.log Manager: list: Listing contexts for virtual host 'localhost'
26-Sep-2016 13:39:03.070 INFO [http-apr-8090-exec-82] org.apache.catalina.core.ApplicationContext.log Manager: restart: Reloading web application '/PrograInter'
26-Sep-2016 13:39:11.940 INFO [http-apr-8090-exec-84] org.apache.catalina.core.ApplicationContext.log Manager: list: Listing contexts for virtual host 'localhost'
26-Sep-2016 13:39:11.940 INFO [http-apr-8090-exec-86] org.apache.catalina.core.ApplicationContext.log Manager: list: Listing contexts for virtual host 'localhost'
26-Sep-2016 13:39:11.960 INFO [http-apr-8090-exec-76] org.apache.catalina.core.ApplicationContext.log Manager: restart: Reloading web application '/PrograInter'
26-Sep-2016 13:39:19.181 INFO [http-apr-8090-exec-82] org.apache.catalina.core.ApplicationContext.log Manager: list: Listing contexts for virtual host 'localhost'
26-Sep-2016 13:39:19.191 INFO [http-apr-8090-exec-83] org.apache.catalina.core.ApplicationContext.log Manager: list: Listing contexts for virtual host 'localhost'
26-Sep-2016 13:39:19.201 INFO [http-apr-8090-exec-59] org.apache.catalina.core.ApplicationContext.log Manager: undeploy: Undeploying web application at '/PrograInter'
26-Sep-2016 13:39:19.716 INFO [http-apr-8090-exec-85] org.apache.catalina.core.ApplicationContext.log Manager: install: Installing context configuration at 'file:/C:/Users/MBERNE~1.REM/AppData/Local/Temp/context5173421694663283414.xml'
26-Sep-2016 13:39:19.826 INFO [http-apr-8090-exec-83] org.apache.catalina.core.ApplicationContext.log Manager: start: Starting web application '/PrograInter'
26-Sep-2016 13:43:08.500 INFO [http-apr-8090-exec-89] org.apache.catalina.core.ApplicationContext.log Manager: list: Listing contexts for virtual host 'localhost'
26-Sep-2016 13:43:08.510 INFO [http-apr-8090-exec-90] org.apache.catalina.core.ApplicationContext.log Manager: list: Listing contexts for virtual host 'localhost'
26-Sep-2016 13:43:08.520 INFO [http-apr-8090-exec-91] org.apache.catalina.core.ApplicationContext.log Manager: undeploy: Undeploying web application at '/PrograInter'
26-Sep-2016 13:43:09.030 INFO [http-apr-8090-exec-89] org.apache.catalina.core.ApplicationContext.log Manager: install: Installing context configuration at 'file:/C:/Users/MBERNE~1.REM/AppData/Local/Temp/context3404267650943894140.xml'
26-Sep-2016 13:43:09.150 INFO [http-apr-8090-exec-96] org.apache.catalina.core.ApplicationContext.log Manager: start: Starting web application '/PrograInter'
26-Sep-2016 13:50:43.028 INFO [http-apr-8090-exec-104] org.apache.catalina.core.ApplicationContext.log Manager: list: Listing contexts for virtual host 'localhost'
26-Sep-2016 13:50:43.038 INFO [http-apr-8090-exec-98] org.apache.catalina.core.ApplicationContext.log Manager: undeploy: Undeploying web application at '/PrograInter'
26-Sep-2016 13:51:03.918 INFO [http-apr-8090-exec-103] org.apache.catalina.core.ApplicationContext.log Manager: list: Listing contexts for virtual host 'localhost'
26-Sep-2016 13:51:03.929 INFO [http-apr-8090-exec-102] org.apache.catalina.core.ApplicationContext.log Manager: list: Listing contexts for virtual host 'localhost'
26-Sep-2016 13:51:03.939 INFO [http-apr-8090-exec-99] org.apache.catalina.core.ApplicationContext.log Manager: install: Installing context configuration at 'file:/C:/Users/MBERNE~1.REM/AppData/Local/Temp/context7762457355975698785.xml'
26-Sep-2016 13:51:04.034 INFO [http-apr-8090-exec-100] org.apache.catalina.core.ApplicationContext.log Manager: start: Starting web application '/PrograInter'
26-Sep-2016 13:55:11.838 INFO [http-apr-8090-exec-100] org.apache.catalina.core.ApplicationContext.log Manager: list: Listing contexts for virtual host 'localhost'
26-Sep-2016 13:55:19.512 INFO [http-apr-8090-exec-115] org.apache.catalina.core.ApplicationContext.log Manager: list: Listing contexts for virtual host 'localhost'
26-Sep-2016 13:55:19.512 INFO [http-apr-8090-exec-114] org.apache.catalina.core.ApplicationContext.log Manager: list: Listing contexts for virtual host 'localhost'
26-Sep-2016 13:58:47.941 INFO [http-apr-8090-exec-108] org.apache.catalina.core.ApplicationContext.log Manager: list: Listing contexts for virtual host 'localhost'
26-Sep-2016 13:58:47.951 INFO [http-apr-8090-exec-109] org.apache.catalina.core.ApplicationContext.log Manager: restart: Reloading web application '/PrograInter'
26-Sep-2016 14:01:02.322 INFO [http-apr-8090-exec-120] org.apache.catalina.core.ApplicationContext.log Manager: list: Listing contexts for virtual host 'localhost'
26-Sep-2016 14:01:02.332 INFO [http-apr-8090-exec-108] org.apache.catalina.core.ApplicationContext.log Manager: restart: Reloading web application '/PrograInter'
26-Sep-2016 14:01:02.816 INFO [http-apr-8090-exec-111] org.apache.catalina.core.ApplicationContext.log Manager: list: Listing contexts for virtual host 'localhost'
26-Sep-2016 14:01:02.816 INFO [http-apr-8090-exec-119] org.apache.catalina.core.ApplicationContext.log Manager: restart: Reloading web application '/PrograInter'
26-Sep-2016 14:10:53.224 INFO [http-apr-8090-exec-129] org.apache.catalina.core.ApplicationContext.log Manager: list: Listing contexts for virtual host 'localhost'
26-Sep-2016 14:10:53.234 INFO [http-apr-8090-exec-130] org.apache.catalina.core.ApplicationContext.log Manager: restart: Reloading web application '/PrograInter'
26-Sep-2016 14:11:39.745 INFO [http-apr-8090-exec-122] org.apache.catalina.core.ApplicationContext.log Manager: list: Listing contexts for virtual host 'localhost'
26-Sep-2016 14:12:00.518 INFO [http-apr-8090-exec-129] org.apache.catalina.core.ApplicationContext.log Manager: list: Listing contexts for virtual host 'localhost'
26-Sep-2016 14:12:16.740 INFO [http-apr-8090-exec-122] org.apache.catalina.core.ApplicationContext.log Manager: list: Listing contexts for virtual host 'localhost'
26-Sep-2016 14:12:55.108 INFO [http-apr-8090-exec-138] org.apache.catalina.core.ApplicationContext.log Manager: list: Listing contexts for virtual host 'localhost'
26-Sep-2016 14:13:19.499 INFO [http-apr-8090-exec-138] org.apache.catalina.core.ApplicationContext.log Manager: list: Listing contexts for virtual host 'localhost'
26-Sep-2016 14:14:33.310 INFO [http-apr-8090-exec-138] org.apache.catalina.core.ApplicationContext.log Manager: list: Listing contexts for virtual host 'localhost'
26-Sep-2016 14:14:33.320 INFO [http-apr-8090-exec-133] org.apache.catalina.core.ApplicationContext.log Manager: stop: Stopping web application '/PrograInter'
26-Sep-2016 14:14:33.330 INFO [http-apr-8090-exec-136] org.apache.catalina.core.ApplicationContext.log Manager: start: Starting web application '/PrograInter'
26-Sep-2016 14:14:33.908 INFO [http-apr-8090-exec-131] org.apache.catalina.core.ApplicationContext.log Manager: list: Listing contexts for virtual host 'localhost'
26-Sep-2016 14:14:33.908 INFO [http-apr-8090-exec-140] org.apache.catalina.core.ApplicationContext.log Manager: restart: Reloading web application '/PrograInter'
26-Sep-2016 14:26:29.905 INFO [http-apr-8090-exec-149] org.apache.catalina.core.ApplicationContext.log Manager: list: Listing contexts for virtual host 'localhost'
26-Sep-2016 14:26:29.905 INFO [http-apr-8090-exec-150] org.apache.catalina.core.ApplicationContext.log Manager: restart: Reloading web application '/PrograInter'
26-Sep-2016 14:30:58.548 INFO [http-apr-8090-exec-156] org.apache.catalina.core.ApplicationContext.log Manager: list: Listing contexts for virtual host 'localhost'
26-Sep-2016 14:30:58.558 INFO [http-apr-8090-exec-151] org.apache.catalina.core.ApplicationContext.log Manager: stop: Stopping web application '/PrograInter'
26-Sep-2016 14:30:58.558 INFO [http-apr-8090-exec-157] org.apache.catalina.core.ApplicationContext.log Manager: start: Starting web application '/PrograInter'
26-Sep-2016 14:30:58.658 SEVERE [http-apr-8090-exec-157] org.apache.catalina.core.ApplicationContext.log FALLO - No se pudo arrancar la aplicación en trayectoria de contexto /PrograInter
 org.apache.catalina.LifecycleException: Failed to start component [StandardEngine[Catalina].StandardHost[localhost].StandardContext[/PrograInter]]
	at org.apache.catalina.util.LifecycleBase.start(LifecycleBase.java:162)
	at org.apache.catalina.manager.ManagerServlet.start(ManagerServlet.java:1284)
	at org.apache.catalina.manager.ManagerServlet.doGet(ManagerServlet.java:357)
	at javax.servlet.http.HttpServlet.service(HttpServlet.java:622)
	at javax.servlet.http.HttpServlet.service(HttpServlet.java:729)
	at org.apache.catalina.core.ApplicationFilterChain.internalDoFilter(ApplicationFilterChain.java:292)
	at org.apache.catalina.core.ApplicationFilterChain.doFilter(ApplicationFilterChain.java:207)
	at org.apache.tomcat.websocket.server.WsFilter.doFilter(WsFilter.java:52)
	at org.apache.catalina.core.ApplicationFilterChain.internalDoFilter(ApplicationFilterChain.java:240)
	at org.apache.catalina.core.ApplicationFilterChain.doFilter(ApplicationFilterChain.java:207)
	at org.apache.catalina.filters.SetCharacterEncodingFilter.doFilter(SetCharacterEncodingFilter.java:108)
	at org.apache.catalina.core.ApplicationFilterChain.internalDoFilter(ApplicationFilterChain.java:240)
	at org.apache.catalina.core.ApplicationFilterChain.doFilter(ApplicationFilterChain.java:207)
	at org.apache.catalina.core.StandardWrapperValve.invoke(StandardWrapperValve.java:212)
	at org.apache.catalina.core.StandardContextValve.invoke(StandardContextValve.java:106)
	at org.apache.catalina.authenticator.AuthenticatorBase.invoke(AuthenticatorBase.java:614)
	at org.apache.catalina.core.StandardHostValve.invoke(StandardHostValve.java:141)
	at org.apache.catalina.valves.ErrorReportValve.invoke(ErrorReportValve.java:79)
	at org.apache.catalina.valves.AbstractAccessLogValve.invoke(AbstractAccessLogValve.java:616)
	at org.apache.catalina.core.StandardEngineValve.invoke(StandardEngineValve.java:88)
	at org.apache.catalina.connector.CoyoteAdapter.service(CoyoteAdapter.java:528)
	at org.apache.coyote.http11.AbstractHttp11Processor.process(AbstractHttp11Processor.java:1100)
	at org.apache.coyote.AbstractProtocol$AbstractConnectionHandler.process(AbstractProtocol.java:687)
	at org.apache.tomcat.util.net.AprEndpoint$SocketProcessor.doRun(AprEndpoint.java:2508)
	at org.apache.tomcat.util.net.AprEndpoint$SocketProcessor.run(AprEndpoint.java:2497)
	at java.util.concurrent.ThreadPoolExecutor.runWorker(ThreadPoolExecutor.java:1145)
	at java.util.concurrent.ThreadPoolExecutor$Worker.run(ThreadPoolExecutor.java:615)
	at org.apache.tomcat.util.threads.TaskThread$WrappingRunnable.run(TaskThread.java:61)
	at java.lang.Thread.run(Thread.java:745)
Caused by: java.lang.IllegalArgumentException: El mapeo de Servlet especifica un nombre de servlet desconocido getPokemonServlet
	at org.apache.catalina.core.StandardContext.addServletMappingDecoded(StandardContext.java:3191)
	at org.apache.catalina.core.StandardContext.addServletMappingDecoded(StandardContext.java:3182)
	at org.apache.catalina.startup.ContextConfig.configureContext(ContextConfig.java:1385)
	at org.apache.catalina.startup.ContextConfig.webConfig(ContextConfig.java:1193)
	at org.apache.catalina.startup.ContextConfig.configureStart(ContextConfig.java:783)
	at org.apache.catalina.startup.ContextConfig.lifecycleEvent(ContextConfig.java:307)
	at org.apache.catalina.util.LifecycleSupport.fireLifecycleEvent(LifecycleSupport.java:95)
	at org.apache.catalina.util.LifecycleBase.fireLifecycleEvent(LifecycleBase.java:90)
	at org.apache.catalina.core.StandardContext.startInternal(StandardContext.java:5213)
	at org.apache.catalina.util.LifecycleBase.start(LifecycleBase.java:145)
	... 28 more

26-Sep-2016 14:30:58.688 INFO [http-apr-8090-exec-156] org.apache.catalina.core.ApplicationContext.log Manager: list: Listing contexts for virtual host 'localhost'
26-Sep-2016 14:30:58.688 INFO [http-apr-8090-exec-151] org.apache.catalina.core.ApplicationContext.log Manager: list: Listing contexts for virtual host 'localhost'
26-Sep-2016 14:30:58.688 INFO [http-apr-8090-exec-154] org.apache.catalina.core.ApplicationContext.log Manager: undeploy: Undeploying web application at '/PrograInter'
26-Sep-2016 14:30:59.198 INFO [http-apr-8090-exec-152] org.apache.catalina.core.ApplicationContext.log Manager: install: Installing context configuration at 'file:/C:/Users/MBERNE~1.REM/AppData/Local/Temp/context556132829741050486.xml'
26-Sep-2016 14:30:59.318 INFO [http-apr-8090-exec-144] org.apache.catalina.core.ApplicationContext.log Manager: start: Starting web application '/PrograInter'
26-Sep-2016 14:31:01.144 INFO [http-apr-8090-exec-149] org.apache.catalina.core.ApplicationContext.log Manager: list: Listing contexts for virtual host 'localhost'
26-Sep-2016 14:32:30.792 INFO [http-apr-8090-exec-156] org.apache.catalina.core.ApplicationContext.log Manager: list: Listing contexts for virtual host 'localhost'
26-Sep-2016 14:34:06.402 INFO [http-apr-8090-exec-160] org.apache.catalina.core.ApplicationContext.log Manager: list: Listing contexts for virtual host 'localhost'
26-Sep-2016 14:34:21.091 INFO [http-apr-8090-exec-164] org.apache.catalina.core.ApplicationContext.log Manager: list: Listing contexts for virtual host 'localhost'
26-Sep-2016 14:34:31.813 INFO [http-apr-8090-exec-160] org.apache.catalina.core.ApplicationContext.log Manager: list: Listing contexts for virtual host 'localhost'
26-Sep-2016 14:35:08.414 INFO [http-apr-8090-exec-159] org.apache.catalina.core.ApplicationContext.log Manager: list: Listing contexts for virtual host 'localhost'
26-Sep-2016 14:35:18.708 INFO [http-apr-8090-exec-161] org.apache.catalina.core.ApplicationContext.log Manager: list: Listing contexts for virtual host 'localhost'
26-Sep-2016 14:35:46.352 INFO [http-apr-8090-exec-162] org.apache.catalina.core.ApplicationContext.log Manager: list: Listing contexts for virtual host 'localhost'
26-Sep-2016 14:37:29.368 INFO [http-apr-8090-exec-162] org.apache.catalina.core.ApplicationContext.log Manager: list: Listing contexts for virtual host 'localhost'
26-Sep-2016 14:37:49.545 INFO [http-apr-8090-exec-162] org.apache.catalina.core.ApplicationContext.log Manager: list: Listing contexts for virtual host 'localhost'
26-Sep-2016 14:39:18.058 INFO [http-apr-8090-exec-164] org.apache.catalina.core.ApplicationContext.log Manager: list: Listing contexts for virtual host 'localhost'
26-Sep-2016 14:40:53.752 INFO [http-apr-8090-exec-164] org.apache.catalina.core.ApplicationContext.log Manager: list: Listing contexts for virtual host 'localhost'
26-Sep-2016 14:41:08.018 INFO [http-apr-8090-exec-158] org.apache.catalina.core.ApplicationContext.log Manager: list: Listing contexts for virtual host 'localhost'
26-Sep-2016 14:41:15.299 INFO [http-apr-8090-exec-162] org.apache.catalina.core.ApplicationContext.log Manager: list: Listing contexts for virtual host 'localhost'
26-Sep-2016 14:42:24.298 INFO [http-apr-8090-exec-160] org.apache.catalina.core.ApplicationContext.log Manager: list: Listing contexts for virtual host 'localhost'
26-Sep-2016 14:42:52.235 INFO [http-apr-8090-exec-160] org.apache.catalina.core.ApplicationContext.log Manager: list: Listing contexts for virtual host 'localhost'
26-Sep-2016 14:43:45.260 INFO [http-apr-8090-exec-160] org.apache.catalina.core.ApplicationContext.log Manager: list: Listing contexts for virtual host 'localhost'
26-Sep-2016 14:44:16.865 INFO [http-apr-8090-exec-160] org.apache.catalina.core.ApplicationContext.log Manager: list: Listing contexts for virtual host 'localhost'
26-Sep-2016 14:45:51.625 INFO [http-apr-8090-exec-160] org.apache.catalina.core.ApplicationContext.log Manager: list: Listing contexts for virtual host 'localhost'
26-Sep-2016 14:49:28.831 INFO [http-apr-8090-exec-160] org.apache.catalina.core.ApplicationContext.log Manager: list: Listing contexts for virtual host 'localhost'
26-Sep-2016 14:50:08.568 INFO [http-apr-8090-exec-159] org.apache.catalina.core.ApplicationContext.log Manager: list: Listing contexts for virtual host 'localhost'
26-Sep-2016 14:50:33.322 INFO [http-apr-8090-exec-159] org.apache.catalina.core.ApplicationContext.log Manager: list: Listing contexts for virtual host 'localhost'
26-Sep-2016 14:51:27.428 INFO [http-apr-8090-exec-159] org.apache.catalina.core.ApplicationContext.log Manager: list: Listing contexts for virtual host 'localhost'
26-Sep-2016 14:53:07.079 INFO [http-apr-8090-exec-165] org.apache.catalina.core.ApplicationContext.log Manager: list: Listing contexts for virtual host 'localhost'
26-Sep-2016 15:16:28.229 INFO [http-apr-8090-exec-165] org.apache.catalina.core.ApplicationContext.log Manager: list: Listing contexts for virtual host 'localhost'
26-Sep-2016 15:19:58.331 INFO [http-apr-8090-exec-163] org.apache.catalina.core.ApplicationContext.log Manager: list: Listing contexts for virtual host 'localhost'
26-Sep-2016 15:21:54.384 INFO [http-apr-8090-exec-163] org.apache.catalina.core.ApplicationContext.log Manager: list: Listing contexts for virtual host 'localhost'
26-Sep-2016 15:22:07.621 INFO [http-apr-8090-exec-163] org.apache.catalina.core.ApplicationContext.log Manager: list: Listing contexts for virtual host 'localhost'
26-Sep-2016 15:23:01.785 INFO [http-apr-8090-exec-167] org.apache.catalina.core.ApplicationContext.log Manager: list: Listing contexts for virtual host 'localhost'
26-Sep-2016 15:24:39.709 INFO [http-apr-8090-exec-162] org.apache.catalina.core.ApplicationContext.log Manager: list: Listing contexts for virtual host 'localhost'
26-Sep-2016 15:24:47.322 INFO [http-apr-8090-exec-162] org.apache.catalina.core.ApplicationContext.log Manager: list: Listing contexts for virtual host 'localhost'
26-Sep-2016 15:26:01.063 INFO [http-apr-8090-exec-162] org.apache.catalina.core.ApplicationContext.log Manager: list: Listing contexts for virtual host 'localhost'
26-Sep-2016 15:27:06.535 INFO [http-apr-8090-exec-162] org.apache.catalina.core.ApplicationContext.log Manager: list: Listing contexts for virtual host 'localhost'
26-Sep-2016 15:27:20.080 INFO [http-apr-8090-exec-162] org.apache.catalina.core.ApplicationContext.log Manager: list: Listing contexts for virtual host 'localhost'
26-Sep-2016 15:27:44.520 INFO [http-apr-8090-exec-162] org.apache.catalina.core.ApplicationContext.log Manager: list: Listing contexts for virtual host 'localhost'
26-Sep-2016 15:27:54.871 INFO [http-apr-8090-exec-166] org.apache.catalina.core.ApplicationContext.log Manager: list: Listing contexts for virtual host 'localhost'
26-Sep-2016 15:29:41.501 INFO [http-apr-8090-exec-160] org.apache.catalina.core.ApplicationContext.log Manager: list: Listing contexts for virtual host 'localhost'
26-Sep-2016 15:29:50.134 INFO [http-apr-8090-exec-160] org.apache.catalina.core.ApplicationContext.log Manager: list: Listing contexts for virtual host 'localhost'
26-Sep-2016 15:30:22.745 INFO [http-apr-8090-exec-167] org.apache.catalina.core.ApplicationContext.log Manager: list: Listing contexts for virtual host 'localhost'
26-Sep-2016 15:30:42.063 INFO [http-apr-8090-exec-165] org.apache.catalina.core.ApplicationContext.log Manager: list: Listing contexts for virtual host 'localhost'
26-Sep-2016 15:31:22.678 INFO [http-apr-8090-exec-165] org.apache.catalina.core.ApplicationContext.log Manager: list: Listing contexts for virtual host 'localhost'
26-Sep-2016 15:32:30.917 INFO [http-apr-8090-exec-165] org.apache.catalina.core.ApplicationContext.log Manager: list: Listing contexts for virtual host 'localhost'
26-Sep-2016 15:34:43.303 INFO [http-apr-8090-exec-165] org.apache.catalina.core.ApplicationContext.log Manager: list: Listing contexts for virtual host 'localhost'
26-Sep-2016 15:34:47.210 INFO [http-apr-8090-exec-158] org.apache.catalina.core.ApplicationContext.log Manager: list: Listing contexts for virtual host 'localhost'
26-Sep-2016 15:35:38.549 INFO [http-apr-8090-exec-158] org.apache.catalina.core.ApplicationContext.log Manager: list: Listing contexts for virtual host 'localhost'
26-Sep-2016 15:35:44.098 INFO [http-apr-8090-exec-167] org.apache.catalina.core.ApplicationContext.log Manager: list: Listing contexts for virtual host 'localhost'
26-Sep-2016 15:36:39.397 INFO [http-apr-8090-exec-167] org.apache.catalina.core.ApplicationContext.log Manager: list: Listing contexts for virtual host 'localhost'
26-Sep-2016 15:37:15.171 INFO [http-apr-8090-exec-167] org.apache.catalina.core.ApplicationContext.log Manager: list: Listing contexts for virtual host 'localhost'
26-Sep-2016 15:37:53.549 INFO [http-apr-8090-exec-167] org.apache.catalina.core.ApplicationContext.log Manager: list: Listing contexts for virtual host 'localhost'
26-Sep-2016 15:38:02.504 INFO [http-apr-8090-exec-167] org.apache.catalina.core.ApplicationContext.log Manager: list: Listing contexts for virtual host 'localhost'
26-Sep-2016 15:38:14.595 INFO [http-apr-8090-exec-161] org.apache.catalina.core.ApplicationContext.log Manager: list: Listing contexts for virtual host 'localhost'
26-Sep-2016 15:38:34.690 INFO [http-apr-8090-exec-158] org.apache.catalina.core.ApplicationContext.log Manager: list: Listing contexts for virtual host 'localhost'
26-Sep-2016 15:38:56.431 INFO [http-apr-8090-exec-161] org.apache.catalina.core.ApplicationContext.log Manager: list: Listing contexts for virtual host 'localhost'
26-Sep-2016 15:40:30.574 INFO [http-apr-8090-exec-161] org.apache.catalina.core.ApplicationContext.log Manager: list: Listing contexts for virtual host 'localhost'
26-Sep-2016 15:40:39.555 INFO [http-apr-8090-exec-161] org.apache.catalina.core.ApplicationContext.log Manager: list: Listing contexts for virtual host 'localhost'
26-Sep-2016 15:40:52.390 INFO [http-apr-8090-exec-158] org.apache.catalina.core.ApplicationContext.log Manager: list: Listing contexts for virtual host 'localhost'
26-Sep-2016 15:41:41.012 INFO [http-apr-8090-exec-161] org.apache.catalina.core.ApplicationContext.log Manager: list: Listing contexts for virtual host 'localhost'
26-Sep-2016 15:42:34.861 INFO [http-apr-8090-exec-161] org.apache.catalina.core.ApplicationContext.log Manager: list: Listing contexts for virtual host 'localhost'
26-Sep-2016 15:43:26.635 INFO [http-apr-8090-exec-161] org.apache.catalina.core.ApplicationContext.log Manager: list: Listing contexts for virtual host 'localhost'
26-Sep-2016 15:43:45.452 INFO [http-apr-8090-exec-161] org.apache.catalina.core.ApplicationContext.log Manager: list: Listing contexts for virtual host 'localhost'
26-Sep-2016 15:44:06.212 INFO [http-apr-8090-exec-164] org.apache.catalina.core.ApplicationContext.log Manager: list: Listing contexts for virtual host 'localhost'
26-Sep-2016 15:44:14.143 INFO [http-apr-8090-exec-165] org.apache.catalina.core.ApplicationContext.log Manager: list: Listing contexts for virtual host 'localhost'
26-Sep-2016 15:44:22.006 INFO [http-apr-8090-exec-159] org.apache.catalina.core.ApplicationContext.log Manager: list: Listing contexts for virtual host 'localhost'
26-Sep-2016 15:44:27.652 INFO [http-apr-8090-exec-165] org.apache.catalina.core.ApplicationContext.log Manager: list: Listing contexts for virtual host 'localhost'
26-Sep-2016 15:45:05.089 INFO [http-apr-8090-exec-159] org.apache.catalina.core.ApplicationContext.log Manager: list: Listing contexts for virtual host 'localhost'
26-Sep-2016 15:45:11.664 INFO [http-apr-8090-exec-159] org.apache.catalina.core.ApplicationContext.log Manager: list: Listing contexts for virtual host 'localhost'
26-Sep-2016 15:45:23.838 INFO [http-apr-8090-exec-159] org.apache.catalina.core.ApplicationContext.log Manager: list: Listing contexts for virtual host 'localhost'
26-Sep-2016 15:46:00.710 INFO [http-apr-8090-exec-167] org.apache.catalina.core.ApplicationContext.log Manager: list: Listing contexts for virtual host 'localhost'
26-Sep-2016 15:49:03.473 INFO [http-apr-8090-exec-167] org.apache.catalina.core.ApplicationContext.log Manager: list: Listing contexts for virtual host 'localhost'
26-Sep-2016 15:52:25.550 INFO [http-apr-8090-exec-167] org.apache.catalina.core.ApplicationContext.log Manager: list: Listing contexts for virtual host 'localhost'
