07-Sep-2016 10:42:08.955 INFO [http-apr-8090-exec-6] org.apache.catalina.core.ApplicationContext.log Manager: init: Associated with Deployer 'Catalina:type=Deployer,host=localhost'
07-Sep-2016 10:42:08.955 INFO [http-apr-8090-exec-6] org.apache.catalina.core.ApplicationContext.log Manager: init: Global resources are available
07-Sep-2016 10:42:08.955 INFO [http-apr-8090-exec-6] org.apache.catalina.core.ApplicationContext.log Manager: list: Listing contexts for virtual host 'localhost'
07-Sep-2016 10:42:08.970 INFO [http-apr-8090-exec-7] org.apache.catalina.core.ApplicationContext.log Manager: list: Listing contexts for virtual host 'localhost'
07-Sep-2016 10:42:08.986 INFO [http-apr-8090-exec-8] org.apache.catalina.core.ApplicationContext.log Manager: install: Installing context configuration at 'file:/C:/Users/MBERNE~1.REM/AppData/Local/Temp/context3992585907595762016.xml'
07-Sep-2016 10:42:09.035 INFO [http-apr-8090-exec-9] org.apache.catalina.core.ApplicationContext.log Manager: start: Starting web application '/Clase05'
07-Sep-2016 10:45:24.650 INFO [http-apr-8090-exec-1] org.apache.catalina.core.ApplicationContext.log Manager: list: Listing contexts for virtual host 'localhost'
07-Sep-2016 10:46:01.553 INFO [http-apr-8090-exec-1] org.apache.catalina.core.ApplicationContext.log Manager: list: Listing contexts for virtual host 'localhost'
07-Sep-2016 10:47:38.007 INFO [http-apr-8090-exec-8] org.apache.catalina.core.ApplicationContext.log Manager: list: Listing contexts for virtual host 'localhost'
07-Sep-2016 10:48:39.677 INFO [http-apr-8090-exec-2] org.apache.catalina.core.ApplicationContext.log Manager: list: Listing contexts for virtual host 'localhost'
07-Sep-2016 10:49:17.890 INFO [http-apr-8090-exec-6] org.apache.catalina.core.ApplicationContext.log Manager: list: Listing contexts for virtual host 'localhost'
07-Sep-2016 10:49:58.994 INFO [http-apr-8090-exec-3] org.apache.catalina.core.ApplicationContext.log Manager: list: Listing contexts for virtual host 'localhost'
07-Sep-2016 10:50:02.231 INFO [http-apr-8090-exec-1] org.apache.catalina.core.ApplicationContext.log Manager: list: Listing contexts for virtual host 'localhost'
07-Sep-2016 10:52:03.160 INFO [http-apr-8090-exec-6] org.apache.catalina.core.ApplicationContext.log Manager: list: Listing contexts for virtual host 'localhost'
07-Sep-2016 10:52:56.409 INFO [http-apr-8090-exec-6] org.apache.catalina.core.ApplicationContext.log Manager: list: Listing contexts for virtual host 'localhost'
07-Sep-2016 10:53:18.514 INFO [http-apr-8090-exec-6] org.apache.catalina.core.ApplicationContext.log Manager: list: Listing contexts for virtual host 'localhost'
07-Sep-2016 10:53:47.607 INFO [http-apr-8090-exec-6] org.apache.catalina.core.ApplicationContext.log Manager: list: Listing contexts for virtual host 'localhost'
07-Sep-2016 10:54:35.756 INFO [http-apr-8090-exec-3] org.apache.catalina.core.ApplicationContext.log Manager: list: Listing contexts for virtual host 'localhost'
07-Sep-2016 10:55:10.584 INFO [http-apr-8090-exec-5] org.apache.catalina.core.ApplicationContext.log Manager: list: Listing contexts for virtual host 'localhost'
07-Sep-2016 10:55:33.550 INFO [http-apr-8090-exec-6] org.apache.catalina.core.ApplicationContext.log Manager: list: Listing contexts for virtual host 'localhost'
07-Sep-2016 10:56:39.185 INFO [http-apr-8090-exec-1] org.apache.catalina.core.ApplicationContext.log Manager: list: Listing contexts for virtual host 'localhost'
07-Sep-2016 10:56:55.146 INFO [http-apr-8090-exec-10] org.apache.catalina.core.ApplicationContext.log Manager: list: Listing contexts for virtual host 'localhost'
07-Sep-2016 10:58:27.312 INFO [http-apr-8090-exec-4] org.apache.catalina.core.ApplicationContext.log Manager: list: Listing contexts for virtual host 'localhost'
