30-Sep-2016 11:30:58.865 INFO [http-apr-8090-exec-9] org.apache.catalina.core.ApplicationContext.log Manager: init: Associated with Deployer 'Catalina:type=Deployer,host=localhost'
30-Sep-2016 11:30:58.865 INFO [http-apr-8090-exec-9] org.apache.catalina.core.ApplicationContext.log Manager: init: Global resources are available
30-Sep-2016 11:30:58.866 INFO [http-apr-8090-exec-9] org.apache.catalina.core.ApplicationContext.log Manager: list: Listing contexts for virtual host 'localhost'
30-Sep-2016 11:30:58.922 INFO [http-apr-8090-exec-10] org.apache.catalina.core.ApplicationContext.log Manager: list: Listing contexts for virtual host 'localhost'
30-Sep-2016 11:30:58.955 INFO [http-apr-8090-exec-1] org.apache.catalina.core.ApplicationContext.log Manager: install: Installing context configuration at 'file:/C:/Users/MBERNE~1.REM/AppData/Local/Temp/context9052945455103102962.xml'
30-Sep-2016 11:31:00.474 INFO [http-apr-8090-exec-2] org.apache.catalina.core.ApplicationContext.log Manager: start: Starting web application '/WebApplicationClase17'
30-Sep-2016 11:37:29.792 INFO [http-apr-8090-exec-6] org.apache.catalina.core.ApplicationContext.log Manager: list: Listing contexts for virtual host 'localhost'
30-Sep-2016 11:37:29.798 INFO [http-apr-8090-exec-7] org.apache.catalina.core.ApplicationContext.log Manager: restart: Reloading web application '/WebApplicationClase17'
30-Sep-2016 11:37:43.678 INFO [http-apr-8090-exec-3] org.apache.catalina.core.ApplicationContext.log Manager: list: Listing contexts for virtual host 'localhost'
30-Sep-2016 11:37:43.680 INFO [http-apr-8090-exec-13] org.apache.catalina.core.ApplicationContext.log Manager: list: Listing contexts for virtual host 'localhost'
30-Sep-2016 11:37:43.695 INFO [http-apr-8090-exec-9] org.apache.catalina.core.ApplicationContext.log Manager: restart: Reloading web application '/WebApplicationClase17'
30-Sep-2016 11:38:09.237 INFO [http-apr-8090-exec-16] org.apache.catalina.core.ApplicationContext.log Manager: list: Listing contexts for virtual host 'localhost'
30-Sep-2016 11:38:09.239 INFO [http-apr-8090-exec-17] org.apache.catalina.core.ApplicationContext.log Manager: list: Listing contexts for virtual host 'localhost'
30-Sep-2016 11:38:28.608 INFO [http-apr-8090-exec-4] org.apache.catalina.core.ApplicationContext.log Manager: init: Associated with Deployer 'Catalina:type=Deployer,host=localhost'
30-Sep-2016 11:38:28.608 INFO [http-apr-8090-exec-4] org.apache.catalina.core.ApplicationContext.log Manager: init: Global resources are available
30-Sep-2016 11:38:28.608 INFO [http-apr-8090-exec-4] org.apache.catalina.core.ApplicationContext.log Manager: list: Listing contexts for virtual host 'localhost'
30-Sep-2016 11:38:28.614 INFO [http-apr-8090-exec-5] org.apache.catalina.core.ApplicationContext.log Manager: list: Listing contexts for virtual host 'localhost'
30-Sep-2016 11:38:28.647 INFO [http-apr-8090-exec-6] org.apache.catalina.core.ApplicationContext.log Manager: undeploy: Undeploying web application at '/WebApplicationClase17'
30-Sep-2016 11:38:29.162 INFO [http-apr-8090-exec-5] org.apache.catalina.core.ApplicationContext.log Manager: install: Installing context configuration at 'file:/C:/Users/MBERNE~1.REM/AppData/Local/Temp/context857028809478466992.xml'
30-Sep-2016 11:38:30.278 INFO [http-apr-8090-exec-10] org.apache.catalina.core.ApplicationContext.log Manager: start: Starting web application '/WebApplicationClase17'
30-Sep-2016 11:38:50.961 INFO [http-apr-8090-exec-7] org.apache.catalina.core.ApplicationContext.log Manager: list: Listing contexts for virtual host 'localhost'
30-Sep-2016 11:38:50.967 INFO [http-apr-8090-exec-1] org.apache.catalina.core.ApplicationContext.log Manager: undeploy: Undeploying web application at '/WebApplicationClase17'
30-Sep-2016 11:44:34.240 INFO [http-apr-8090-exec-22] org.apache.catalina.core.ApplicationContext.log Manager: list: Listing contexts for virtual host 'localhost'
30-Sep-2016 11:44:34.277 INFO [http-apr-8090-exec-23] org.apache.catalina.core.ApplicationContext.log Manager: stop: Stopping web application '/WebApplicationClase17'
30-Sep-2016 11:44:34.318 INFO [http-apr-8090-exec-20] org.apache.catalina.core.ApplicationContext.log Manager: start: Starting web application '/WebApplicationClase17'
